#
# There is insufficient memory for the Java Runtime Environment to continue.
# Native memory allocation (mmap) failed to map 230686720 bytes for G1 virtual space
# Possible reasons:
#   The system is out of physical RAM or swap space
#   The process is running with CompressedOops enabled, and the Java Heap may be blocking the growth of the native heap
# Possible solutions:
#   Reduce memory load on the system
#   Increase physical memory or swap space
#   Check if swap backing store is full
#   Decrease Java heap size (-Xmx/-Xms)
#   Decrease number of Java threads
#   Decrease Java thread stack sizes (-Xss)
#   Set larger code cache with -XX:ReservedCodeCacheSize=
#   JVM is running with Unscaled Compressed Oops mode in which the Java heap is
#     placed in the first 4GB address space. The Java Heap base address is the
#     maximum limit for the native heap growth. Please use -XX:HeapBaseMinAddress
#     to set the Java Heap base and to place the Java Heap above 4GB virtual address.
# This output file may be truncated or incomplete.
#
#  Out of Memory Error (os_windows.cpp:3548), pid=9352, tid=4348
#
# JRE version: OpenJDK Runtime Environment Temurin-17.0.5+8 (17.0.5+8) (build 17.0.5+8)
# Java VM: OpenJDK 64-Bit Server VM Temurin-17.0.5+8 (17.0.5+8, mixed mode, emulated-client, tiered, compressed oops, compressed class ptrs, g1 gc, windows-amd64)
# No core dump will be written. Minidumps are not enabled by default on client versions of Windows
#

---------------  S U M M A R Y ------------

Command Line: -Dsts.lsp.client=vscode -Dsts.log.file=/dev/null -XX:TieredStopAtLevel=1 -Xlog:jni+resolve=off -Dspring.config.location=file:c:\Users\Wladi\.vscode\extensions\pivotal.vscode-spring-boot-1.42.0\language-server\BOOT-INF\classes\application.properties org.springframework.ide.vscode.boot.app.BootLanguageServerBootApp

Host: AMD Athlon 3000G with Radeon Vega Graphics     , 4 cores, 5G,  Windows 10 , 64 bit Build 19041 (10.0.19041.2364)
Time: Sun Jan  8 07:58:59 2023 Hora oficial do Brasil elapsed time: 17.136655 seconds (0d 0h 0m 17s)

---------------  T H R E A D  ---------------

Current thread (0x0000026ae0a7ca90):  VMThread "VM Thread" [stack: 0x000000c25d600000,0x000000c25d700000] [id=4348]

Stack: [0x000000c25d600000,0x000000c25d700000]
Native frames: (J=compiled Java code, j=interpreted, Vv=VM code, C=native code)
V  [jvm.dll+0x676b3a]
V  [jvm.dll+0x831444]
V  [jvm.dll+0x832bee]
V  [jvm.dll+0x833253]
V  [jvm.dll+0x244ce5]
V  [jvm.dll+0x673a49]
V  [jvm.dll+0x66811a]
V  [jvm.dll+0x303ceb]
V  [jvm.dll+0x30b1e6]
V  [jvm.dll+0x35adbe]
V  [jvm.dll+0x35afef]
V  [jvm.dll+0x2dab88]
V  [jvm.dll+0x2d8e3c]
V  [jvm.dll+0x2d840c]
V  [jvm.dll+0x31c31b]
V  [jvm.dll+0x8376fb]
V  [jvm.dll+0x838434]
V  [jvm.dll+0x83894c]
V  [jvm.dll+0x838d24]
V  [jvm.dll+0x838df0]
V  [jvm.dll+0x7e17ea]
V  [jvm.dll+0x6759e5]
C  [ucrtbase.dll+0x21bb2]
C  [KERNEL32.DLL+0x17614]
C  [ntdll.dll+0x526a1]

VM_Operation (0x000000c25fdfc130): G1CollectForAllocation, mode: safepoint, requested by thread 0x0000026ae533f2e0


---------------  P R O C E S S  ---------------

Threads class SMR info:
_java_thread_list=0x0000026ae521acd0, length=36, elements={
0x0000026ae0a92b40, 0x0000026ae0a939b0, 0x0000026ae0ac4810, 0x0000026ae0ac73a0,
0x0000026ae0ac8d60, 0x0000026ae0ac9710, 0x0000026ae0acb090, 0x0000026ae15220a0,
0x0000026ae1654080, 0x0000026ae165f3e0, 0x0000026ae27e9da0, 0x0000026ae2539130,
0x0000026ae15f5250, 0x0000026ad52aca40, 0x0000026ae2b26020, 0x0000026ae1e17bd0,
0x0000026ae2b8b860, 0x0000026ae2b9d010, 0x0000026ae2b9d4e0, 0x0000026ae2bd66f0,
0x0000026ae2bd4ee0, 0x0000026ae2bd7090, 0x0000026ae2bd5880, 0x0000026ae2bd7560,
0x0000026ae2bd5d50, 0x0000026ae2bd7a30, 0x0000026ae2bd6220, 0x0000026ae2bd6bc0,
0x0000026ae2bd53b0, 0x0000026ae2bd4070, 0x0000026ae2bd4540, 0x0000026ae2bd4a10,
0x0000026ae5343170, 0x0000026ae533f7b0, 0x0000026ae533f2e0, 0x0000026ae5341960
}

Java Threads: ( => current thread )
  0x0000026ae0a92b40 JavaThread "Reference Handler" daemon [_thread_blocked, id=15776, stack(0x000000c25d700000,0x000000c25d800000)]
  0x0000026ae0a939b0 JavaThread "Finalizer" daemon [_thread_blocked, id=10280, stack(0x000000c25d800000,0x000000c25d900000)]
  0x0000026ae0ac4810 JavaThread "Signal Dispatcher" daemon [_thread_blocked, id=8932, stack(0x000000c25d900000,0x000000c25da00000)]
  0x0000026ae0ac73a0 JavaThread "Attach Listener" daemon [_thread_blocked, id=13148, stack(0x000000c25da00000,0x000000c25db00000)]
  0x0000026ae0ac8d60 JavaThread "Service Thread" daemon [_thread_blocked, id=11388, stack(0x000000c25db00000,0x000000c25dc00000)]
  0x0000026ae0ac9710 JavaThread "Monitor Deflation Thread" daemon [_thread_blocked, id=1900, stack(0x000000c25dc00000,0x000000c25dd00000)]
  0x0000026ae0acb090 JavaThread "C1 CompilerThread0" daemon [_thread_blocked, id=11152, stack(0x000000c25dd00000,0x000000c25de00000)]
  0x0000026ae15220a0 JavaThread "Sweeper thread" daemon [_thread_blocked, id=14864, stack(0x000000c25de00000,0x000000c25df00000)]
  0x0000026ae1654080 JavaThread "Notification Thread" daemon [_thread_blocked, id=10688, stack(0x000000c25df00000,0x000000c25e000000)]
  0x0000026ae165f3e0 JavaThread "Common-Cleaner" daemon [_thread_blocked, id=4476, stack(0x000000c25e100000,0x000000c25e200000)]
  0x0000026ae27e9da0 JavaThread "boundedElastic-evictor-1" daemon [_thread_blocked, id=11280, stack(0x000000c25e500000,0x000000c25e600000)]
  0x0000026ae2539130 JavaThread "pool-11-thread-1" [_thread_blocked, id=9996, stack(0x000000c25e600000,0x000000c25e700000)]
  0x0000026ae15f5250 JavaThread "LanguageServerApp-lifecycle" [_thread_blocked, id=820, stack(0x000000c25e700000,0x000000c25e800000)]
  0x0000026ad52aca40 JavaThread "DestroyJavaVM" [_thread_blocked, id=14948, stack(0x000000c25d000000,0x000000c25d100000)]
  0x0000026ae2b26020 JavaThread "pool-12-thread-1" [_thread_blocked, id=15456, stack(0x000000c25e800000,0x000000c25e900000)]
  0x0000026ae1e17bd0 JavaThread "Simple-Language-Server main thread" daemon [_thread_blocked, id=16232, stack(0x000000c25e900000,0x000000c25ea00000)]
  0x0000026ae2b8b860 JavaThread "parallel-1" daemon [_thread_blocked, id=14512, stack(0x000000c25ea00000,0x000000c25eb00000)]
  0x0000026ae2b9d010 JavaThread "pool-8-thread-1" [_thread_blocked, id=3728, stack(0x000000c25eb00000,0x000000c25ec00000)]
  0x0000026ae2b9d4e0 JavaThread "parallel-2" daemon [_thread_blocked, id=10616, stack(0x000000c25ec00000,0x000000c25ed00000)]
  0x0000026ae2bd66f0 JavaThread "parallel-3" daemon [_thread_blocked, id=9260, stack(0x000000c25ed00000,0x000000c25ee00000)]
  0x0000026ae2bd4ee0 JavaThread "parallel-4" daemon [_thread_blocked, id=13200, stack(0x000000c25ee00000,0x000000c25ef00000)]
  0x0000026ae2bd7090 JavaThread "ForkJoinPool.commonPool-worker-1" daemon [_thread_blocked, id=14080, stack(0x000000c25ef00000,0x000000c25f000000)]
  0x0000026ae2bd5880 JavaThread "Reconciler-1" daemon [_thread_blocked, id=10936, stack(0x000000c25f000000,0x000000c25f100000)]
  0x0000026ae2bd7560 JavaThread "ClassGraph-worker-0" daemon [_thread_blocked, id=8688, stack(0x000000c25f100000,0x000000c25f200000)]
  0x0000026ae2bd5d50 JavaThread "ClassGraph-worker-1" daemon [_thread_blocked, id=11472, stack(0x000000c25f200000,0x000000c25f300000)]
  0x0000026ae2bd7a30 JavaThread "ClassGraph-worker-2" daemon [_thread_blocked, id=6192, stack(0x000000c25f300000,0x000000c25f400000)]
  0x0000026ae2bd6220 JavaThread "ClassGraph-worker-3" daemon [_thread_blocked, id=6480, stack(0x000000c25f400000,0x000000c25f500000)]
  0x0000026ae2bd6bc0 JavaThread "ClassGraph-worker-4" daemon [_thread_blocked, id=15028, stack(0x000000c25f500000,0x000000c25f600000)]
  0x0000026ae2bd53b0 JavaThread "ClassGraph-worker-5" daemon [_thread_blocked, id=11928, stack(0x000000c25f600000,0x000000c25f700000)]
  0x0000026ae2bd4070 JavaThread "ClassGraph-worker-6" daemon [_thread_blocked, id=12808, stack(0x000000c25f700000,0x000000c25f800000)]
  0x0000026ae2bd4540 JavaThread "ClassGraph-worker-7" daemon [_thread_blocked, id=2832, stack(0x000000c25f800000,0x000000c25f900000)]
  0x0000026ae2bd4a10 JavaThread "pool-6-thread-1" [_thread_blocked, id=15752, stack(0x000000c25fa00000,0x000000c25fb00000)]
  0x0000026ae5343170 JavaThread "pool-10-thread-1" [_thread_blocked, id=13604, stack(0x000000c25fb00000,0x000000c25fc00000)]
  0x0000026ae533f7b0 JavaThread "ForkJoinPool.commonPool-worker-2" daemon [_thread_blocked, id=12584, stack(0x000000c25fc00000,0x000000c25fd00000)]
  0x0000026ae533f2e0 JavaThread "Project-Reconciler-1" daemon [_thread_blocked, id=5968, stack(0x000000c25fd00000,0x000000c25fe00000)]
  0x0000026ae5341960 JavaThread "pool-10-thread-2" [_thread_blocked, id=6984, stack(0x000000c25fe00000,0x000000c25ff00000)]

Other Threads:
=>0x0000026ae0a7ca90 VMThread "VM Thread" [stack: 0x000000c25d600000,0x000000c25d700000] [id=4348]
  0x0000026ae1658960 WatcherThread [stack: 0x000000c25e000000,0x000000c25e100000] [id=12888]
  0x0000026ad52f9ed0 GCTaskThread "GC Thread#0" [stack: 0x000000c25d100000,0x000000c25d200000] [id=776]
  0x0000026ae1de2ff0 GCTaskThread "GC Thread#1" [stack: 0x000000c25e200000,0x000000c25e300000] [id=12560]
  0x0000026ae202e2e0 GCTaskThread "GC Thread#2" [stack: 0x000000c25e300000,0x000000c25e400000] [id=3648]
  0x0000026ae210bae0 GCTaskThread "GC Thread#3" [stack: 0x000000c25e400000,0x000000c25e500000] [id=11416]
  0x0000026ad5306c10 ConcurrentGCThread "G1 Main Marker" [stack: 0x000000c25d200000,0x000000c25d300000] [id=3364]
  0x0000026ad5307620 ConcurrentGCThread "G1 Conc#0" [stack: 0x000000c25d300000,0x000000c25d400000] [id=12568]
  0x0000026ad5367680 ConcurrentGCThread "G1 Refine#0" [stack: 0x000000c25d400000,0x000000c25d500000] [id=8612]
  0x0000026ae51a0e30 ConcurrentGCThread "G1 Refine#1" [stack: 0x000000c25f900000,0x000000c25fa00000] [id=6436]
  0x0000026ae55004a0 ConcurrentGCThread "G1 Refine#2" [stack: 0x000000c25ff00000,0x000000c260000000] [id=9644]
  0x0000026ad53680a0 ConcurrentGCThread "G1 Service" [stack: 0x000000c25d500000,0x000000c25d600000] [id=15640]

Threads with active compile tasks:

VM state: at safepoint (normal execution)

VM Mutex/Monitor currently owned by a thread:  ([mutex/lock_event])
[0x0000026ad31494d0] Threads_lock - owner thread: 0x0000026ae0a7ca90
[0x0000026ad52aaf10] Heap_lock - owner thread: 0x0000026ae533f2e0

Heap address: 0x00000000a1000000, size: 1520 MB, Compressed Oops mode: 32-bit

CDS archive(s) not mapped
Compressed class space mapped at: 0x0000000100000000-0x0000000140000000, reserved size: 1073741824
Narrow klass base: 0x0000000000000000, Narrow klass shift: 3, Narrow klass range: 0x140000000

GC Precious Log:
 CPUs: 4 total, 4 available
 Memory: 6075M
 Large Page Support: Disabled
 NUMA Support: Disabled
 Compressed Oops: Enabled (32-bit)
 Heap Region Size: 1M
 Heap Min Capacity: 8M
 Heap Initial Capacity: 96M
 Heap Max Capacity: 1520M
 Pre-touch: Disabled
 Parallel Workers: 4
 Concurrent Workers: 1
 Concurrent Refinement Workers: 4
 Periodic GC: Disabled

Heap:
 garbage-first heap   total 208896K, used 80208K [0x00000000a1000000, 0x0000000100000000)
  region size 1024K, 6 young (6144K), 6 survivors (6144K)
 Metaspace       used 45989K, committed 46400K, reserved 1089536K
  class space    used 5747K, committed 5952K, reserved 1048576K

Heap Regions: E=young(eden), S=young(survivor), O=old, HS=humongous(starts), HC=humongous(continues), CS=collection set, F=free, OA=open archive, CA=closed archive, TAMS=top-at-mark-start (previous, next)
|   0|0x00000000a1000000, 0x00000000a1100000, 0x00000000a1100000|100%| O|  |TAMS 0x00000000a1100000, 0x00000000a1000000| Untracked 
|   1|0x00000000a1100000, 0x00000000a1200000, 0x00000000a1200000|100%| O|  |TAMS 0x00000000a1200000, 0x00000000a1100000| Untracked 
|   2|0x00000000a1200000, 0x00000000a1300000, 0x00000000a1300000|100%| O|  |TAMS 0x00000000a1300000, 0x00000000a1200000| Untracked 
|   3|0x00000000a1300000, 0x00000000a1400000, 0x00000000a1400000|100%| O|  |TAMS 0x00000000a1400000, 0x00000000a1300000| Untracked 
|   4|0x00000000a1400000, 0x00000000a1500000, 0x00000000a1500000|100%| O|  |TAMS 0x00000000a1500000, 0x00000000a1400000| Untracked 
|   5|0x00000000a1500000, 0x00000000a1600000, 0x00000000a1600000|100%| O|  |TAMS 0x00000000a1600000, 0x00000000a1500000| Untracked 
|   6|0x00000000a1600000, 0x00000000a1700000, 0x00000000a1700000|100%| O|  |TAMS 0x00000000a1700000, 0x00000000a1600000| Untracked 
|   7|0x00000000a1700000, 0x00000000a17d4200, 0x00000000a1800000| 82%| O|  |TAMS 0x00000000a1700000, 0x00000000a1700000| Untracked 
|   8|0x00000000a1800000, 0x00000000a1900000, 0x00000000a1900000|100%| O|  |TAMS 0x00000000a1900000, 0x00000000a1800000| Untracked 
|   9|0x00000000a1900000, 0x00000000a1a00000, 0x00000000a1a00000|100%| O|  |TAMS 0x00000000a1a00000, 0x00000000a1900000| Untracked 
|  10|0x00000000a1a00000, 0x00000000a1b00000, 0x00000000a1b00000|100%| O|  |TAMS 0x00000000a1b00000, 0x00000000a1a00000| Untracked 
|  11|0x00000000a1b00000, 0x00000000a1c00000, 0x00000000a1c00000|100%| O|  |TAMS 0x00000000a1c00000, 0x00000000a1b00000| Untracked 
|  12|0x00000000a1c00000, 0x00000000a1d00000, 0x00000000a1d00000|100%| O|  |TAMS 0x00000000a1d00000, 0x00000000a1c00000| Untracked 
|  13|0x00000000a1d00000, 0x00000000a1e00000, 0x00000000a1e00000|100%| O|  |TAMS 0x00000000a1e00000, 0x00000000a1d00000| Untracked 
|  14|0x00000000a1e00000, 0x00000000a1f00000, 0x00000000a1f00000|100%| O|  |TAMS 0x00000000a1f00000, 0x00000000a1e00000| Untracked 
|  15|0x00000000a1f00000, 0x00000000a2000000, 0x00000000a2000000|100%| O|  |TAMS 0x00000000a2000000, 0x00000000a1f00000| Untracked 
|  16|0x00000000a2000000, 0x00000000a2100000, 0x00000000a2100000|100%| O|  |TAMS 0x00000000a2100000, 0x00000000a2000000| Untracked 
|  17|0x00000000a2100000, 0x00000000a2200000, 0x00000000a2200000|100%| O|  |TAMS 0x00000000a2200000, 0x00000000a2100000| Untracked 
|  18|0x00000000a2200000, 0x00000000a2300000, 0x00000000a2300000|100%| O|  |TAMS 0x00000000a2300000, 0x00000000a2200000| Untracked 
|  19|0x00000000a2300000, 0x00000000a2400000, 0x00000000a2400000|100%| O|  |TAMS 0x00000000a2400000, 0x00000000a2300000| Untracked 
|  20|0x00000000a2400000, 0x00000000a2500000, 0x00000000a2500000|100%| O|  |TAMS 0x00000000a2500000, 0x00000000a2400000| Untracked 
|  21|0x00000000a2500000, 0x00000000a2600000, 0x00000000a2600000|100%| O|  |TAMS 0x00000000a2600000, 0x00000000a2500000| Untracked 
|  22|0x00000000a2600000, 0x00000000a2700000, 0x00000000a2700000|100%| O|  |TAMS 0x00000000a2700000, 0x00000000a2600000| Untracked 
|  23|0x00000000a2700000, 0x00000000a2700000, 0x00000000a2800000|  0%| F|  |TAMS 0x00000000a2700000, 0x00000000a2700000| Untracked 
|  24|0x00000000a2800000, 0x00000000a2900000, 0x00000000a2900000|100%| O|  |TAMS 0x00000000a2900000, 0x00000000a2800000| Untracked 
|  25|0x00000000a2900000, 0x00000000a2a00000, 0x00000000a2a00000|100%| O|  |TAMS 0x00000000a2a00000, 0x00000000a2900000| Untracked 
|  26|0x00000000a2a00000, 0x00000000a2b00000, 0x00000000a2b00000|100%| O|  |TAMS 0x00000000a2b00000, 0x00000000a2a00000| Untracked 
|  27|0x00000000a2b00000, 0x00000000a2c00000, 0x00000000a2c00000|100%| O|  |TAMS 0x00000000a2c00000, 0x00000000a2b00000| Untracked 
|  28|0x00000000a2c00000, 0x00000000a2d00000, 0x00000000a2d00000|100%| O|  |TAMS 0x00000000a2d00000, 0x00000000a2c00000| Untracked 
|  29|0x00000000a2d00000, 0x00000000a2e00000, 0x00000000a2e00000|100%| O|  |TAMS 0x00000000a2e00000, 0x00000000a2d00000| Untracked 
|  30|0x00000000a2e00000, 0x00000000a2f00000, 0x00000000a2f00000|100%| O|  |TAMS 0x00000000a2f00000, 0x00000000a2e00000| Untracked 
|  31|0x00000000a2f00000, 0x00000000a3000000, 0x00000000a3000000|100%| O|  |TAMS 0x00000000a3000000, 0x00000000a2f00000| Untracked 
|  32|0x00000000a3000000, 0x00000000a3100000, 0x00000000a3100000|100%| O|  |TAMS 0x00000000a3100000, 0x00000000a3000000| Untracked 
|  33|0x00000000a3100000, 0x00000000a3200000, 0x00000000a3200000|100%| O|  |TAMS 0x00000000a3200000, 0x00000000a3100000| Untracked 
|  34|0x00000000a3200000, 0x00000000a3300000, 0x00000000a3300000|100%| O|  |TAMS 0x00000000a3300000, 0x00000000a3200000| Untracked 
|  35|0x00000000a3300000, 0x00000000a3400000, 0x00000000a3400000|100%| O|  |TAMS 0x00000000a3400000, 0x00000000a3300000| Untracked 
|  36|0x00000000a3400000, 0x00000000a3500000, 0x00000000a3500000|100%| O|  |TAMS 0x00000000a3500000, 0x00000000a3400000| Untracked 
|  37|0x00000000a3500000, 0x00000000a3600000, 0x00000000a3600000|100%| O|  |TAMS 0x00000000a3600000, 0x00000000a3500000| Untracked 
|  38|0x00000000a3600000, 0x00000000a3700000, 0x00000000a3700000|100%| O|  |TAMS 0x00000000a3637400, 0x00000000a3600000| Untracked 
|  39|0x00000000a3700000, 0x00000000a3800000, 0x00000000a3800000|100%|HS|  |TAMS 0x00000000a3700000, 0x00000000a3700000| Complete 
|  40|0x00000000a3800000, 0x00000000a3900000, 0x00000000a3900000|100%|HS|  |TAMS 0x00000000a3800000, 0x00000000a3800000| Complete 
|  41|0x00000000a3900000, 0x00000000a3a00000, 0x00000000a3a00000|100%| O|  |TAMS 0x00000000a3900000, 0x00000000a3900000| Untracked 
|  42|0x00000000a3a00000, 0x00000000a3b00000, 0x00000000a3b00000|100%| O|  |TAMS 0x00000000a3a00000, 0x00000000a3a00000| Untracked 
|  43|0x00000000a3b00000, 0x00000000a3c00000, 0x00000000a3c00000|100%| O|  |TAMS 0x00000000a3b00000, 0x00000000a3b00000| Untracked 
|  44|0x00000000a3c00000, 0x00000000a3d00000, 0x00000000a3d00000|100%| O|  |TAMS 0x00000000a3c00000, 0x00000000a3c00000| Untracked 
|  45|0x00000000a3d00000, 0x00000000a3e00000, 0x00000000a3e00000|100%| O|  |TAMS 0x00000000a3d00000, 0x00000000a3d00000| Untracked 
|  46|0x00000000a3e00000, 0x00000000a3f00000, 0x00000000a3f00000|100%| O|  |TAMS 0x00000000a3e00000, 0x00000000a3e00000| Untracked 
|  47|0x00000000a3f00000, 0x00000000a4000000, 0x00000000a4000000|100%| O|  |TAMS 0x00000000a3f00000, 0x00000000a3f00000| Untracked 
|  48|0x00000000a4000000, 0x00000000a4100000, 0x00000000a4100000|100%| O|  |TAMS 0x00000000a4000000, 0x00000000a4000000| Untracked 
|  49|0x00000000a4100000, 0x00000000a4200000, 0x00000000a4200000|100%| O|  |TAMS 0x00000000a4100000, 0x00000000a4100000| Untracked 
|  50|0x00000000a4200000, 0x00000000a4300000, 0x00000000a4300000|100%| O|  |TAMS 0x00000000a4200000, 0x00000000a4200000| Untracked 
|  51|0x00000000a4300000, 0x00000000a4400000, 0x00000000a4400000|100%| O|  |TAMS 0x00000000a4300000, 0x00000000a4300000| Untracked 
|  52|0x00000000a4400000, 0x00000000a4500000, 0x00000000a4500000|100%| O|  |TAMS 0x00000000a4400000, 0x00000000a4400000| Untracked 
|  53|0x00000000a4500000, 0x00000000a4600000, 0x00000000a4600000|100%| O|  |TAMS 0x00000000a4500000, 0x00000000a4500000| Untracked 
|  54|0x00000000a4600000, 0x00000000a4700000, 0x00000000a4700000|100%| O|  |TAMS 0x00000000a4600000, 0x00000000a4600000| Untracked 
|  55|0x00000000a4700000, 0x00000000a4800000, 0x00000000a4800000|100%| O|  |TAMS 0x00000000a4700000, 0x00000000a4700000| Untracked 
|  56|0x00000000a4800000, 0x00000000a4800000, 0x00000000a4900000|  0%| F|  |TAMS 0x00000000a4800000, 0x00000000a4800000| Untracked 
|  57|0x00000000a4900000, 0x00000000a4900000, 0x00000000a4a00000|  0%| F|  |TAMS 0x00000000a4900000, 0x00000000a4900000| Untracked 
|  58|0x00000000a4a00000, 0x00000000a4a00000, 0x00000000a4b00000|  0%| F|  |TAMS 0x00000000a4a00000, 0x00000000a4a00000| Untracked 
|  59|0x00000000a4b00000, 0x00000000a4b00000, 0x00000000a4c00000|  0%| F|  |TAMS 0x00000000a4b00000, 0x00000000a4b00000| Untracked 
|  60|0x00000000a4c00000, 0x00000000a4c00000, 0x00000000a4d00000|  0%| F|  |TAMS 0x00000000a4c00000, 0x00000000a4c00000| Untracked 
|  61|0x00000000a4d00000, 0x00000000a4d00000, 0x00000000a4e00000|  0%| F|  |TAMS 0x00000000a4d00000, 0x00000000a4d00000| Untracked 
|  62|0x00000000a4e00000, 0x00000000a4e00000, 0x00000000a4f00000|  0%| F|  |TAMS 0x00000000a4e00000, 0x00000000a4e00000| Untracked 
|  63|0x00000000a4f00000, 0x00000000a4f00000, 0x00000000a5000000|  0%| F|  |TAMS 0x00000000a4f00000, 0x00000000a4f00000| Untracked 
|  64|0x00000000a5000000, 0x00000000a5000000, 0x00000000a5100000|  0%| F|  |TAMS 0x00000000a5000000, 0x00000000a5000000| Untracked 
|  65|0x00000000a5100000, 0x00000000a5100000, 0x00000000a5200000|  0%| F|  |TAMS 0x00000000a5100000, 0x00000000a5100000| Untracked 
|  66|0x00000000a5200000, 0x00000000a5200000, 0x00000000a5300000|  0%| F|  |TAMS 0x00000000a5200000, 0x00000000a5200000| Untracked 
|  67|0x00000000a5300000, 0x00000000a5300000, 0x00000000a5400000|  0%| F|  |TAMS 0x00000000a5300000, 0x00000000a5300000| Untracked 
|  68|0x00000000a5400000, 0x00000000a5500000, 0x00000000a5500000|100%| O|  |TAMS 0x00000000a5400000, 0x00000000a5400000| Untracked 
|  69|0x00000000a5500000, 0x00000000a5600000, 0x00000000a5600000|100%| O|  |TAMS 0x00000000a5500000, 0x00000000a5500000| Untracked 
|  70|0x00000000a5600000, 0x00000000a5700000, 0x00000000a5700000|100%| O|  |TAMS 0x00000000a5600000, 0x00000000a5600000| Untracked 
|  71|0x00000000a5700000, 0x00000000a5800000, 0x00000000a5800000|100%| O|  |TAMS 0x00000000a5700000, 0x00000000a5700000| Untracked 
|  72|0x00000000a5800000, 0x00000000a5900000, 0x00000000a5900000|100%| O|  |TAMS 0x00000000a5800000, 0x00000000a5800000| Untracked 
|  73|0x00000000a5900000, 0x00000000a5a00000, 0x00000000a5a00000|100%| O|  |TAMS 0x00000000a5900000, 0x00000000a5900000| Untracked 
|  74|0x00000000a5a00000, 0x00000000a5b00000, 0x00000000a5b00000|100%| O|  |TAMS 0x00000000a5a00000, 0x00000000a5a00000| Untracked 
|  75|0x00000000a5b00000, 0x00000000a5c00000, 0x00000000a5c00000|100%| O|  |TAMS 0x00000000a5b00000, 0x00000000a5b00000| Untracked 
|  76|0x00000000a5c00000, 0x00000000a5d00000, 0x00000000a5d00000|100%| O|  |TAMS 0x00000000a5c00000, 0x00000000a5c00000| Untracked 
|  77|0x00000000a5d00000, 0x00000000a5d80000, 0x00000000a5e00000| 50%| O|  |TAMS 0x00000000a5d00000, 0x00000000a5d00000| Untracked 
|  78|0x00000000a5e00000, 0x00000000a5e00000, 0x00000000a5f00000|  0%| F|  |TAMS 0x00000000a5e00000, 0x00000000a5e00000| Untracked 
|  79|0x00000000a5f00000, 0x00000000a5f00000, 0x00000000a6000000|  0%| F|  |TAMS 0x00000000a5f00000, 0x00000000a5f00000| Untracked 
|  80|0x00000000a6000000, 0x00000000a6000000, 0x00000000a6100000|  0%| F|  |TAMS 0x00000000a6000000, 0x00000000a6000000| Untracked 
|  81|0x00000000a6100000, 0x00000000a6100000, 0x00000000a6200000|  0%| F|  |TAMS 0x00000000a6100000, 0x00000000a6100000| Untracked 
|  82|0x00000000a6200000, 0x00000000a6200000, 0x00000000a6300000|  0%| F|  |TAMS 0x00000000a6200000, 0x00000000a6200000| Untracked 
|  83|0x00000000a6300000, 0x00000000a6300000, 0x00000000a6400000|  0%| F|  |TAMS 0x00000000a6300000, 0x00000000a6300000| Untracked 
|  84|0x00000000a6400000, 0x00000000a6400000, 0x00000000a6500000|  0%| F|  |TAMS 0x00000000a6400000, 0x00000000a6400000| Untracked 
|  85|0x00000000a6500000, 0x00000000a6500000, 0x00000000a6600000|  0%| F|  |TAMS 0x00000000a6500000, 0x00000000a6500000| Untracked 
|  86|0x00000000a6600000, 0x00000000a6600000, 0x00000000a6700000|  0%| F|  |TAMS 0x00000000a6600000, 0x00000000a6600000| Untracked 
|  87|0x00000000a6700000, 0x00000000a6700000, 0x00000000a6800000|  0%| F|  |TAMS 0x00000000a6700000, 0x00000000a6700000| Untracked 
|  88|0x00000000a6800000, 0x00000000a6800000, 0x00000000a6900000|  0%| F|  |TAMS 0x00000000a6800000, 0x00000000a6800000| Untracked 
|  89|0x00000000a6900000, 0x00000000a6900000, 0x00000000a6a00000|  0%| F|  |TAMS 0x00000000a6900000, 0x00000000a6900000| Untracked 
|  90|0x00000000a6a00000, 0x00000000a6a00000, 0x00000000a6b00000|  0%| F|  |TAMS 0x00000000a6a00000, 0x00000000a6a00000| Untracked 
|  91|0x00000000a6b00000, 0x00000000a6b00000, 0x00000000a6c00000|  0%| F|  |TAMS 0x00000000a6b00000, 0x00000000a6b00000| Untracked 
|  92|0x00000000a6c00000, 0x00000000a6c00000, 0x00000000a6d00000|  0%| F|  |TAMS 0x00000000a6c00000, 0x00000000a6c00000| Untracked 
|  93|0x00000000a6d00000, 0x00000000a6d00000, 0x00000000a6e00000|  0%| F|  |TAMS 0x00000000a6d00000, 0x00000000a6d00000| Untracked 
|  94|0x00000000a6e00000, 0x00000000a6e00000, 0x00000000a6f00000|  0%| F|  |TAMS 0x00000000a6e00000, 0x00000000a6e00000| Untracked 
|  95|0x00000000a6f00000, 0x00000000a6f00000, 0x00000000a7000000|  0%| F|  |TAMS 0x00000000a6f00000, 0x00000000a6f00000| Untracked 
|  96|0x00000000a7000000, 0x00000000a7000000, 0x00000000a7100000|  0%| F|  |TAMS 0x00000000a7000000, 0x00000000a7000000| Untracked 
|  97|0x00000000a7100000, 0x00000000a7100000, 0x00000000a7200000|  0%| F|  |TAMS 0x00000000a7100000, 0x00000000a7100000| Untracked 
|  98|0x00000000a7200000, 0x00000000a7200000, 0x00000000a7300000|  0%| F|  |TAMS 0x00000000a7200000, 0x00000000a7200000| Untracked 
|  99|0x00000000a7300000, 0x00000000a7300000, 0x00000000a7400000|  0%| F|  |TAMS 0x00000000a7300000, 0x00000000a7300000| Untracked 
| 100|0x00000000a7400000, 0x00000000a7400000, 0x00000000a7500000|  0%| F|  |TAMS 0x00000000a7400000, 0x00000000a7400000| Untracked 
| 101|0x00000000a7500000, 0x00000000a7500000, 0x00000000a7600000|  0%| F|  |TAMS 0x00000000a7500000, 0x00000000a7500000| Untracked 
| 102|0x00000000a7600000, 0x00000000a7700000, 0x00000000a7700000|100%| S|CS|TAMS 0x00000000a7600000, 0x00000000a7600000| Complete 
| 103|0x00000000a7700000, 0x00000000a7800000, 0x00000000a7800000|100%| S|CS|TAMS 0x00000000a7700000, 0x00000000a7700000| Complete 
| 104|0x00000000a7800000, 0x00000000a7900000, 0x00000000a7900000|100%| S|CS|TAMS 0x00000000a7800000, 0x00000000a7800000| Complete 
| 105|0x00000000a7900000, 0x00000000a7a00000, 0x00000000a7a00000|100%| S|CS|TAMS 0x00000000a7900000, 0x00000000a7900000| Complete 
| 106|0x00000000a7a00000, 0x00000000a7b00000, 0x00000000a7b00000|100%| S|CS|TAMS 0x00000000a7a00000, 0x00000000a7a00000| Complete 
| 107|0x00000000a7b00000, 0x00000000a7c00000, 0x00000000a7c00000|100%| S|CS|TAMS 0x00000000a7b00000, 0x00000000a7b00000| Complete 
| 108|0x00000000a7c00000, 0x00000000a7c00000, 0x00000000a7d00000|  0%| F|  |TAMS 0x00000000a7c00000, 0x00000000a7c00000| Untracked 
| 109|0x00000000a7d00000, 0x00000000a7d00000, 0x00000000a7e00000|  0%| F|  |TAMS 0x00000000a7d00000, 0x00000000a7d00000| Untracked 
| 110|0x00000000a7e00000, 0x00000000a7e00000, 0x00000000a7f00000|  0%| F|  |TAMS 0x00000000a7e00000, 0x00000000a7e00000| Untracked 
| 111|0x00000000a7f00000, 0x00000000a7f00000, 0x00000000a8000000|  0%| F|  |TAMS 0x00000000a7f00000, 0x00000000a7f00000| Untracked 
| 112|0x00000000a8000000, 0x00000000a8000000, 0x00000000a8100000|  0%| F|  |TAMS 0x00000000a8000000, 0x00000000a8000000| Untracked 
| 113|0x00000000a8100000, 0x00000000a8100000, 0x00000000a8200000|  0%| F|  |TAMS 0x00000000a8100000, 0x00000000a8100000| Untracked 
| 114|0x00000000a8200000, 0x00000000a8200000, 0x00000000a8300000|  0%| F|  |TAMS 0x00000000a8200000, 0x00000000a8200000| Untracked 
| 115|0x00000000a8300000, 0x00000000a8300000, 0x00000000a8400000|  0%| F|  |TAMS 0x00000000a8300000, 0x00000000a8300000| Untracked 
| 116|0x00000000a8400000, 0x00000000a8400000, 0x00000000a8500000|  0%| F|  |TAMS 0x00000000a8400000, 0x00000000a8400000| Untracked 
| 117|0x00000000a8500000, 0x00000000a8500000, 0x00000000a8600000|  0%| F|  |TAMS 0x00000000a8500000, 0x00000000a8500000| Untracked 
| 118|0x00000000a8600000, 0x00000000a8600000, 0x00000000a8700000|  0%| F|  |TAMS 0x00000000a8600000, 0x00000000a8600000| Untracked 
| 119|0x00000000a8700000, 0x00000000a8700000, 0x00000000a8800000|  0%| F|  |TAMS 0x00000000a8700000, 0x00000000a8700000| Untracked 
| 120|0x00000000a8800000, 0x00000000a8800000, 0x00000000a8900000|  0%| F|  |TAMS 0x00000000a8800000, 0x00000000a8800000| Untracked 
| 121|0x00000000a8900000, 0x00000000a8900000, 0x00000000a8a00000|  0%| F|  |TAMS 0x00000000a8900000, 0x00000000a8900000| Untracked 
| 122|0x00000000a8a00000, 0x00000000a8a00000, 0x00000000a8b00000|  0%| F|  |TAMS 0x00000000a8a00000, 0x00000000a8a00000| Untracked 
| 123|0x00000000a8b00000, 0x00000000a8b00000, 0x00000000a8c00000|  0%| F|  |TAMS 0x00000000a8b00000, 0x00000000a8b00000| Untracked 
| 124|0x00000000a8c00000, 0x00000000a8c00000, 0x00000000a8d00000|  0%| F|  |TAMS 0x00000000a8c00000, 0x00000000a8c00000| Untracked 
| 125|0x00000000a8d00000, 0x00000000a8d00000, 0x00000000a8e00000|  0%| F|  |TAMS 0x00000000a8d00000, 0x00000000a8d00000| Untracked 
| 126|0x00000000a8e00000, 0x00000000a8e00000, 0x00000000a8f00000|  0%| F|  |TAMS 0x00000000a8e00000, 0x00000000a8e00000| Untracked 
| 127|0x00000000a8f00000, 0x00000000a8f00000, 0x00000000a9000000|  0%| F|  |TAMS 0x00000000a8f00000, 0x00000000a8f00000| Untracked 
| 128|0x00000000a9000000, 0x00000000a9000000, 0x00000000a9100000|  0%| F|  |TAMS 0x00000000a9000000, 0x00000000a9000000| Untracked 
| 129|0x00000000a9100000, 0x00000000a9100000, 0x00000000a9200000|  0%| F|  |TAMS 0x00000000a9100000, 0x00000000a9100000| Untracked 
| 130|0x00000000a9200000, 0x00000000a9200000, 0x00000000a9300000|  0%| F|  |TAMS 0x00000000a9200000, 0x00000000a9200000| Untracked 
| 131|0x00000000a9300000, 0x00000000a9300000, 0x00000000a9400000|  0%| F|  |TAMS 0x00000000a9300000, 0x00000000a9300000| Untracked 
| 132|0x00000000a9400000, 0x00000000a9400000, 0x00000000a9500000|  0%| F|  |TAMS 0x00000000a9400000, 0x00000000a9400000| Untracked 
| 133|0x00000000a9500000, 0x00000000a9500000, 0x00000000a9600000|  0%| F|  |TAMS 0x00000000a9500000, 0x00000000a9500000| Untracked 
| 134|0x00000000a9600000, 0x00000000a9600000, 0x00000000a9700000|  0%| F|  |TAMS 0x00000000a9600000, 0x00000000a9600000| Untracked 
| 135|0x00000000a9700000, 0x00000000a9700000, 0x00000000a9800000|  0%| F|  |TAMS 0x00000000a9700000, 0x00000000a9700000| Untracked 
| 136|0x00000000a9800000, 0x00000000a9800000, 0x00000000a9900000|  0%| F|  |TAMS 0x00000000a9800000, 0x00000000a9800000| Untracked 
| 137|0x00000000a9900000, 0x00000000a9900000, 0x00000000a9a00000|  0%| F|  |TAMS 0x00000000a9900000, 0x00000000a9900000| Untracked 
| 138|0x00000000a9a00000, 0x00000000a9a00000, 0x00000000a9b00000|  0%| F|  |TAMS 0x00000000a9a00000, 0x00000000a9a00000| Untracked 
| 139|0x00000000a9b00000, 0x00000000a9b00000, 0x00000000a9c00000|  0%| F|  |TAMS 0x00000000a9b00000, 0x00000000a9b00000| Untracked 
| 140|0x00000000a9c00000, 0x00000000a9c00000, 0x00000000a9d00000|  0%| F|  |TAMS 0x00000000a9c00000, 0x00000000a9c00000| Untracked 
| 141|0x00000000a9d00000, 0x00000000a9d00000, 0x00000000a9e00000|  0%| F|  |TAMS 0x00000000a9d00000, 0x00000000a9d00000| Untracked 
| 142|0x00000000a9e00000, 0x00000000a9e00000, 0x00000000a9f00000|  0%| F|  |TAMS 0x00000000a9e00000, 0x00000000a9e00000| Untracked 
| 143|0x00000000a9f00000, 0x00000000a9f00000, 0x00000000aa000000|  0%| F|  |TAMS 0x00000000a9f00000, 0x00000000a9f00000| Untracked 
| 144|0x00000000aa000000, 0x00000000aa000000, 0x00000000aa100000|  0%| F|  |TAMS 0x00000000aa000000, 0x00000000aa000000| Untracked 
| 145|0x00000000aa100000, 0x00000000aa100000, 0x00000000aa200000|  0%| F|  |TAMS 0x00000000aa100000, 0x00000000aa100000| Untracked 
| 146|0x00000000aa200000, 0x00000000aa200000, 0x00000000aa300000|  0%| F|  |TAMS 0x00000000aa200000, 0x00000000aa200000| Untracked 
| 147|0x00000000aa300000, 0x00000000aa300000, 0x00000000aa400000|  0%| F|  |TAMS 0x00000000aa300000, 0x00000000aa300000| Untracked 
| 148|0x00000000aa400000, 0x00000000aa400000, 0x00000000aa500000|  0%| F|  |TAMS 0x00000000aa400000, 0x00000000aa400000| Untracked 
| 149|0x00000000aa500000, 0x00000000aa500000, 0x00000000aa600000|  0%| F|  |TAMS 0x00000000aa500000, 0x00000000aa500000| Untracked 
| 150|0x00000000aa600000, 0x00000000aa600000, 0x00000000aa700000|  0%| F|  |TAMS 0x00000000aa600000, 0x00000000aa600000| Untracked 
| 151|0x00000000aa700000, 0x00000000aa700000, 0x00000000aa800000|  0%| F|  |TAMS 0x00000000aa700000, 0x00000000aa700000| Untracked 
| 152|0x00000000aa800000, 0x00000000aa800000, 0x00000000aa900000|  0%| F|  |TAMS 0x00000000aa800000, 0x00000000aa800000| Untracked 
| 153|0x00000000aa900000, 0x00000000aa900000, 0x00000000aaa00000|  0%| F|  |TAMS 0x00000000aa900000, 0x00000000aa900000| Untracked 
| 154|0x00000000aaa00000, 0x00000000aaa00000, 0x00000000aab00000|  0%| F|  |TAMS 0x00000000aaa00000, 0x00000000aaa00000| Untracked 
| 155|0x00000000aab00000, 0x00000000aab00000, 0x00000000aac00000|  0%| F|  |TAMS 0x00000000aab00000, 0x00000000aab00000| Untracked 
| 156|0x00000000aac00000, 0x00000000aac00000, 0x00000000aad00000|  0%| F|  |TAMS 0x00000000aac00000, 0x00000000aac00000| Untracked 
| 157|0x00000000aad00000, 0x00000000aad00000, 0x00000000aae00000|  0%| F|  |TAMS 0x00000000aad00000, 0x00000000aad00000| Untracked 
| 158|0x00000000aae00000, 0x00000000aae00000, 0x00000000aaf00000|  0%| F|  |TAMS 0x00000000aae00000, 0x00000000aae00000| Untracked 
| 159|0x00000000aaf00000, 0x00000000aaf00000, 0x00000000ab000000|  0%| F|  |TAMS 0x00000000aaf00000, 0x00000000aaf00000| Untracked 
| 160|0x00000000ab000000, 0x00000000ab000000, 0x00000000ab100000|  0%| F|  |TAMS 0x00000000ab000000, 0x00000000ab000000| Untracked 
| 161|0x00000000ab100000, 0x00000000ab100000, 0x00000000ab200000|  0%| F|  |TAMS 0x00000000ab100000, 0x00000000ab100000| Untracked 
| 162|0x00000000ab200000, 0x00000000ab200000, 0x00000000ab300000|  0%| F|  |TAMS 0x00000000ab200000, 0x00000000ab200000| Untracked 
| 163|0x00000000ab300000, 0x00000000ab300000, 0x00000000ab400000|  0%| F|  |TAMS 0x00000000ab300000, 0x00000000ab300000| Untracked 
| 164|0x00000000ab400000, 0x00000000ab400000, 0x00000000ab500000|  0%| F|  |TAMS 0x00000000ab400000, 0x00000000ab400000| Untracked 
| 165|0x00000000ab500000, 0x00000000ab500000, 0x00000000ab600000|  0%| F|  |TAMS 0x00000000ab500000, 0x00000000ab500000| Untracked 
| 166|0x00000000ab600000, 0x00000000ab600000, 0x00000000ab700000|  0%| F|  |TAMS 0x00000000ab600000, 0x00000000ab600000| Untracked 
| 167|0x00000000ab700000, 0x00000000ab700000, 0x00000000ab800000|  0%| F|  |TAMS 0x00000000ab700000, 0x00000000ab700000| Untracked 
| 168|0x00000000ab800000, 0x00000000ab800000, 0x00000000ab900000|  0%| F|  |TAMS 0x00000000ab800000, 0x00000000ab800000| Untracked 
| 169|0x00000000ab900000, 0x00000000ab900000, 0x00000000aba00000|  0%| F|  |TAMS 0x00000000ab900000, 0x00000000ab900000| Untracked 
| 170|0x00000000aba00000, 0x00000000aba00000, 0x00000000abb00000|  0%| F|  |TAMS 0x00000000aba00000, 0x00000000aba00000| Untracked 
| 171|0x00000000abb00000, 0x00000000abb00000, 0x00000000abc00000|  0%| F|  |TAMS 0x00000000abb00000, 0x00000000abb00000| Untracked 
| 172|0x00000000abc00000, 0x00000000abc00000, 0x00000000abd00000|  0%| F|  |TAMS 0x00000000abc00000, 0x00000000abc00000| Untracked 
| 173|0x00000000abd00000, 0x00000000abd00000, 0x00000000abe00000|  0%| F|  |TAMS 0x00000000abd00000, 0x00000000abd00000| Untracked 
| 174|0x00000000abe00000, 0x00000000abe00000, 0x00000000abf00000|  0%| F|  |TAMS 0x00000000abe00000, 0x00000000abe00000| Untracked 
| 175|0x00000000abf00000, 0x00000000abf00000, 0x00000000ac000000|  0%| F|  |TAMS 0x00000000abf00000, 0x00000000abf00000| Untracked 
| 176|0x00000000ac000000, 0x00000000ac000000, 0x00000000ac100000|  0%| F|  |TAMS 0x00000000ac000000, 0x00000000ac000000| Untracked 
| 177|0x00000000ac100000, 0x00000000ac100000, 0x00000000ac200000|  0%| F|  |TAMS 0x00000000ac100000, 0x00000000ac100000| Untracked 
| 178|0x00000000ac200000, 0x00000000ac200000, 0x00000000ac300000|  0%| F|  |TAMS 0x00000000ac200000, 0x00000000ac200000| Untracked 
| 179|0x00000000ac300000, 0x00000000ac300000, 0x00000000ac400000|  0%| F|  |TAMS 0x00000000ac300000, 0x00000000ac300000| Untracked 
| 180|0x00000000ac400000, 0x00000000ac400000, 0x00000000ac500000|  0%| F|  |TAMS 0x00000000ac400000, 0x00000000ac400000| Untracked 
| 181|0x00000000ac500000, 0x00000000ac500000, 0x00000000ac600000|  0%| F|  |TAMS 0x00000000ac500000, 0x00000000ac500000| Untracked 
| 182|0x00000000ac600000, 0x00000000ac600000, 0x00000000ac700000|  0%| F|  |TAMS 0x00000000ac600000, 0x00000000ac600000| Untracked 
| 183|0x00000000ac700000, 0x00000000ac700000, 0x00000000ac800000|  0%| F|  |TAMS 0x00000000ac700000, 0x00000000ac700000| Untracked 
| 184|0x00000000ac800000, 0x00000000ac800000, 0x00000000ac900000|  0%| F|  |TAMS 0x00000000ac800000, 0x00000000ac800000| Untracked 
| 185|0x00000000ac900000, 0x00000000ac900000, 0x00000000aca00000|  0%| F|  |TAMS 0x00000000ac900000, 0x00000000ac900000| Untracked 
| 186|0x00000000aca00000, 0x00000000aca00000, 0x00000000acb00000|  0%| F|  |TAMS 0x00000000aca00000, 0x00000000aca00000| Untracked 
| 187|0x00000000acb00000, 0x00000000acb00000, 0x00000000acc00000|  0%| F|  |TAMS 0x00000000acb00000, 0x00000000acb00000| Untracked 
| 188|0x00000000acc00000, 0x00000000acc00000, 0x00000000acd00000|  0%| F|  |TAMS 0x00000000acc00000, 0x00000000acc00000| Untracked 
| 189|0x00000000acd00000, 0x00000000acd00000, 0x00000000ace00000|  0%| F|  |TAMS 0x00000000acd00000, 0x00000000acd00000| Untracked 
| 190|0x00000000ace00000, 0x00000000ace00000, 0x00000000acf00000|  0%| F|  |TAMS 0x00000000ace00000, 0x00000000ace00000| Untracked 
| 191|0x00000000acf00000, 0x00000000acf00000, 0x00000000ad000000|  0%| F|  |TAMS 0x00000000acf00000, 0x00000000acf00000| Untracked 
| 192|0x00000000ad000000, 0x00000000ad000000, 0x00000000ad100000|  0%| F|  |TAMS 0x00000000ad000000, 0x00000000ad000000| Untracked 
| 193|0x00000000ad100000, 0x00000000ad100000, 0x00000000ad200000|  0%| F|  |TAMS 0x00000000ad100000, 0x00000000ad100000| Untracked 
| 194|0x00000000ad200000, 0x00000000ad200000, 0x00000000ad300000|  0%| F|  |TAMS 0x00000000ad200000, 0x00000000ad200000| Untracked 
| 195|0x00000000ad300000, 0x00000000ad300000, 0x00000000ad400000|  0%| F|  |TAMS 0x00000000ad300000, 0x00000000ad300000| Untracked 
|1512|0x00000000ff800000, 0x00000000ff900000, 0x00000000ff900000|100%| O|  |TAMS 0x00000000ff800000, 0x00000000ff800000| Untracked 
|1513|0x00000000ff900000, 0x00000000ffa00000, 0x00000000ffa00000|100%| O|  |TAMS 0x00000000ff900000, 0x00000000ff900000| Untracked 
|1514|0x00000000ffa00000, 0x00000000ffb00000, 0x00000000ffb00000|100%| O|  |TAMS 0x00000000ffa00000, 0x00000000ffa00000| Untracked 
|1515|0x00000000ffb00000, 0x00000000ffc00000, 0x00000000ffc00000|100%| O|  |TAMS 0x00000000ffb00000, 0x00000000ffb00000| Untracked 
|1516|0x00000000ffc00000, 0x00000000ffd00000, 0x00000000ffd00000|100%| O|  |TAMS 0x00000000ffc00000, 0x00000000ffc00000| Untracked 
|1517|0x00000000ffd00000, 0x00000000ffe00000, 0x00000000ffe00000|100%| O|  |TAMS 0x00000000ffd00000, 0x00000000ffd00000| Untracked 
|1518|0x00000000ffe00000, 0x00000000fff00000, 0x00000000fff00000|100%| O|  |TAMS 0x00000000ffe00000, 0x00000000ffe00000| Untracked 
|1519|0x00000000fff00000, 0x0000000100000000, 0x0000000100000000|100%| O|  |TAMS 0x00000000fff00000, 0x00000000fff00000| Untracked 

Card table byte_map: [0x0000026adaf30000,0x0000026adb230000] _byte_map_base: 0x0000026adaa28000

Marking Bits (Prev, Next): (CMBitMap*) 0x0000026ad52fa520, (CMBitMap*) 0x0000026ad52fa4e0
 Prev Bits: [0x0000026adccf0000, 0x0000026ade4b0000)
 Next Bits: [0x0000026adb530000, 0x0000026adccf0000)

Polling page: 0x0000026ad30c0000

Metaspace:

Usage:
  Non-class:     39.30 MB used.
      Class:      5.61 MB used.
       Both:     44.91 MB used.

Virtual space:
  Non-class space:       40.00 MB reserved,      39.50 MB ( 99%) committed,  5 nodes.
      Class space:        1.00 GB reserved,       5.81 MB ( <1%) committed,  1 nodes.
             Both:        1.04 GB reserved,      45.31 MB (  4%) committed. 

Chunk freelists:
   Non-Class:  448.00 KB
       Class:  2.20 MB
        Both:  2.64 MB

MaxMetaspaceSize: unlimited
CompressedClassSpaceSize: 1.00 GB
Initial GC threshold: 21.00 MB
Current GC threshold: 62.19 MB
CDS: off
MetaspaceReclaimPolicy: balanced
 - commit_granule_bytes: 65536.
 - commit_granule_words: 8192.
 - virtual_space_node_default_size: 1048576.
 - enlarge_chunks_in_place: 1.
 - new_chunks_are_fully_committed: 0.
 - uncommit_free_chunks: 1.
 - use_allocation_guard: 0.
 - handle_deallocations: 1.


Internal statistics:

num_allocs_failed_limit: 6.
num_arena_births: 418.
num_arena_deaths: 0.
num_vsnodes_births: 6.
num_vsnodes_deaths: 0.
num_space_committed: 725.
num_space_uncommitted: 0.
num_chunks_returned_to_freelist: 6.
num_chunks_taken_from_freelist: 1796.
num_chunk_merges: 3.
num_chunk_splits: 1224.
num_chunks_enlarged: 923.
num_purges: 0.
num_inconsistent_stats: 0.

CodeCache: size=49152Kb used=8501Kb max_used=8501Kb free=40650Kb
 bounds [0x0000026ad7f30000, 0x0000026ad8780000, 0x0000026adaf30000]
 total_blobs=4925 nmethods=4354 adapters=498
 compilation: enabled
              stopped_count=0, restarted_count=0
 full_count=0

Compilation events (20 events):
Event: 17.098 Thread 0x0000026ae0acb090 4345       1       java.nio.channels.Channels::newChannel (33 bytes)
Event: 17.098 Thread 0x0000026ae0acb090 nmethod 4345 0x0000026ad877a010 code [0x0000026ad877a1e0, 0x0000026ad877a6d8]
Event: 17.098 Thread 0x0000026ae0acb090 4346       1       java.nio.channels.Channels$ReadableByteChannelImpl::<init> (28 bytes)
Event: 17.098 Thread 0x0000026ae0acb090 nmethod 4346 0x0000026ad877a890 code [0x0000026ad877aa40, 0x0000026ad877adb8]
Event: 17.098 Thread 0x0000026ae0acb090 4350       1       jdk.internal.jrtfs.JrtFileSystemProvider::toJrtPath (28 bytes)
Event: 17.098 Thread 0x0000026ae0acb090 nmethod 4350 0x0000026ad877ae90 code [0x0000026ad877b040, 0x0000026ad877b298]
Event: 17.098 Thread 0x0000026ae0acb090 4351       1       jdk.internal.jrtfs.JrtFileSystem::checkNode (40 bytes)
Event: 17.099 Thread 0x0000026ae0acb090 nmethod 4351 0x0000026ad877b410 code [0x0000026ad877b600, 0x0000026ad877b988]
Event: 17.099 Thread 0x0000026ae0acb090 4352       1       jdk.internal.jrtfs.JrtFileSystem::ensureOpen (16 bytes)
Event: 17.099 Thread 0x0000026ae0acb090 nmethod 4352 0x0000026ad877bc10 code [0x0000026ad877bda0, 0x0000026ad877bf08]
Event: 17.099 Thread 0x0000026ae0acb090 4348  s    1       sun.nio.ch.ChannelInputStream::read (41 bytes)
Event: 17.099 Thread 0x0000026ae0acb090 nmethod 4348 0x0000026ad877c010 code [0x0000026ad877c1c0, 0x0000026ad877c528]
Event: 17.099 Thread 0x0000026ae0acb090 4349       1       java.io.InputStream::read (9 bytes)
Event: 17.099 Thread 0x0000026ae0acb090 nmethod 4349 0x0000026ad877c690 code [0x0000026ad877c820, 0x0000026ad877c928]
Event: 17.100 Thread 0x0000026ae0acb090 4353       1       jdk.internal.jrtfs.JrtFileSystem$1::read (28 bytes)
Event: 17.100 Thread 0x0000026ae0acb090 nmethod 4353 0x0000026ad877ca10 code [0x0000026ad877cba0, 0x0000026ad877cca8]
Event: 17.100 Thread 0x0000026ae0acb090 4354       1       jdk.internal.jrtfs.JrtFileSystem$1::close (10 bytes)
Event: 17.101 Thread 0x0000026ae0acb090 nmethod 4354 0x0000026ad877cd10 code [0x0000026ad877cea0, 0x0000026ad877cf88]
Event: 17.106 Thread 0x0000026ae0acb090 4355   !   1       java.lang.ClassLoader::addClass (27 bytes)
Event: 17.106 Thread 0x0000026ae0acb090 nmethod 4355 0x0000026ad877d010 code [0x0000026ad877d1c0, 0x0000026ad877d388]

GC Heap History (20 events):
Event: 14.988 GC heap after
{Heap after GC invocations=16 (full 0):
 garbage-first heap   total 55296K, used 30532K [0x00000000a1000000, 0x0000000100000000)
  region size 1024K, 2 young (2048K), 2 survivors (2048K)
 Metaspace       used 37410K, committed 37760K, reserved 1089536K
  class space    used 4770K, committed 4928K, reserved 1048576K
}
Event: 15.025 GC heap before
{Heap before GC invocations=16 (full 0):
 garbage-first heap   total 55296K, used 40772K [0x00000000a1000000, 0x0000000100000000)
  region size 1024K, 13 young (13312K), 2 survivors (2048K)
 Metaspace       used 37736K, committed 38080K, reserved 1089536K
  class space    used 4774K, committed 4928K, reserved 1048576K
}
Event: 15.028 GC heap after
{Heap after GC invocations=17 (full 0):
 garbage-first heap   total 55296K, used 32176K [0x00000000a1000000, 0x0000000100000000)
  region size 1024K, 2 young (2048K), 2 survivors (2048K)
 Metaspace       used 37736K, committed 38080K, reserved 1089536K
  class space    used 4774K, committed 4928K, reserved 1048576K
}
Event: 15.099 GC heap before
{Heap before GC invocations=17 (full 0):
 garbage-first heap   total 73728K, used 42416K [0x00000000a1000000, 0x0000000100000000)
  region size 1024K, 12 young (12288K), 2 survivors (2048K)
 Metaspace       used 37864K, committed 38208K, reserved 1089536K
  class space    used 4788K, committed 4928K, reserved 1048576K
}
Event: 15.103 GC heap after
{Heap after GC invocations=18 (full 0):
 garbage-first heap   total 73728K, used 34151K [0x00000000a1000000, 0x0000000100000000)
  region size 1024K, 2 young (2048K), 2 survivors (2048K)
 Metaspace       used 37864K, committed 38208K, reserved 1089536K
  class space    used 4788K, committed 4928K, reserved 1048576K
}
Event: 15.189 GC heap before
{Heap before GC invocations=19 (full 0):
 garbage-first heap   total 73728K, used 53607K [0x00000000a1000000, 0x0000000100000000)
  region size 1024K, 22 young (22528K), 2 survivors (2048K)
 Metaspace       used 38016K, committed 38272K, reserved 1089536K
  class space    used 4803K, committed 4928K, reserved 1048576K
}
Event: 15.197 GC heap after
{Heap after GC invocations=20 (full 0):
 garbage-first heap   total 73728K, used 38034K [0x00000000a1000000, 0x0000000100000000)
  region size 1024K, 3 young (3072K), 3 survivors (3072K)
 Metaspace       used 38016K, committed 38272K, reserved 1089536K
  class space    used 4803K, committed 4928K, reserved 1048576K
}
Event: 15.199 GC heap before
{Heap before GC invocations=20 (full 0):
 garbage-first heap   total 73728K, used 39058K [0x00000000a1000000, 0x0000000100000000)
  region size 1024K, 4 young (4096K), 3 survivors (3072K)
 Metaspace       used 38016K, committed 38272K, reserved 1089536K
  class space    used 4803K, committed 4928K, reserved 1048576K
}
Event: 15.203 GC heap after
{Heap after GC invocations=21 (full 0):
 garbage-first heap   total 73728K, used 38758K [0x00000000a1000000, 0x0000000100000000)
  region size 1024K, 1 young (1024K), 1 survivors (1024K)
 Metaspace       used 38016K, committed 38272K, reserved 1089536K
  class space    used 4803K, committed 4928K, reserved 1048576K
}
Event: 15.251 GC heap before
{Heap before GC invocations=21 (full 0):
 garbage-first heap   total 73728K, used 54118K [0x00000000a1000000, 0x0000000100000000)
  region size 1024K, 17 young (17408K), 1 survivors (1024K)
 Metaspace       used 38021K, committed 38336K, reserved 1089536K
  class space    used 4803K, committed 4928K, reserved 1048576K
}
Event: 15.259 GC heap after
{Heap after GC invocations=22 (full 0):
 garbage-first heap   total 200704K, used 42832K [0x00000000a1000000, 0x0000000100000000)
  region size 1024K, 3 young (3072K), 3 survivors (3072K)
 Metaspace       used 38021K, committed 38336K, reserved 1089536K
  class space    used 4803K, committed 4928K, reserved 1048576K
}
Event: 16.810 GC heap before
{Heap before GC invocations=23 (full 0):
 garbage-first heap   total 163840K, used 137040K [0x00000000a1000000, 0x0000000100000000)
  region size 1024K, 95 young (97280K), 3 survivors (3072K)
 Metaspace       used 43660K, committed 44032K, reserved 1089536K
  class space    used 5453K, committed 5632K, reserved 1048576K
}
Event: 16.874 GC heap after
{Heap after GC invocations=24 (full 0):
 garbage-first heap   total 172032K, used 74012K [0x00000000a1000000, 0x0000000100000000)
  region size 1024K, 12 young (12288K), 12 survivors (12288K)
 Metaspace       used 43660K, committed 44032K, reserved 1089536K
  class space    used 5453K, committed 5632K, reserved 1048576K
}
Event: 16.877 GC heap before
{Heap before GC invocations=24 (full 0):
 garbage-first heap   total 172032K, used 75036K [0x00000000a1000000, 0x0000000100000000)
  region size 1024K, 13 young (13312K), 12 survivors (12288K)
 Metaspace       used 43671K, committed 44032K, reserved 1089536K
  class space    used 5454K, committed 5632K, reserved 1048576K
}
Event: 16.886 GC heap after
{Heap after GC invocations=25 (full 0):
 garbage-first heap   total 172032K, used 75463K [0x00000000a1000000, 0x0000000100000000)
  region size 1024K, 2 young (2048K), 2 survivors (2048K)
 Metaspace       used 43671K, committed 44032K, reserved 1089536K
  class space    used 5454K, committed 5632K, reserved 1048576K
}
Event: 16.966 GC heap before
{Heap before GC invocations=25 (full 0):
 garbage-first heap   total 172032K, used 114375K [0x00000000a1000000, 0x0000000100000000)
  region size 1024K, 41 young (41984K), 2 survivors (2048K)
 Metaspace       used 44243K, committed 44672K, reserved 1089536K
  class space    used 5539K, committed 5760K, reserved 1048576K
}
Event: 16.968 GC heap after
{Heap after GC invocations=26 (full 0):
 garbage-first heap   total 172032K, used 75968K [0x00000000a1000000, 0x0000000100000000)
  region size 1024K, 2 young (2048K), 2 survivors (2048K)
 Metaspace       used 44243K, committed 44672K, reserved 1089536K
  class space    used 5539K, committed 5760K, reserved 1048576K
}
Event: 17.053 GC heap before
{Heap before GC invocations=26 (full 0):
 garbage-first heap   total 172032K, used 120000K [0x00000000a1000000, 0x0000000100000000)
  region size 1024K, 46 young (47104K), 2 survivors (2048K)
 Metaspace       used 45216K, committed 45632K, reserved 1089536K
  class space    used 5639K, committed 5824K, reserved 1048576K
}
Event: 17.056 GC heap after
{Heap after GC invocations=27 (full 0):
 garbage-first heap   total 172032K, used 77677K [0x00000000a1000000, 0x0000000100000000)
  region size 1024K, 4 young (4096K), 4 survivors (4096K)
 Metaspace       used 45216K, committed 45632K, reserved 1089536K
  class space    used 5639K, committed 5824K, reserved 1048576K
}
Event: 17.118 GC heap before
{Heap before GC invocations=27 (full 0):
 garbage-first heap   total 172032K, used 125805K [0x00000000a1000000, 0x0000000100000000)
  region size 1024K, 52 young (53248K), 4 survivors (4096K)
 Metaspace       used 45989K, committed 46400K, reserved 1089536K
  class space    used 5747K, committed 5952K, reserved 1048576K
}

Dll operation events (9 events):
Event: 0.068 Loaded shared library c:\Users\Wladi\.vscode\extensions\redhat.java-1.13.0-win32-x64\jre\17.0.5-win32-x86_64\bin\java.dll
Event: 2.818 Loaded shared library C:\Users\Wladi\.vscode\extensions\redhat.java-1.13.0-win32-x64\jre\17.0.5-win32-x86_64\bin\net.dll
Event: 2.830 Loaded shared library C:\Users\Wladi\.vscode\extensions\redhat.java-1.13.0-win32-x64\jre\17.0.5-win32-x86_64\bin\nio.dll
Event: 2.849 Loaded shared library C:\Users\Wladi\.vscode\extensions\redhat.java-1.13.0-win32-x64\jre\17.0.5-win32-x86_64\bin\zip.dll
Event: 3.617 Loaded shared library c:\Users\Wladi\.vscode\extensions\redhat.java-1.13.0-win32-x64\jre\17.0.5-win32-x86_64\bin\verify.dll
Event: 3.634 Loaded shared library C:\Users\Wladi\.vscode\extensions\redhat.java-1.13.0-win32-x64\jre\17.0.5-win32-x86_64\bin\jimage.dll
Event: 7.948 Loaded shared library C:\Users\Wladi\.vscode\extensions\redhat.java-1.13.0-win32-x64\jre\17.0.5-win32-x86_64\bin\management.dll
Event: 7.991 Loaded shared library C:\Users\Wladi\.vscode\extensions\redhat.java-1.13.0-win32-x64\jre\17.0.5-win32-x86_64\bin\management_ext.dll
Event: 17.112 Loaded shared library C:\Users\Wladi\.vscode\extensions\redhat.java-1.13.0-win32-x64\jre\17.0.5-win32-x86_64\bin\sunmscapi.dll

Deoptimization events (12 events):
Event: 8.747 Thread 0x0000026ad52aca40 DEOPT PACKING pc=0x0000026ad82d8199 sp=0x000000c25d0fd5f0
Event: 8.747 Thread 0x0000026ad52aca40 DEOPT UNPACKING pc=0x0000026ad7f82b43 sp=0x000000c25d0fcad0 mode 3
Event: 12.992 Thread 0x0000026ad52aca40 DEOPT PACKING pc=0x0000026ad844a299 sp=0x000000c25d0fc950
Event: 12.992 Thread 0x0000026ad52aca40 DEOPT UNPACKING pc=0x0000026ad7f82b43 sp=0x000000c25d0fbe38 mode 3
Event: 13.789 Thread 0x0000026ae1e17bd0 DEOPT PACKING pc=0x0000026ad8506d35 sp=0x000000c25e9fe050
Event: 13.789 Thread 0x0000026ae1e17bd0 DEOPT UNPACKING pc=0x0000026ad7f82b43 sp=0x000000c25e9fd568 mode 3
Event: 14.046 Thread 0x0000026ae2b26020 DEOPT PACKING pc=0x0000026ad82d9501 sp=0x000000c25e8fda70
Event: 14.046 Thread 0x0000026ae2b26020 DEOPT UNPACKING pc=0x0000026ad7f82b43 sp=0x000000c25e8fcf00 mode 3
Event: 14.160 Thread 0x0000026ae2bd7090 DEOPT PACKING pc=0x0000026ad852ddab sp=0x000000c25effe900
Event: 14.160 Thread 0x0000026ae2bd7090 DEOPT UNPACKING pc=0x0000026ad7f82b43 sp=0x000000c25effde48 mode 3
Event: 16.066 Thread 0x0000026ae5343170 DEOPT PACKING pc=0x0000026ad8098d0c sp=0x000000c25fbfe280
Event: 16.066 Thread 0x0000026ae5343170 DEOPT UNPACKING pc=0x0000026ad7f82b43 sp=0x000000c25fbfd748 mode 0

Classes unloaded (0 events):
No events

Classes redefined (0 events):
No events

Internal exceptions (20 events):
Event: 14.259 Thread 0x0000026ae2bd7560 Exception <a 'sun/nio/fs/WindowsException'{0x00000000a306e008}> (0x00000000a306e008) 
thrown [s\src\hotspot\share\prims\jni.cpp, line 516]
Event: 14.259 Thread 0x0000026ae2bd7560 Exception <a 'sun/nio/fs/WindowsException'{0x00000000a306e3f8}> (0x00000000a306e3f8) 
thrown [s\src\hotspot\share\prims\jni.cpp, line 516]
Event: 14.260 Thread 0x0000026ae2bd7560 Exception <a 'sun/nio/fs/WindowsException'{0x00000000a306ee20}> (0x00000000a306ee20) 
thrown [s\src\hotspot\share\prims\jni.cpp, line 516]
Event: 14.260 Thread 0x0000026ae2bd7560 Exception <a 'sun/nio/fs/WindowsException'{0x00000000a306f210}> (0x00000000a306f210) 
thrown [s\src\hotspot\share\prims\jni.cpp, line 516]
Event: 15.584 Thread 0x0000026ae1e17bd0 Exception <a 'java/lang/NoSuchMethodError'{0x00000000a96e1e88}: 'java.lang.Object java.lang.invoke.Invokers$Holder.invoke_MT(java.lang.Object, java.lang.Object, java.lang.Object)'> (0x00000000a96e1e88) 
thrown [s\src\hotspot\share\interpreter\linkResolver.cpp, line 759]
Event: 15.895 Thread 0x0000026ae1e17bd0 Exception <a 'java/lang/NoSuchMethodError'{0x00000000a87459e8}: 'java.lang.Object java.lang.invoke.DirectMethodHandle$Holder.newInvokeSpecial(java.lang.Object, java.lang.Object, int)'> (0x00000000a87459e8) 
thrown [s\src\hotspot\share\interpreter\linkResolver.cpp, line 759]
Event: 15.942 Thread 0x0000026ae2bd4a10 Exception <a 'java/lang/NoSuchMethodError'{0x00000000a8100ad8}: 'java.lang.Object java.lang.invoke.Invokers$Holder.linkToTargetMethod(java.lang.Object, long, java.lang.Object)'> (0x00000000a8100ad8) 
thrown [s\src\hotspot\share\interpreter\linkResolver.cpp, line 759]
Event: 15.980 Thread 0x0000026ae5343170 Exception <a 'java/lang/NoSuchMethodError'{0x00000000a80684c0}: 'void java.lang.invoke.DirectMethodHandle$Holder.invokeVirtual(java.lang.Object, java.lang.Object, java.lang.Object, java.lang.Object)'> (0x00000000a80684c0) 
thrown [s\src\hotspot\share\interpreter\linkResolver.cpp, line 759]
Event: 16.009 Thread 0x0000026ae2bd4a10 Exception <a 'sun/nio/fs/WindowsException'{0x00000000a7d93540}> (0x00000000a7d93540) 
thrown [s\src\hotspot\share\prims\jni.cpp, line 516]
Event: 16.010 Thread 0x0000026ae2bd4a10 Exception <a 'sun/nio/fs/WindowsException'{0x00000000a7d93f20}> (0x00000000a7d93f20) 
thrown [s\src\hotspot\share\prims\jni.cpp, line 516]
Event: 16.010 Thread 0x0000026ae2bd4a10 Exception <a 'sun/nio/fs/WindowsException'{0x00000000a7d948c0}> (0x00000000a7d948c0) 
thrown [s\src\hotspot\share\prims\jni.cpp, line 516]
Event: 16.010 Thread 0x0000026ae2bd4a10 Exception <a 'sun/nio/fs/WindowsException'{0x00000000a7d95368}> (0x00000000a7d95368) 
thrown [s\src\hotspot\share\prims\jni.cpp, line 516]
Event: 16.010 Thread 0x0000026ae2bd4a10 Exception <a 'sun/nio/fs/WindowsException'{0x00000000a7d95eb0}> (0x00000000a7d95eb0) 
thrown [s\src\hotspot\share\prims\jni.cpp, line 516]
Event: 16.012 Thread 0x0000026ae2bd4a10 Exception <a 'sun/nio/fs/WindowsException'{0x00000000a7cab300}> (0x00000000a7cab300) 
thrown [s\src\hotspot\share\prims\jni.cpp, line 516]
Event: 16.013 Thread 0x0000026ae2bd4a10 Exception <a 'sun/nio/fs/WindowsException'{0x00000000a7cabce0}> (0x00000000a7cabce0) 
thrown [s\src\hotspot\share\prims\jni.cpp, line 516]
Event: 16.013 Thread 0x0000026ae2bd4a10 Exception <a 'sun/nio/fs/WindowsException'{0x00000000a7cac680}> (0x00000000a7cac680) 
thrown [s\src\hotspot\share\prims\jni.cpp, line 516]
Event: 16.013 Thread 0x0000026ae2bd4a10 Exception <a 'sun/nio/fs/WindowsException'{0x00000000a7cad128}> (0x00000000a7cad128) 
thrown [s\src\hotspot\share\prims\jni.cpp, line 516]
Event: 16.013 Thread 0x0000026ae2bd4a10 Exception <a 'sun/nio/fs/WindowsException'{0x00000000a7cadc70}> (0x00000000a7cadc70) 
thrown [s\src\hotspot\share\prims\jni.cpp, line 516]
Event: 16.104 Thread 0x0000026ae5343170 Exception <a 'sun/nio/fs/WindowsException'{0x00000000a71ca1f0}> (0x00000000a71ca1f0) 
thrown [s\src\hotspot\share\prims\jni.cpp, line 516]
Event: 16.116 Thread 0x0000026ae5343170 Exception <a 'java/lang/NoSuchMethodError'{0x00000000a70d3500}: 'int java.lang.invoke.DirectMethodHandle$Holder.invokeStaticInit(java.lang.Object, java.lang.Object, java.lang.Object, java.lang.Object)'> (0x00000000a70d3500) 
thrown [s\src\hotspot\share\interpreter\linkResolver.cpp, line 759]

VM Operations (20 events):
Event: 16.875 Executing VM operation: G1CollectForAllocation done
Event: 16.876 Executing VM operation: G1CollectForAllocation
Event: 16.887 Executing VM operation: G1CollectForAllocation done
Event: 16.938 Executing VM operation: HandshakeAllThreads
Event: 16.954 Executing VM operation: HandshakeAllThreads done
Event: 16.955 Executing VM operation: HandshakeAllThreads
Event: 16.960 Executing VM operation: HandshakeAllThreads done
Event: 16.965 Executing VM operation: G1CollectForAllocation
Event: 16.966 Executing VM operation: G1CollectForAllocation done
Event: 16.966 Executing VM operation: HandshakeAllThreads
Event: 16.966 Executing VM operation: HandshakeAllThreads done
Event: 16.966 Executing VM operation: G1CollectForAllocation
Event: 16.968 Executing VM operation: G1CollectForAllocation done
Event: 17.042 Executing VM operation: G1CollectForAllocation
Event: 17.052 Executing VM operation: G1CollectForAllocation done
Event: 17.053 Executing VM operation: G1CollectForAllocation
Event: 17.056 Executing VM operation: G1CollectForAllocation done
Event: 17.118 Executing VM operation: G1CollectForAllocation
Event: 17.118 Executing VM operation: G1CollectForAllocation done
Event: 17.118 Executing VM operation: G1CollectForAllocation

Events (20 events):
Event: 17.070 loading class java/lang/ExceptionInInitializerError
Event: 17.070 loading class java/lang/ExceptionInInitializerError done
Event: 17.115 loading class sun/security/provider/certpath/ldap/JdkLDAP
Event: 17.115 loading class sun/security/provider/certpath/ldap/JdkLDAP done
Event: 17.115 loading class sun/security/provider/certpath/ldap/JdkLDAP$ProviderService
Event: 17.115 loading class sun/security/provider/certpath/ldap/JdkLDAP$ProviderService done
Event: 17.115 loading class com/sun/security/sasl/Provider
Event: 17.116 loading class com/sun/security/sasl/Provider done
Event: 17.116 loading class com/sun/security/sasl/Provider$1
Event: 17.116 loading class com/sun/security/sasl/Provider$1 done
Event: 17.116 loading class com/sun/security/sasl/Provider$ProviderService
Event: 17.116 loading class com/sun/security/sasl/Provider$ProviderService done
Event: 17.116 loading class sun/security/ssl/PredefinedDHParameterSpecs
Event: 17.116 loading class sun/security/ssl/PredefinedDHParameterSpecs done
Event: 17.117 loading class sun/security/ssl/PredefinedDHParameterSpecs$1
Event: 17.117 loading class sun/security/ssl/PredefinedDHParameterSpecs$1 done
Event: 17.117 loading class javax/crypto/spec/DHParameterSpec
Event: 17.117 loading class javax/crypto/spec/DHParameterSpec done
Event: 17.118 loading class com/sun/crypto/provider/DHParameters
Event: 17.118 loading class com/sun/crypto/provider/DHParameters done


Dynamic libraries:
0x00007ff7a5de0000 - 0x00007ff7a5dee000 	c:\Users\Wladi\.vscode\extensions\redhat.java-1.13.0-win32-x64\jre\17.0.5-win32-x86_64\bin\java.exe
0x00007ffef42f0000 - 0x00007ffef44e8000 	C:\Windows\SYSTEM32\ntdll.dll
0x00007ffee91f0000 - 0x00007ffee9207000 	C:\Program Files\Avast Software\Avast\aswhook.dll
0x00007ffef3210000 - 0x00007ffef32cf000 	C:\Windows\System32\KERNEL32.DLL
0x00007ffef1b60000 - 0x00007ffef1e32000 	C:\Windows\System32\KERNELBASE.dll
0x00007ffef1e40000 - 0x00007ffef1f40000 	C:\Windows\System32\ucrtbase.dll
0x00007ffedee00000 - 0x00007ffedee17000 	c:\Users\Wladi\.vscode\extensions\redhat.java-1.13.0-win32-x64\jre\17.0.5-win32-x86_64\bin\jli.dll
0x00007ffedd140000 - 0x00007ffedd159000 	c:\Users\Wladi\.vscode\extensions\redhat.java-1.13.0-win32-x64\jre\17.0.5-win32-x86_64\bin\VCRUNTIME140.dll
0x00007ffef4100000 - 0x00007ffef42a1000 	C:\Windows\System32\USER32.dll
0x00007ffef1b30000 - 0x00007ffef1b52000 	C:\Windows\System32\win32u.dll
0x00007ffef3b00000 - 0x00007ffef3b2b000 	C:\Windows\System32\GDI32.dll
0x00007ffef2130000 - 0x00007ffef223f000 	C:\Windows\System32\gdi32full.dll
0x00007ffef1a90000 - 0x00007ffef1b2d000 	C:\Windows\System32\msvcp_win.dll
0x00007ffed9b20000 - 0x00007ffed9dba000 	C:\Windows\WinSxS\amd64_microsoft.windows.common-controls_6595b64144ccf1df_6.0.19041.1110_none_60b5254171f9507e\COMCTL32.dll
0x00007ffef4060000 - 0x00007ffef40fe000 	C:\Windows\System32\msvcrt.dll
0x00007ffef3460000 - 0x00007ffef3492000 	C:\Windows\System32\IMM32.DLL
0x00007ffeed4c0000 - 0x00007ffeed4cc000 	c:\Users\Wladi\.vscode\extensions\redhat.java-1.13.0-win32-x64\jre\17.0.5-win32-x86_64\bin\vcruntime140_1.dll
0x00007ffeca430000 - 0x00007ffeca4c1000 	c:\Users\Wladi\.vscode\extensions\redhat.java-1.13.0-win32-x64\jre\17.0.5-win32-x86_64\bin\msvcp140.dll
0x00007ffea6370000 - 0x00007ffea6fb4000 	c:\Users\Wladi\.vscode\extensions\redhat.java-1.13.0-win32-x64\jre\17.0.5-win32-x86_64\bin\server\jvm.dll
0x00007ffef32d0000 - 0x00007ffef337e000 	C:\Windows\System32\ADVAPI32.dll
0x00007ffef39b0000 - 0x00007ffef3a4c000 	C:\Windows\System32\sechost.dll
0x00007ffef3db0000 - 0x00007ffef3ed5000 	C:\Windows\System32\RPCRT4.dll
0x00007ffee5e40000 - 0x00007ffee5e49000 	C:\Windows\SYSTEM32\WSOCK32.dll
0x00007ffef3b30000 - 0x00007ffef3b9b000 	C:\Windows\System32\WS2_32.dll
0x00007ffee8260000 - 0x00007ffee8287000 	C:\Windows\SYSTEM32\WINMM.dll
0x00007ffee9350000 - 0x00007ffee935a000 	C:\Windows\SYSTEM32\VERSION.dll
0x00007ffeef8c0000 - 0x00007ffeef8d2000 	C:\Windows\SYSTEM32\kernel.appcore.dll
0x00007ffeed420000 - 0x00007ffeed42a000 	c:\Users\Wladi\.vscode\extensions\redhat.java-1.13.0-win32-x64\jre\17.0.5-win32-x86_64\bin\jimage.dll
0x00007ffeeaa90000 - 0x00007ffeeac74000 	C:\Windows\SYSTEM32\DBGHELP.DLL
0x00007ffee8120000 - 0x00007ffee8155000 	C:\Windows\SYSTEM32\dbgcore.DLL
0x00007ffef20a0000 - 0x00007ffef2122000 	C:\Windows\System32\bcryptPrimitives.dll
0x00007ffedcdf0000 - 0x00007ffedce15000 	c:\Users\Wladi\.vscode\extensions\redhat.java-1.13.0-win32-x64\jre\17.0.5-win32-x86_64\bin\java.dll
0x00007ffedcdd0000 - 0x00007ffedcde8000 	c:\Users\Wladi\.vscode\extensions\redhat.java-1.13.0-win32-x64\jre\17.0.5-win32-x86_64\bin\zip.dll
0x00007ffef29f0000 - 0x00007ffef3134000 	C:\Windows\System32\SHELL32.dll
0x00007ffeefac0000 - 0x00007ffef0252000 	C:\Windows\SYSTEM32\windows.storage.dll
0x00007ffef34a0000 - 0x00007ffef37f5000 	C:\Windows\System32\combase.dll
0x00007ffef1360000 - 0x00007ffef1390000 	C:\Windows\SYSTEM32\Wldp.dll
0x00007ffef3160000 - 0x00007ffef320d000 	C:\Windows\System32\SHCORE.dll
0x00007ffef3ee0000 - 0x00007ffef3f35000 	C:\Windows\System32\shlwapi.dll
0x00007ffef1920000 - 0x00007ffef193f000 	C:\Windows\SYSTEM32\profapi.dll
0x00007ffedcdb0000 - 0x00007ffedcdc9000 	C:\Users\Wladi\.vscode\extensions\redhat.java-1.13.0-win32-x64\jre\17.0.5-win32-x86_64\bin\net.dll
0x00007ffee9360000 - 0x00007ffee946c000 	C:\Windows\SYSTEM32\WINHTTP.dll
0x00007ffef10c0000 - 0x00007ffef112a000 	C:\Windows\system32\mswsock.dll
0x00007ffedcd90000 - 0x00007ffedcda5000 	C:\Users\Wladi\.vscode\extensions\redhat.java-1.13.0-win32-x64\jre\17.0.5-win32-x86_64\bin\nio.dll
0x00007ffee94d0000 - 0x00007ffee94e0000 	c:\Users\Wladi\.vscode\extensions\redhat.java-1.13.0-win32-x64\jre\17.0.5-win32-x86_64\bin\verify.dll
0x00007ffee8980000 - 0x00007ffee8989000 	C:\Users\Wladi\.vscode\extensions\redhat.java-1.13.0-win32-x64\jre\17.0.5-win32-x86_64\bin\management.dll
0x00007ffee8950000 - 0x00007ffee895b000 	C:\Users\Wladi\.vscode\extensions\redhat.java-1.13.0-win32-x64\jre\17.0.5-win32-x86_64\bin\management_ext.dll
0x00007ffef3ae0000 - 0x00007ffef3ae8000 	C:\Windows\System32\PSAPI.DLL
0x00007ffed80a0000 - 0x00007ffed80b7000 	C:\Windows\system32\napinsp.dll
0x00007ffed2730000 - 0x00007ffed274b000 	C:\Windows\system32\pnrpnsp.dll
0x00007ffece290000 - 0x00007ffece2a5000 	C:\Windows\system32\wshbth.dll
0x00007ffeed2b0000 - 0x00007ffeed2cd000 	C:\Windows\system32\NLAapi.dll
0x00007ffef0db0000 - 0x00007ffef0deb000 	C:\Windows\SYSTEM32\IPHLPAPI.DLL
0x00007ffef0df0000 - 0x00007ffef0eba000 	C:\Windows\SYSTEM32\DNSAPI.dll
0x00007ffef3af0000 - 0x00007ffef3af8000 	C:\Windows\System32\NSI.dll
0x00007ffece250000 - 0x00007ffece262000 	C:\Windows\System32\winrnr.dll
0x00007ffee20d0000 - 0x00007ffee20da000 	C:\Windows\System32\rasadhlp.dll
0x00007ffee6090000 - 0x00007ffee6110000 	C:\Windows\System32\fwpuclnt.dll
0x00007ffef22b0000 - 0x00007ffef22d7000 	C:\Windows\System32\bcrypt.dll
0x00007ffef12c0000 - 0x00007ffef12d8000 	C:\Windows\SYSTEM32\CRYPTSP.dll
0x00007ffef09e0000 - 0x00007ffef0a14000 	C:\Windows\system32\rsaenh.dll
0x00007ffef18a0000 - 0x00007ffef18ce000 	C:\Windows\SYSTEM32\USERENV.dll
0x00007ffef12b0000 - 0x00007ffef12bc000 	C:\Windows\SYSTEM32\CRYPTBASE.dll
0x00007ffeea400000 - 0x00007ffeea417000 	C:\Windows\SYSTEM32\dhcpcsvc6.DLL
0x00007ffeeb710000 - 0x00007ffeeb72d000 	C:\Windows\SYSTEM32\dhcpcsvc.DLL
0x00007ffee87e0000 - 0x00007ffee87ee000 	C:\Users\Wladi\.vscode\extensions\redhat.java-1.13.0-win32-x64\jre\17.0.5-win32-x86_64\bin\sunmscapi.dll
0x00007ffef1f40000 - 0x00007ffef2096000 	C:\Windows\System32\CRYPT32.dll
0x00007ffef13d0000 - 0x00007ffef13f7000 	C:\Windows\SYSTEM32\ncrypt.dll
0x00007ffef1390000 - 0x00007ffef13cb000 	C:\Windows\SYSTEM32\NTASN1.dll

dbghelp: loaded successfully - version: 4.0.5 - missing functions: none
symbol engine: initialized successfully - sym options: 0x614 - pdb path: .;c:\Users\Wladi\.vscode\extensions\redhat.java-1.13.0-win32-x64\jre\17.0.5-win32-x86_64\bin;C:\Windows\SYSTEM32;C:\Program Files\Avast Software\Avast;C:\Windows\WinSxS\amd64_microsoft.windows.common-controls_6595b64144ccf1df_6.0.19041.1110_none_60b5254171f9507e;c:\Users\Wladi\.vscode\extensions\redhat.java-1.13.0-win32-x64\jre\17.0.5-win32-x86_64\bin\server

VM Arguments:
jvm_args: -Dsts.lsp.client=vscode -Dsts.log.file=/dev/null -XX:TieredStopAtLevel=1 -Xlog:jni+resolve=off -Dspring.config.location=file:c:\Users\Wladi\.vscode\extensions\pivotal.vscode-spring-boot-1.42.0\language-server\BOOT-INF\classes\application.properties 
java_command: org.springframework.ide.vscode.boot.app.BootLanguageServerBootApp
java_class_path (initial): c:\Users\Wladi\.vscode\extensions\pivotal.vscode-spring-boot-1.42.0\language-server\BOOT-INF\classes;c:\Users\Wladi\.vscode\extensions\pivotal.vscode-spring-boot-1.42.0\language-server\BOOT-INF\lib\annotations-23.1.0.jar;c:\Users\Wladi\.vscode\extensions\pivotal.vscode-spring-boot-1.42.0\language-server\BOOT-INF\lib\ant-1.10.12.jar;c:\Users\Wladi\.vscode\extensions\pivotal.vscode-spring-boot-1.42.0\language-server\BOOT-INF\lib\ant-launcher-1.10.12.jar;c:\Users\Wladi\.vscode\extensions\pivotal.vscode-spring-boot-1.42.0\language-server\BOOT-INF\lib\antlr-runtime-3.5.2.jar;c:\Users\Wladi\.vscode\extensions\pivotal.vscode-spring-boot-1.42.0\language-server\BOOT-INF\lib\antlr4-4.9.3.jar;c:\Users\Wladi\.vscode\extensions\pivotal.vscode-spring-boot-1.42.0\language-server\BOOT-INF\lib\antlr4-runtime-4.9.3.jar;c:\Users\Wladi\.vscode\extensions\pivotal.vscode-spring-boot-1.42.0\language-server\BOOT-INF\lib\apiguardian-api-1.1.2.jar;c:\Users\Wladi\.vscode\extensions\pivotal.vscode-spring-boot-1.42.0\language-server\BOOT-INF\lib\asm-9.4.jar;c:\Users\Wladi\.vscode\extensions\pivotal.vscode-spring-boot-1.42.0\language-server\BOOT-INF\lib\asm-analysis-9.4.jar;c:\Users\Wladi\.vscode\extensions\pivotal.vscode-spring-boot-1.42.0\language-server\BOOT-INF\lib\asm-tree-9.4.jar;c:\Users\Wladi\.vscode\extensions\pivotal.vscode-spring-boot-1.42.0\language-server\BOOT-INF\lib\asm-util-9.4.jar;c:\Users\Wladi\.vscode\extensions\pivotal.vscode-spring-boot-1.42.0\language-server\BOOT-INF\lib\caffeine-2.9.3.jar;c:\Users\Wladi\.vscode\extensions\pivotal.vscode-spring-boot-1.42.0\language-server\BOOT-INF\lib\checker-qual-3.12.0.jar;c:\Users\Wladi\.vscode\extensions\pivotal.vscode-spring-boot-1.42.0\language-server\BOOT-INF\lib\ci-environment-9.1.0.jar;c:\Users\Wladi\.vscode\extensions\pivotal.vscode-spring-boot-1.42.0\language-server\BOOT-INF\lib\classgraph-4.8.149.jar;c:\Users\Wladi\.vscode\extensions\pivotal.vscode-spring-boot-1.42.0\language-server\BOOT-INF\lib\comm
Launcher Type: SUN_STANDARD

[Global flags]
     intx CICompilerCount                          = 3                                         {product} {ergonomic}
     uint ConcGCThreads                            = 1                                         {product} {ergonomic}
     uint G1ConcRefinementThreads                  = 4                                         {product} {ergonomic}
   size_t G1HeapRegionSize                         = 1048576                                   {product} {ergonomic}
    uintx GCDrainStackTargetSize                   = 64                                        {product} {ergonomic}
   size_t InitialHeapSize                          = 100663296                                 {product} {ergonomic}
   size_t MarkStackSize                            = 4194304                                   {product} {ergonomic}
   size_t MaxHeapSize                              = 1593835520                                {product} {ergonomic}
   size_t MaxNewSize                               = 956301312                                 {product} {ergonomic}
   size_t MinHeapDeltaBytes                        = 1048576                                   {product} {ergonomic}
   size_t MinHeapSize                              = 8388608                                   {product} {ergonomic}
    uintx NonProfiledCodeHeapSize                  = 0                                      {pd product} {ergonomic}
     bool ProfileInterpreter                       = false                                  {pd product} {command line}
    uintx ProfiledCodeHeapSize                     = 0                                      {pd product} {ergonomic}
   size_t SoftMaxHeapSize                          = 1593835520                             {manageable} {ergonomic}
     intx TieredStopAtLevel                        = 1                                         {product} {command line}
     bool UseCompressedClassPointers               = true                           {product lp64_product} {ergonomic}
     bool UseCompressedOops                        = true                           {product lp64_product} {ergonomic}
     bool UseG1GC                                  = true                                      {product} {ergonomic}
     bool UseLargePagesIndividualAllocation        = false                                  {pd product} {ergonomic}

Logging:
Log output configuration:
 #0: stdout all=warning,jni+resolve=off uptime,level,tags
 #1: stderr all=off uptime,level,tags

Environment Variables:
PATH=C:\Program Files\Common Files\Oracle\Java\javapath;C:\Windows\system32;C:\Windows;C:\Windows\System32\Wbem;C:\Windows\System32\WindowsPowerShell\v1.0\;C:\Windows\System32\OpenSSH\;C:\Users\Wladi\Documents\Executaveis\apache-maven-3.8.5\apache-maven\src\bin;C:\Program Files\Microsoft SQL Server\Client SDK\ODBC\130\Tools\Binn\;C:\Program Files (x86)\Microsoft SQL Server\140\Tools\Binn\;C:\Program Files\Microsoft SQL Server\140\Tools\Binn\;C:\Program Files\Microsoft SQL Server\140\DTS\Binn\;C:\Program Files (x86)\Microsoft SQL Server\150\DTS\Binn\;C:\Program Files\Git\cmd;C:\Program Files\MySQL\MySQL Shell 8.0\bin\;C:\Users\Wladi\AppData\Local\Microsoft\WindowsApps;C:\Users\Wladi\AppData\Local\Programs\Microsoft VS Code\bin;C:\Users\Wladi\Documents\Executaveis\apache-maven-3.8.5\bin;C:\Program Files\Azure Data Studio\bin
USERNAME=Wladi
OS=Windows_NT
PROCESSOR_IDENTIFIER=AMD64 Family 23 Model 24 Stepping 1, AuthenticAMD
TMP=C:\Users\Wladi\AppData\Local\Temp
TEMP=C:\Users\Wladi\AppData\Local\Temp



---------------  S Y S T E M  ---------------

OS:
 Windows 10 , 64 bit Build 19041 (10.0.19041.2364)
OS uptime: 12 days 18:19 hours

CPU: total 4 (initial active 4) (4 cores per cpu, 2 threads per core) family 23 model 24 stepping 1 microcode 0x0, cx8, cmov, fxsr, ht, mmx, 3dnowpref, sse, sse2, sse3, ssse3, sse4a, sse4.1, sse4.2, popcnt, lzcnt, tsc, tscinvbit, avx, avx2, aes, clmul, bmi1, bmi2, adx, sha, fma, vzeroupper, clflush, clflushopt

Memory: 4k page, system-wide physical 6075M (116M free)
TotalPageFile size 21258M (AvailPageFile size 63M)
current process WorkingSet (physical memory assigned to process): 287M, peak: 287M
current process commit charge ("private bytes"): 351M, peak: 571M

vm_info: OpenJDK 64-Bit Server VM (17.0.5+8) for windows-amd64 JRE (17.0.5+8), built on Oct 19 2022 04:48:13 by "temurin" with MS VC++ 16.7 (VS2019)

END.
