#
# There is insufficient memory for the Java Runtime Environment to continue.
# Native memory allocation (mmap) failed to map 248512512 bytes for G1 virtual space
# Possible reasons:
#   The system is out of physical RAM or swap space
#   The process is running with CompressedOops enabled, and the Java Heap may be blocking the growth of the native heap
# Possible solutions:
#   Reduce memory load on the system
#   Increase physical memory or swap space
#   Check if swap backing store is full
#   Decrease Java heap size (-Xmx/-Xms)
#   Decrease number of Java threads
#   Decrease Java thread stack sizes (-Xss)
#   Set larger code cache with -XX:ReservedCodeCacheSize=
#   JVM is running with Unscaled Compressed Oops mode in which the Java heap is
#     placed in the first 4GB address space. The Java Heap base address is the
#     maximum limit for the native heap growth. Please use -XX:HeapBaseMinAddress
#     to set the Java Heap base and to place the Java Heap above 4GB virtual address.
# This output file may be truncated or incomplete.
#
#  Out of Memory Error (os_windows.cpp:3548), pid=9944, tid=16072
#
# JRE version: OpenJDK Runtime Environment Temurin-17.0.5+8 (17.0.5+8) (build 17.0.5+8)
# Java VM: OpenJDK 64-Bit Server VM Temurin-17.0.5+8 (17.0.5+8, mixed mode, emulated-client, tiered, compressed oops, compressed class ptrs, g1 gc, windows-amd64)
# No core dump will be written. Minidumps are not enabled by default on client versions of Windows
#

---------------  S U M M A R Y ------------

Command Line: -Dsts.lsp.client=vscode -Dsts.log.file=/dev/null -XX:TieredStopAtLevel=1 -Xlog:jni+resolve=off -Dspring.config.location=file:c:\Users\Wladi\.vscode\extensions\pivotal.vscode-spring-boot-1.42.0\language-server\BOOT-INF\classes\application.properties org.springframework.ide.vscode.boot.app.BootLanguageServerBootApp

Host: AMD Athlon 3000G with Radeon Vega Graphics     , 4 cores, 5G,  Windows 10 , 64 bit Build 19041 (10.0.19041.2364)
Time: Sun Jan  8 07:59:09 2023 Hora oficial do Brasil elapsed time: 9.911759 seconds (0d 0h 0m 9s)

---------------  T H R E A D  ---------------

Current thread (0x00000245ab973040):  VMThread "VM Thread" [stack: 0x00000069df200000,0x00000069df300000] [id=16072]

Stack: [0x00000069df200000,0x00000069df300000]
Native frames: (J=compiled Java code, j=interpreted, Vv=VM code, C=native code)
V  [jvm.dll+0x676b3a]
V  [jvm.dll+0x831444]
V  [jvm.dll+0x832bee]
V  [jvm.dll+0x833253]
V  [jvm.dll+0x244ce5]
V  [jvm.dll+0x673a49]
V  [jvm.dll+0x66811a]
V  [jvm.dll+0x303ceb]
V  [jvm.dll+0x30b1e6]
V  [jvm.dll+0x35adbe]
V  [jvm.dll+0x35afef]
V  [jvm.dll+0x2dab88]
V  [jvm.dll+0x2d8e3c]
V  [jvm.dll+0x2d840c]
V  [jvm.dll+0x31c31b]
V  [jvm.dll+0x8376fb]
V  [jvm.dll+0x838434]
V  [jvm.dll+0x83894c]
V  [jvm.dll+0x838d24]
V  [jvm.dll+0x838df0]
V  [jvm.dll+0x7e17ea]
V  [jvm.dll+0x6759e5]
C  [ucrtbase.dll+0x21bb2]
C  [KERNEL32.DLL+0x17614]
C  [ntdll.dll+0x526a1]

VM_Operation (0x00000069e14fe7f0): G1CollectForAllocation, mode: safepoint, requested by thread 0x00000245ae55b480


---------------  P R O C E S S  ---------------

Threads class SMR info:
_java_thread_list=0x00000245ae97ec60, length=38, elements={
0x00000245ab9760b0, 0x00000245ab9a47d0, 0x00000245ab9d4810, 0x00000245ab9d7490,
0x00000245ab9d9250, 0x00000245ab9d9c00, 0x00000245ab9db580, 0x00000245ab9dbe80,
0x00000245ac5e6fe0, 0x00000245ac5f0d40, 0x00000245ae23d1c0, 0x00000245acd4f7a0,
0x00000245ac4fe450, 0x00000245a01bd5c0, 0x00000245ac4b3020, 0x00000245adccdfc0,
0x00000245ace13da0, 0x00000245ae556020, 0x00000245ac54e000, 0x00000245ae5592d0,
0x00000245ae558e00, 0x00000245ae55aae0, 0x00000245ae558930, 0x00000245ae5597a0,
0x00000245ae558460, 0x00000245ae559c70, 0x00000245ae55afb0, 0x00000245ae557f90,
0x00000245ae55a140, 0x00000245ae55a610, 0x00000245ae55b480, 0x00000245ae557ac0,
0x00000245b089dfe0, 0x00000245b089e980, 0x00000245b089ee50, 0x00000245b089e4b0,
0x00000245b089cca0, 0x00000245b089d170
}

Java Threads: ( => current thread )
  0x00000245ab9760b0 JavaThread "Reference Handler" daemon [_thread_blocked, id=13384, stack(0x00000069df300000,0x00000069df400000)]
  0x00000245ab9a47d0 JavaThread "Finalizer" daemon [_thread_blocked, id=7244, stack(0x00000069df400000,0x00000069df500000)]
  0x00000245ab9d4810 JavaThread "Signal Dispatcher" daemon [_thread_blocked, id=15008, stack(0x00000069df500000,0x00000069df600000)]
  0x00000245ab9d7490 JavaThread "Attach Listener" daemon [_thread_blocked, id=12712, stack(0x00000069df600000,0x00000069df700000)]
  0x00000245ab9d9250 JavaThread "Service Thread" daemon [_thread_blocked, id=2796, stack(0x00000069df700000,0x00000069df800000)]
  0x00000245ab9d9c00 JavaThread "Monitor Deflation Thread" daemon [_thread_blocked, id=15532, stack(0x00000069df800000,0x00000069df900000)]
  0x00000245ab9db580 JavaThread "C1 CompilerThread0" daemon [_thread_blocked, id=7460, stack(0x00000069df900000,0x00000069dfa00000)]
  0x00000245ab9dbe80 JavaThread "Sweeper thread" daemon [_thread_blocked, id=14968, stack(0x00000069dfa00000,0x00000069dfb00000)]
  0x00000245ac5e6fe0 JavaThread "Notification Thread" daemon [_thread_blocked, id=14028, stack(0x00000069dfb00000,0x00000069dfc00000)]
  0x00000245ac5f0d40 JavaThread "Common-Cleaner" daemon [_thread_blocked, id=8468, stack(0x00000069dfd00000,0x00000069dfe00000)]
  0x00000245ae23d1c0 JavaThread "boundedElastic-evictor-1" daemon [_thread_blocked, id=14856, stack(0x00000069e0100000,0x00000069e0200000)]
  0x00000245acd4f7a0 JavaThread "pool-11-thread-1" [_thread_blocked, id=5172, stack(0x00000069e0200000,0x00000069e0300000)]
  0x00000245ac4fe450 JavaThread "LanguageServerApp-lifecycle" [_thread_blocked, id=616, stack(0x00000069e0300000,0x00000069e0400000)]
  0x00000245a01bd5c0 JavaThread "DestroyJavaVM" [_thread_blocked, id=6540, stack(0x00000069dec00000,0x00000069ded00000)]
  0x00000245ac4b3020 JavaThread "pool-12-thread-1" [_thread_in_native, id=14996, stack(0x00000069e0400000,0x00000069e0500000)]
  0x00000245adccdfc0 JavaThread "Simple-Language-Server main thread" daemon [_thread_blocked, id=11688, stack(0x00000069e0500000,0x00000069e0600000)]
  0x00000245ace13da0 JavaThread "pool-8-thread-1" [_thread_blocked, id=8272, stack(0x00000069e0600000,0x00000069e0700000)]
  0x00000245ae556020 JavaThread "parallel-1" daemon [_thread_blocked, id=8488, stack(0x00000069e0700000,0x00000069e0800000)]
  0x00000245ac54e000 JavaThread "parallel-2" daemon [_thread_blocked, id=13684, stack(0x00000069e0800000,0x00000069e0900000)]
  0x00000245ae5592d0 JavaThread "parallel-3" daemon [_thread_blocked, id=14880, stack(0x00000069e0900000,0x00000069e0a00000)]
  0x00000245ae558e00 JavaThread "parallel-4" daemon [_thread_blocked, id=1340, stack(0x00000069e0a00000,0x00000069e0b00000)]
  0x00000245ae55aae0 JavaThread "ForkJoinPool.commonPool-worker-1" daemon [_thread_blocked, id=14716, stack(0x00000069e0b00000,0x00000069e0c00000)]
  0x00000245ae558930 JavaThread "Reconciler-1" daemon [_thread_blocked, id=12448, stack(0x00000069e0c00000,0x00000069e0d00000)]
  0x00000245ae5597a0 JavaThread "ClassGraph-worker-0" daemon [_thread_blocked, id=12340, stack(0x00000069e0d00000,0x00000069e0e00000)]
  0x00000245ae558460 JavaThread "ClassGraph-worker-1" daemon [_thread_blocked, id=9424, stack(0x00000069e0e00000,0x00000069e0f00000)]
  0x00000245ae559c70 JavaThread "ClassGraph-worker-2" daemon [_thread_blocked, id=16168, stack(0x00000069e0f00000,0x00000069e1000000)]
  0x00000245ae55afb0 JavaThread "ClassGraph-worker-3" daemon [_thread_blocked, id=12256, stack(0x00000069e1000000,0x00000069e1100000)]
  0x00000245ae557f90 JavaThread "ClassGraph-worker-4" daemon [_thread_blocked, id=15896, stack(0x00000069e1100000,0x00000069e1200000)]
  0x00000245ae55a140 JavaThread "ClassGraph-worker-5" daemon [_thread_blocked, id=10124, stack(0x00000069e1200000,0x00000069e1300000)]
  0x00000245ae55a610 JavaThread "ClassGraph-worker-6" daemon [_thread_blocked, id=11816, stack(0x00000069e1300000,0x00000069e1400000)]
  0x00000245ae55b480 JavaThread "ClassGraph-worker-7" daemon [_thread_blocked, id=2724, stack(0x00000069e1400000,0x00000069e1500000)]
  0x00000245ae557ac0 JavaThread "pool-6-thread-1" [_thread_blocked, id=2544, stack(0x00000069e1500000,0x00000069e1600000)]
  0x00000245b089dfe0 JavaThread "pool-10-thread-1" [_thread_blocked, id=9980, stack(0x00000069e1600000,0x00000069e1700000)]
  0x00000245b089e980 JavaThread "ForkJoinPool.commonPool-worker-2" daemon [_thread_blocked, id=9428, stack(0x00000069e1700000,0x00000069e1800000)]
  0x00000245b089ee50 JavaThread "pool-10-thread-2" [_thread_blocked, id=15732, stack(0x00000069e1800000,0x00000069e1900000)]
  0x00000245b089e4b0 JavaThread "Project-Reconciler-1" daemon [_thread_blocked, id=15036, stack(0x00000069e1900000,0x00000069e1a00000)]
  0x00000245b089cca0 JavaThread "pool-10-thread-3" [_thread_blocked, id=14748, stack(0x00000069e1a00000,0x00000069e1b00000)]
  0x00000245b089d170 JavaThread "Project-Reconciler-2" daemon [_thread_blocked, id=15908, stack(0x00000069e1b00000,0x00000069e1c00000)]

Other Threads:
=>0x00000245ab973040 VMThread "VM Thread" [stack: 0x00000069df200000,0x00000069df300000] [id=16072]
  0x00000245ac5ec4d0 WatcherThread [stack: 0x00000069dfc00000,0x00000069dfd00000] [id=12124]
  0x00000245a0207960 GCTaskThread "GC Thread#0" [stack: 0x00000069ded00000,0x00000069dee00000] [id=10192]
  0x00000245acb31240 GCTaskThread "GC Thread#1" [stack: 0x00000069dfe00000,0x00000069dff00000] [id=11316]
  0x00000245acf01100 GCTaskThread "GC Thread#2" [stack: 0x00000069dff00000,0x00000069e0000000] [id=13236]
  0x00000245adc2daf0 GCTaskThread "GC Thread#3" [stack: 0x00000069e0000000,0x00000069e0100000] [id=16164]
  0x00000245a02146a0 ConcurrentGCThread "G1 Main Marker" [stack: 0x00000069dee00000,0x00000069def00000] [id=11012]
  0x00000245a02150b0 ConcurrentGCThread "G1 Conc#0" [stack: 0x00000069def00000,0x00000069df000000] [id=13988]
  0x00000245a02763c0 ConcurrentGCThread "G1 Refine#0" [stack: 0x00000069df000000,0x00000069df100000] [id=11052]
  0x00000245b0c6c720 ConcurrentGCThread "G1 Refine#1" [stack: 0x00000069e1c00000,0x00000069e1d00000] [id=9604]
  0x00000245a0276de0 ConcurrentGCThread "G1 Service" [stack: 0x00000069df100000,0x00000069df200000] [id=4392]

Threads with active compile tasks:

VM state: at safepoint (normal execution)

VM Mutex/Monitor currently owned by a thread:  ([mutex/lock_event])
[0x00000245a01b9330] Threads_lock - owner thread: 0x00000245ab973040
[0x00000245a01b8ac0] Heap_lock - owner thread: 0x00000245ae55b480

Heap address: 0x00000000a1000000, size: 1520 MB, Compressed Oops mode: 32-bit

CDS archive(s) not mapped
Compressed class space mapped at: 0x0000000100000000-0x0000000140000000, reserved size: 1073741824
Narrow klass base: 0x0000000000000000, Narrow klass shift: 3, Narrow klass range: 0x140000000

GC Precious Log:
 CPUs: 4 total, 4 available
 Memory: 6075M
 Large Page Support: Disabled
 NUMA Support: Disabled
 Compressed Oops: Enabled (32-bit)
 Heap Region Size: 1M
 Heap Min Capacity: 8M
 Heap Initial Capacity: 96M
 Heap Max Capacity: 1520M
 Pre-touch: Disabled
 Parallel Workers: 4
 Concurrent Workers: 1
 Concurrent Refinement Workers: 4
 Periodic GC: Disabled

Heap:
 garbage-first heap   total 128000K, used 74569K [0x00000000a1000000, 0x0000000100000000)
  region size 1024K, 1 young (1024K), 1 survivors (1024K)
 Metaspace       used 45273K, committed 45696K, reserved 1089536K
  class space    used 5673K, committed 5888K, reserved 1048576K

Heap Regions: E=young(eden), S=young(survivor), O=old, HS=humongous(starts), HC=humongous(continues), CS=collection set, F=free, OA=open archive, CA=closed archive, TAMS=top-at-mark-start (previous, next)
|   0|0x00000000a1000000, 0x00000000a1100000, 0x00000000a1100000|100%| O|  |TAMS 0x00000000a1100000, 0x00000000a1000000| Untracked 
|   1|0x00000000a1100000, 0x00000000a1200000, 0x00000000a1200000|100%| O|  |TAMS 0x00000000a1200000, 0x00000000a1100000| Untracked 
|   2|0x00000000a1200000, 0x00000000a1300000, 0x00000000a1300000|100%| O|  |TAMS 0x00000000a1300000, 0x00000000a1200000| Untracked 
|   3|0x00000000a1300000, 0x00000000a1400000, 0x00000000a1400000|100%| O|  |TAMS 0x00000000a1400000, 0x00000000a1300000| Untracked 
|   4|0x00000000a1400000, 0x00000000a1500000, 0x00000000a1500000|100%| O|  |TAMS 0x00000000a1500000, 0x00000000a1400000| Untracked 
|   5|0x00000000a1500000, 0x00000000a1600000, 0x00000000a1600000|100%| O|  |TAMS 0x00000000a1600000, 0x00000000a1500000| Untracked 
|   6|0x00000000a1600000, 0x00000000a1700000, 0x00000000a1700000|100%| O|  |TAMS 0x00000000a1700000, 0x00000000a1600000| Untracked 
|   7|0x00000000a1700000, 0x00000000a1800000, 0x00000000a1800000|100%| O|  |TAMS 0x00000000a1800000, 0x00000000a1700000| Untracked 
|   8|0x00000000a1800000, 0x00000000a1900000, 0x00000000a1900000|100%| O|  |TAMS 0x00000000a1900000, 0x00000000a1800000| Untracked 
|   9|0x00000000a1900000, 0x00000000a1a00000, 0x00000000a1a00000|100%| O|  |TAMS 0x00000000a1a00000, 0x00000000a1900000| Untracked 
|  10|0x00000000a1a00000, 0x00000000a1b00000, 0x00000000a1b00000|100%| O|  |TAMS 0x00000000a1b00000, 0x00000000a1a00000| Untracked 
|  11|0x00000000a1b00000, 0x00000000a1c00000, 0x00000000a1c00000|100%| O|  |TAMS 0x00000000a1c00000, 0x00000000a1b00000| Untracked 
|  12|0x00000000a1c00000, 0x00000000a1d00000, 0x00000000a1d00000|100%| O|  |TAMS 0x00000000a1d00000, 0x00000000a1c00000| Untracked 
|  13|0x00000000a1d00000, 0x00000000a1e00000, 0x00000000a1e00000|100%| O|  |TAMS 0x00000000a1e00000, 0x00000000a1d00000| Untracked 
|  14|0x00000000a1e00000, 0x00000000a1f00000, 0x00000000a1f00000|100%| O|  |TAMS 0x00000000a1f00000, 0x00000000a1e00000| Untracked 
|  15|0x00000000a1f00000, 0x00000000a2000000, 0x00000000a2000000|100%| O|  |TAMS 0x00000000a2000000, 0x00000000a1f00000| Untracked 
|  16|0x00000000a2000000, 0x00000000a2100000, 0x00000000a2100000|100%| O|  |TAMS 0x00000000a2100000, 0x00000000a2000000| Untracked 
|  17|0x00000000a2100000, 0x00000000a2200000, 0x00000000a2200000|100%| O|  |TAMS 0x00000000a2100000, 0x00000000a2100000| Untracked 
|  18|0x00000000a2200000, 0x00000000a2300000, 0x00000000a2300000|100%| O|  |TAMS 0x00000000a2300000, 0x00000000a2200000| Untracked 
|  19|0x00000000a2300000, 0x00000000a2400000, 0x00000000a2400000|100%| O|  |TAMS 0x00000000a2400000, 0x00000000a2300000| Untracked 
|  20|0x00000000a2400000, 0x00000000a2500000, 0x00000000a2500000|100%| O|  |TAMS 0x00000000a2500000, 0x00000000a2400000| Untracked 
|  21|0x00000000a2500000, 0x00000000a2600000, 0x00000000a2600000|100%| O|  |TAMS 0x00000000a2600000, 0x00000000a2500000| Untracked 
|  22|0x00000000a2600000, 0x00000000a2700000, 0x00000000a2700000|100%| O|  |TAMS 0x00000000a2700000, 0x00000000a2600000| Untracked 
|  23|0x00000000a2700000, 0x00000000a2800000, 0x00000000a2800000|100%| O|  |TAMS 0x00000000a2800000, 0x00000000a2700000| Untracked 
|  24|0x00000000a2800000, 0x00000000a2900000, 0x00000000a2900000|100%| O|  |TAMS 0x00000000a2900000, 0x00000000a2800000| Untracked 
|  25|0x00000000a2900000, 0x00000000a2a00000, 0x00000000a2a00000|100%| O|  |TAMS 0x00000000a2a00000, 0x00000000a2900000| Untracked 
|  26|0x00000000a2a00000, 0x00000000a2b00000, 0x00000000a2b00000|100%| O|  |TAMS 0x00000000a2b00000, 0x00000000a2a00000| Untracked 
|  27|0x00000000a2b00000, 0x00000000a2c00000, 0x00000000a2c00000|100%| O|  |TAMS 0x00000000a2c00000, 0x00000000a2b00000| Untracked 
|  28|0x00000000a2c00000, 0x00000000a2d00000, 0x00000000a2d00000|100%| O|  |TAMS 0x00000000a2d00000, 0x00000000a2c00000| Untracked 
|  29|0x00000000a2d00000, 0x00000000a2e00000, 0x00000000a2e00000|100%| O|  |TAMS 0x00000000a2e00000, 0x00000000a2d00000| Untracked 
|  30|0x00000000a2e00000, 0x00000000a2f00000, 0x00000000a2f00000|100%| O|  |TAMS 0x00000000a2f00000, 0x00000000a2e00000| Untracked 
|  31|0x00000000a2f00000, 0x00000000a3000000, 0x00000000a3000000|100%| O|  |TAMS 0x00000000a3000000, 0x00000000a2f00000| Untracked 
|  32|0x00000000a3000000, 0x00000000a3100000, 0x00000000a3100000|100%| O|  |TAMS 0x00000000a3100000, 0x00000000a3000000| Untracked 
|  33|0x00000000a3100000, 0x00000000a3200000, 0x00000000a3200000|100%| O|  |TAMS 0x00000000a3200000, 0x00000000a3100000| Untracked 
|  34|0x00000000a3200000, 0x00000000a3300000, 0x00000000a3300000|100%| O|  |TAMS 0x00000000a3300000, 0x00000000a3200000| Untracked 
|  35|0x00000000a3300000, 0x00000000a3400000, 0x00000000a3400000|100%| O|  |TAMS 0x00000000a3400000, 0x00000000a3300000| Untracked 
|  36|0x00000000a3400000, 0x00000000a3500000, 0x00000000a3500000|100%| O|  |TAMS 0x00000000a3500000, 0x00000000a3400000| Untracked 
|  37|0x00000000a3500000, 0x00000000a3600000, 0x00000000a3600000|100%| O|  |TAMS 0x00000000a3600000, 0x00000000a3500000| Untracked 
|  38|0x00000000a3600000, 0x00000000a3700000, 0x00000000a3700000|100%| O|  |TAMS 0x00000000a3700000, 0x00000000a3600000| Untracked 
|  39|0x00000000a3700000, 0x00000000a3800000, 0x00000000a3800000|100%| O|  |TAMS 0x00000000a3800000, 0x00000000a3700000| Untracked 
|  40|0x00000000a3800000, 0x00000000a3900000, 0x00000000a3900000|100%| O|  |TAMS 0x00000000a3900000, 0x00000000a3800000| Untracked 
|  41|0x00000000a3900000, 0x00000000a3a00000, 0x00000000a3a00000|100%| O|  |TAMS 0x00000000a3a00000, 0x00000000a3900000| Untracked 
|  42|0x00000000a3a00000, 0x00000000a3b00000, 0x00000000a3b00000|100%| O|  |TAMS 0x00000000a3b00000, 0x00000000a3a00000| Untracked 
|  43|0x00000000a3b00000, 0x00000000a3c00000, 0x00000000a3c00000|100%| O|  |TAMS 0x00000000a3c00000, 0x00000000a3b00000| Untracked 
|  44|0x00000000a3c00000, 0x00000000a3d00000, 0x00000000a3d00000|100%| O|  |TAMS 0x00000000a3d00000, 0x00000000a3c00000| Untracked 
|  45|0x00000000a3d00000, 0x00000000a3e00000, 0x00000000a3e00000|100%| O|  |TAMS 0x00000000a3e00000, 0x00000000a3d00000| Untracked 
|  46|0x00000000a3e00000, 0x00000000a3f00000, 0x00000000a3f00000|100%| O|  |TAMS 0x00000000a3f00000, 0x00000000a3e00000| Untracked 
|  47|0x00000000a3f00000, 0x00000000a4000000, 0x00000000a4000000|100%| O|  |TAMS 0x00000000a4000000, 0x00000000a3f00000| Untracked 
|  48|0x00000000a4000000, 0x00000000a4100000, 0x00000000a4100000|100%| O|  |TAMS 0x00000000a4100000, 0x00000000a4000000| Untracked 
|  49|0x00000000a4100000, 0x00000000a4200000, 0x00000000a4200000|100%| O|  |TAMS 0x00000000a4200000, 0x00000000a4100000| Untracked 
|  50|0x00000000a4200000, 0x00000000a4300000, 0x00000000a4300000|100%| O|  |TAMS 0x00000000a4300000, 0x00000000a4200000| Untracked 
|  51|0x00000000a4300000, 0x00000000a4300000, 0x00000000a4400000|  0%| F|  |TAMS 0x00000000a4300000, 0x00000000a4300000| Untracked 
|  52|0x00000000a4400000, 0x00000000a4500000, 0x00000000a4500000|100%|HS|  |TAMS 0x00000000a4500000, 0x00000000a4400000| Complete 
|  53|0x00000000a4500000, 0x00000000a4600000, 0x00000000a4600000|100%| O|  |TAMS 0x00000000a4600000, 0x00000000a4500000| Untracked 
|  54|0x00000000a4600000, 0x00000000a4700000, 0x00000000a4700000|100%| O|  |TAMS 0x00000000a4700000, 0x00000000a4600000| Untracked 
|  55|0x00000000a4700000, 0x00000000a4800000, 0x00000000a4800000|100%| O|  |TAMS 0x00000000a4800000, 0x00000000a4700000| Untracked 
|  56|0x00000000a4800000, 0x00000000a4900000, 0x00000000a4900000|100%| O|  |TAMS 0x00000000a4900000, 0x00000000a4800000| Untracked 
|  57|0x00000000a4900000, 0x00000000a4a00000, 0x00000000a4a00000|100%| O|  |TAMS 0x00000000a4a00000, 0x00000000a4900000| Untracked 
|  58|0x00000000a4a00000, 0x00000000a4b00000, 0x00000000a4b00000|100%| O|  |TAMS 0x00000000a4b00000, 0x00000000a4a00000| Untracked 
|  59|0x00000000a4b00000, 0x00000000a4c00000, 0x00000000a4c00000|100%| O|  |TAMS 0x00000000a4c00000, 0x00000000a4b00000| Untracked 
|  60|0x00000000a4c00000, 0x00000000a4d00000, 0x00000000a4d00000|100%| O|  |TAMS 0x00000000a4d00000, 0x00000000a4c00000| Untracked 
|  61|0x00000000a4d00000, 0x00000000a4e00000, 0x00000000a4e00000|100%| O|  |TAMS 0x00000000a4dcd400, 0x00000000a4d00000| Untracked 
|  62|0x00000000a4e00000, 0x00000000a4f00000, 0x00000000a4f00000|100%| O|  |TAMS 0x00000000a4e00000, 0x00000000a4e00000| Untracked 
|  63|0x00000000a4f00000, 0x00000000a5000000, 0x00000000a5000000|100%| O|  |TAMS 0x00000000a4f00000, 0x00000000a4f00000| Untracked 
|  64|0x00000000a5000000, 0x00000000a5100000, 0x00000000a5100000|100%| O|  |TAMS 0x00000000a5000000, 0x00000000a5000000| Untracked 
|  65|0x00000000a5100000, 0x00000000a5200000, 0x00000000a5200000|100%| O|  |TAMS 0x00000000a5100000, 0x00000000a5100000| Untracked 
|  66|0x00000000a5200000, 0x00000000a5300000, 0x00000000a5300000|100%| O|  |TAMS 0x00000000a5200000, 0x00000000a5200000| Untracked 
|  67|0x00000000a5300000, 0x00000000a5400000, 0x00000000a5400000|100%| O|  |TAMS 0x00000000a5300000, 0x00000000a5300000| Untracked 
|  68|0x00000000a5400000, 0x00000000a5500000, 0x00000000a5500000|100%| O|  |TAMS 0x00000000a5400000, 0x00000000a5400000| Untracked 
|  69|0x00000000a5500000, 0x00000000a5600000, 0x00000000a5600000|100%| O|  |TAMS 0x00000000a5500000, 0x00000000a5500000| Untracked 
|  70|0x00000000a5600000, 0x00000000a5700000, 0x00000000a5700000|100%| O|  |TAMS 0x00000000a5600000, 0x00000000a5600000| Untracked 
|  71|0x00000000a5700000, 0x00000000a5800000, 0x00000000a5800000|100%| O|  |TAMS 0x00000000a5700000, 0x00000000a5700000| Untracked 
|  72|0x00000000a5800000, 0x00000000a5900000, 0x00000000a5900000|100%| O|  |TAMS 0x00000000a5800000, 0x00000000a5800000| Untracked 
|  73|0x00000000a5900000, 0x00000000a596fc00, 0x00000000a5a00000| 43%| O|  |TAMS 0x00000000a5900000, 0x00000000a5900000| Untracked 
|  74|0x00000000a5a00000, 0x00000000a5a00000, 0x00000000a5b00000|  0%| F|  |TAMS 0x00000000a5a00000, 0x00000000a5a00000| Untracked 
|  75|0x00000000a5b00000, 0x00000000a5b00000, 0x00000000a5c00000|  0%| F|  |TAMS 0x00000000a5b00000, 0x00000000a5b00000| Untracked 
|  76|0x00000000a5c00000, 0x00000000a5c00000, 0x00000000a5d00000|  0%| F|  |TAMS 0x00000000a5c00000, 0x00000000a5c00000| Untracked 
|  77|0x00000000a5d00000, 0x00000000a5d00000, 0x00000000a5e00000|  0%| F|  |TAMS 0x00000000a5d00000, 0x00000000a5d00000| Untracked 
|  78|0x00000000a5e00000, 0x00000000a5e00000, 0x00000000a5f00000|  0%| F|  |TAMS 0x00000000a5e00000, 0x00000000a5e00000| Untracked 
|  79|0x00000000a5f00000, 0x00000000a5f00000, 0x00000000a6000000|  0%| F|  |TAMS 0x00000000a5f00000, 0x00000000a5f00000| Untracked 
|  80|0x00000000a6000000, 0x00000000a6000000, 0x00000000a6100000|  0%| F|  |TAMS 0x00000000a6000000, 0x00000000a6000000| Untracked 
|  81|0x00000000a6100000, 0x00000000a6100000, 0x00000000a6200000|  0%| F|  |TAMS 0x00000000a6100000, 0x00000000a6100000| Untracked 
|  82|0x00000000a6200000, 0x00000000a6200000, 0x00000000a6300000|  0%| F|  |TAMS 0x00000000a6200000, 0x00000000a6200000| Untracked 
|  83|0x00000000a6300000, 0x00000000a6300000, 0x00000000a6400000|  0%| F|  |TAMS 0x00000000a6300000, 0x00000000a6300000| Untracked 
|  84|0x00000000a6400000, 0x00000000a6400000, 0x00000000a6500000|  0%| F|  |TAMS 0x00000000a6400000, 0x00000000a6400000| Untracked 
|  85|0x00000000a6500000, 0x00000000a6500000, 0x00000000a6600000|  0%| F|  |TAMS 0x00000000a6500000, 0x00000000a6500000| Untracked 
|  86|0x00000000a6600000, 0x00000000a6600000, 0x00000000a6700000|  0%| F|  |TAMS 0x00000000a6600000, 0x00000000a6600000| Untracked 
|  87|0x00000000a6700000, 0x00000000a6700000, 0x00000000a6800000|  0%| F|  |TAMS 0x00000000a6700000, 0x00000000a6700000| Untracked 
|  88|0x00000000a6800000, 0x00000000a6800000, 0x00000000a6900000|  0%| F|  |TAMS 0x00000000a6800000, 0x00000000a6800000| Untracked 
|  89|0x00000000a6900000, 0x00000000a6900000, 0x00000000a6a00000|  0%| F|  |TAMS 0x00000000a6900000, 0x00000000a6900000| Untracked 
|  90|0x00000000a6a00000, 0x00000000a6a00000, 0x00000000a6b00000|  0%| F|  |TAMS 0x00000000a6a00000, 0x00000000a6a00000| Untracked 
|  91|0x00000000a6b00000, 0x00000000a6b00000, 0x00000000a6c00000|  0%| F|  |TAMS 0x00000000a6b00000, 0x00000000a6b00000| Untracked 
|  92|0x00000000a6c00000, 0x00000000a6c00000, 0x00000000a6d00000|  0%| F|  |TAMS 0x00000000a6c00000, 0x00000000a6c00000| Untracked 
|  93|0x00000000a6d00000, 0x00000000a6d00000, 0x00000000a6e00000|  0%| F|  |TAMS 0x00000000a6d00000, 0x00000000a6d00000| Untracked 
|  94|0x00000000a6e00000, 0x00000000a6e00000, 0x00000000a6f00000|  0%| F|  |TAMS 0x00000000a6e00000, 0x00000000a6e00000| Untracked 
|  95|0x00000000a6f00000, 0x00000000a6f00000, 0x00000000a7000000|  0%| F|  |TAMS 0x00000000a6f00000, 0x00000000a6f00000| Untracked 
|  96|0x00000000a7000000, 0x00000000a7000000, 0x00000000a7100000|  0%| F|  |TAMS 0x00000000a7000000, 0x00000000a7000000| Untracked 
|  97|0x00000000a7100000, 0x00000000a7100000, 0x00000000a7200000|  0%| F|  |TAMS 0x00000000a7100000, 0x00000000a7100000| Untracked 
|  98|0x00000000a7200000, 0x00000000a7200000, 0x00000000a7300000|  0%| F|  |TAMS 0x00000000a7200000, 0x00000000a7200000| Untracked 
|  99|0x00000000a7300000, 0x00000000a7300000, 0x00000000a7400000|  0%| F|  |TAMS 0x00000000a7300000, 0x00000000a7300000| Untracked 
| 100|0x00000000a7400000, 0x00000000a7400000, 0x00000000a7500000|  0%| F|  |TAMS 0x00000000a7400000, 0x00000000a7400000| Untracked 
| 101|0x00000000a7500000, 0x00000000a7500000, 0x00000000a7600000|  0%| F|  |TAMS 0x00000000a7500000, 0x00000000a7500000| Untracked 
| 102|0x00000000a7600000, 0x00000000a7600000, 0x00000000a7700000|  0%| F|  |TAMS 0x00000000a7600000, 0x00000000a7600000| Untracked 
| 103|0x00000000a7700000, 0x00000000a7700000, 0x00000000a7800000|  0%| F|  |TAMS 0x00000000a7700000, 0x00000000a7700000| Untracked 
| 104|0x00000000a7800000, 0x00000000a7800000, 0x00000000a7900000|  0%| F|  |TAMS 0x00000000a7800000, 0x00000000a7800000| Untracked 
| 105|0x00000000a7900000, 0x00000000a7900000, 0x00000000a7a00000|  0%| F|  |TAMS 0x00000000a7900000, 0x00000000a7900000| Untracked 
| 106|0x00000000a7a00000, 0x00000000a7a00000, 0x00000000a7b00000|  0%| F|  |TAMS 0x00000000a7a00000, 0x00000000a7a00000| Untracked 
| 107|0x00000000a7b00000, 0x00000000a7b00000, 0x00000000a7c00000|  0%| F|  |TAMS 0x00000000a7b00000, 0x00000000a7b00000| Untracked 
| 108|0x00000000a7c00000, 0x00000000a7c00000, 0x00000000a7d00000|  0%| F|  |TAMS 0x00000000a7c00000, 0x00000000a7c00000| Untracked 
| 109|0x00000000a7d00000, 0x00000000a7d00000, 0x00000000a7e00000|  0%| F|  |TAMS 0x00000000a7d00000, 0x00000000a7d00000| Untracked 
| 110|0x00000000a7e00000, 0x00000000a7e00000, 0x00000000a7f00000|  0%| F|  |TAMS 0x00000000a7e00000, 0x00000000a7e00000| Untracked 
| 111|0x00000000a7f00000, 0x00000000a7f00000, 0x00000000a8000000|  0%| F|  |TAMS 0x00000000a7f00000, 0x00000000a7f00000| Untracked 
| 112|0x00000000a8000000, 0x00000000a8000000, 0x00000000a8100000|  0%| F|  |TAMS 0x00000000a8000000, 0x00000000a8000000| Untracked 
| 113|0x00000000a8100000, 0x00000000a8100000, 0x00000000a8200000|  0%| F|  |TAMS 0x00000000a8100000, 0x00000000a8100000| Untracked 
| 114|0x00000000a8200000, 0x00000000a8200000, 0x00000000a8300000|  0%| F|  |TAMS 0x00000000a8200000, 0x00000000a8200000| Untracked 
| 115|0x00000000a8300000, 0x00000000a8300000, 0x00000000a8400000|  0%| F|  |TAMS 0x00000000a8300000, 0x00000000a8300000| Untracked 
| 116|0x00000000a8400000, 0x00000000a8400000, 0x00000000a8500000|  0%| F|  |TAMS 0x00000000a8400000, 0x00000000a8400000| Untracked 
| 117|0x00000000a8500000, 0x00000000a8500000, 0x00000000a8600000|  0%| F|  |TAMS 0x00000000a8500000, 0x00000000a8500000| Untracked 
| 118|0x00000000a8600000, 0x00000000a8600000, 0x00000000a8700000|  0%| F|  |TAMS 0x00000000a8600000, 0x00000000a8600000| Untracked 
| 119|0x00000000a8700000, 0x00000000a8700000, 0x00000000a8800000|  0%| F|  |TAMS 0x00000000a8700000, 0x00000000a8700000| Untracked 
| 120|0x00000000a8800000, 0x00000000a8862890, 0x00000000a8900000| 38%| S|CS|TAMS 0x00000000a8800000, 0x00000000a8800000| Complete 
| 121|0x00000000a8900000, 0x00000000a8900000, 0x00000000a8a00000|  0%| F|  |TAMS 0x00000000a8900000, 0x00000000a8900000| Untracked 
| 122|0x00000000a8a00000, 0x00000000a8a00000, 0x00000000a8b00000|  0%| F|  |TAMS 0x00000000a8a00000, 0x00000000a8a00000| Untracked 
| 123|0x00000000a8b00000, 0x00000000a8b00000, 0x00000000a8c00000|  0%| F|  |TAMS 0x00000000a8b00000, 0x00000000a8b00000| Untracked 
| 124|0x00000000a8c00000, 0x00000000a8c00000, 0x00000000a8d00000|  0%| F|  |TAMS 0x00000000a8c00000, 0x00000000a8c00000| Untracked 

Card table byte_map: [0x00000245a5e40000,0x00000245a6140000] _byte_map_base: 0x00000245a5938000

Marking Bits (Prev, Next): (CMBitMap*) 0x00000245a0207fb0, (CMBitMap*) 0x00000245a0207f70
 Prev Bits: [0x00000245a7c00000, 0x00000245a93c0000)
 Next Bits: [0x00000245a6440000, 0x00000245a7c00000)

Polling page: 0x000002459e340000

Metaspace:

Usage:
  Non-class:     38.67 MB used.
      Class:      5.54 MB used.
       Both:     44.21 MB used.

Virtual space:
  Non-class space:       40.00 MB reserved,      38.88 MB ( 97%) committed,  5 nodes.
      Class space:        1.00 GB reserved,       5.75 MB ( <1%) committed,  1 nodes.
             Both:        1.04 GB reserved,      44.62 MB (  4%) committed. 

Chunk freelists:
   Non-Class:  592.00 KB
       Class:  2.17 MB
        Both:  2.75 MB

MaxMetaspaceSize: unlimited
CompressedClassSpaceSize: 1.00 GB
Initial GC threshold: 21.00 MB
Current GC threshold: 73.44 MB
CDS: off
MetaspaceReclaimPolicy: balanced
 - commit_granule_bytes: 65536.
 - commit_granule_words: 8192.
 - virtual_space_node_default_size: 1048576.
 - enlarge_chunks_in_place: 1.
 - new_chunks_are_fully_committed: 0.
 - uncommit_free_chunks: 1.
 - use_allocation_guard: 0.
 - handle_deallocations: 1.


Internal statistics:

num_allocs_failed_limit: 6.
num_arena_births: 420.
num_arena_deaths: 0.
num_vsnodes_births: 6.
num_vsnodes_deaths: 0.
num_space_committed: 714.
num_space_uncommitted: 0.
num_chunks_returned_to_freelist: 6.
num_chunks_taken_from_freelist: 1754.
num_chunk_merges: 6.
num_chunk_splits: 1207.
num_chunks_enlarged: 913.
num_purges: 0.
num_inconsistent_stats: 0.

CodeCache: size=49152Kb used=8425Kb max_used=8425Kb free=40726Kb
 bounds [0x00000245a2e40000, 0x00000245a3680000, 0x00000245a5e40000]
 total_blobs=4890 nmethods=4320 adapters=497
 compilation: enabled
              stopped_count=0, restarted_count=0
 full_count=0

Compilation events (20 events):
Event: 9.827 Thread 0x00000245ab9db580 4312       1       jdk.internal.module.SystemModuleFinders$SystemModuleReader$$Lambda$132/0x00000001001eab48::apply (12 bytes)
Event: 9.828 Thread 0x00000245ab9db580 nmethod 4312 0x00000245a366d510 code [0x00000245a366d6a0, 0x00000245a366d7c8]
Event: 9.828 Thread 0x00000245ab9db580 4313       1       io.github.classgraph.Classfile::readFields (781 bytes)
Event: 9.831 Thread 0x00000245ab9db580 nmethod 4313 0x00000245a366d890 code [0x00000245a366dda0, 0x00000245a366f6c8]
Event: 9.831 Thread 0x00000245ab9db580 4316       1       io.github.classgraph.Classfile::readClassAttributes (863 bytes)
Event: 9.835 Thread 0x00000245ab9db580 nmethod 4316 0x00000245a3670c90 code [0x00000245a3671260, 0x00000245a3673298]
Event: 9.835 Thread 0x00000245ab9db580 4319       1       io.github.classgraph.Classfile::extendScanningUpwards (585 bytes)
Event: 9.837 Thread 0x00000245ab9db580 nmethod 4319 0x00000245a3674790 code [0x00000245a3674c00, 0x00000245a3675b08]
Event: 9.837 Thread 0x00000245ab9db580 4315       1       io.github.classgraph.Classfile::readInterfaces (63 bytes)
Event: 9.837 Thread 0x00000245ab9db580 nmethod 4315 0x00000245a3676690 code [0x00000245a3676860, 0x00000245a3676b78]
Event: 9.837 Thread 0x00000245ab9db580 4320   !   1       jdk.internal.reflect.GeneratedMethodAccessor17::invoke (61 bytes)
Event: 9.838 Thread 0x00000245ab9db580 nmethod 4320 0x00000245a3676d10 code [0x00000245a3676f00, 0x00000245a3677378]
Event: 9.838 Thread 0x00000245ab9db580 4314   !   1       nonapi.io.github.classgraph.fileslice.reader.ClassfileReader::close (43 bytes)
Event: 9.838 Thread 0x00000245ab9db580 nmethod 4314 0x00000245a3677690 code [0x00000245a3677840, 0x00000245a3677a18]
Event: 9.838 Thread 0x00000245ab9db580 4318       1       io.github.classgraph.Classfile::readBasicClassInfo (339 bytes)
Event: 9.839 Thread 0x00000245ab9db580 nmethod 4318 0x00000245a3677b10 code [0x00000245a3677e80, 0x00000245a3678ce8]
Event: 9.839 Thread 0x00000245ab9db580 4317   !   1       jdk.internal.module.SystemModuleFinders$SystemModuleReader::toInputStream (43 bytes)
Event: 9.840 Thread 0x00000245ab9db580 nmethod 4317 0x00000245a3679590 code [0x00000245a3679780, 0x00000245a3679ca8]
Event: 9.840 Thread 0x00000245ab9db580 4321       1       java.util.Optional::map (30 bytes)
Event: 9.840 Thread 0x00000245ab9db580 nmethod 4321 0x00000245a3679f90 code [0x00000245a367a140, 0x00000245a367a3f8]

GC Heap History (20 events):
Event: 7.902 GC heap after
{Heap after GC invocations=20 (full 0):
 garbage-first heap   total 55296K, used 33415K [0x00000000a1000000, 0x0000000100000000)
  region size 1024K, 2 young (2048K), 2 survivors (2048K)
 Metaspace       used 38671K, committed 39040K, reserved 1089536K
  class space    used 4869K, committed 5056K, reserved 1048576K
}
Event: 8.039 GC heap before
{Heap before GC invocations=21 (full 0):
 garbage-first heap   total 60416K, used 42631K [0x00000000a1000000, 0x0000000100000000)
  region size 1024K, 11 young (11264K), 2 survivors (2048K)
 Metaspace       used 38746K, committed 39040K, reserved 1089536K
  class space    used 4881K, committed 5056K, reserved 1048576K
}
Event: 8.042 GC heap after
{Heap after GC invocations=22 (full 0):
 garbage-first heap   total 60416K, used 34910K [0x00000000a1000000, 0x0000000100000000)
  region size 1024K, 2 young (2048K), 2 survivors (2048K)
 Metaspace       used 38746K, committed 39040K, reserved 1089536K
  class space    used 4881K, committed 5056K, reserved 1048576K
}
Event: 8.049 GC heap before
{Heap before GC invocations=22 (full 0):
 garbage-first heap   total 60416K, used 35934K [0x00000000a1000000, 0x0000000100000000)
  region size 1024K, 3 young (3072K), 2 survivors (2048K)
 Metaspace       used 38750K, committed 39104K, reserved 1089536K
  class space    used 4881K, committed 5056K, reserved 1048576K
}
Event: 8.051 GC heap after
{Heap after GC invocations=23 (full 0):
 garbage-first heap   total 60416K, used 35268K [0x00000000a1000000, 0x0000000100000000)
  region size 1024K, 1 young (1024K), 1 survivors (1024K)
 Metaspace       used 38750K, committed 39104K, reserved 1089536K
  class space    used 4881K, committed 5056K, reserved 1048576K
}
Event: 8.096 GC heap before
{Heap before GC invocations=23 (full 0):
 garbage-first heap   total 60416K, used 47556K [0x00000000a1000000, 0x0000000100000000)
  region size 1024K, 13 young (13312K), 1 survivors (1024K)
 Metaspace       used 38761K, committed 39104K, reserved 1089536K
  class space    used 4885K, committed 5056K, reserved 1048576K
}
Event: 8.100 GC heap after
{Heap after GC invocations=24 (full 0):
 garbage-first heap   total 120832K, used 37492K [0x00000000a1000000, 0x0000000100000000)
  region size 1024K, 2 young (2048K), 2 survivors (2048K)
 Metaspace       used 38761K, committed 39104K, reserved 1089536K
  class space    used 4885K, committed 5056K, reserved 1048576K
}
Event: 8.276 GC heap before
{Heap before GC invocations=25 (full 0):
 garbage-first heap   total 120832K, used 84596K [0x00000000a1000000, 0x0000000100000000)
  region size 1024K, 49 young (50176K), 2 survivors (2048K)
 Metaspace       used 38871K, committed 39232K, reserved 1089536K
  class space    used 4907K, committed 5056K, reserved 1048576K
}
Event: 8.291 GC heap after
{Heap after GC invocations=26 (full 0):
 garbage-first heap   total 120832K, used 51542K [0x00000000a1000000, 0x0000000100000000)
  region size 1024K, 7 young (7168K), 7 survivors (7168K)
 Metaspace       used 38871K, committed 39232K, reserved 1089536K
  class space    used 4907K, committed 5056K, reserved 1048576K
}
Event: 8.294 GC heap before
{Heap before GC invocations=26 (full 0):
 garbage-first heap   total 120832K, used 51542K [0x00000000a1000000, 0x0000000100000000)
  region size 1024K, 8 young (8192K), 7 survivors (7168K)
 Metaspace       used 38876K, committed 39232K, reserved 1089536K
  class space    used 4909K, committed 5056K, reserved 1048576K
}
Event: 8.299 GC heap after
{Heap after GC invocations=27 (full 0):
 garbage-first heap   total 120832K, used 52679K [0x00000000a1000000, 0x0000000100000000)
  region size 1024K, 1 young (1024K), 1 survivors (1024K)
 Metaspace       used 38876K, committed 39232K, reserved 1089536K
  class space    used 4909K, committed 5056K, reserved 1048576K
}
Event: 9.100 GC heap before
{Heap before GC invocations=27 (full 0):
 garbage-first heap   total 120832K, used 81351K [0x00000000a1000000, 0x0000000100000000)
  region size 1024K, 30 young (30720K), 1 survivors (1024K)
 Metaspace       used 43097K, committed 43520K, reserved 1089536K
  class space    used 5364K, committed 5568K, reserved 1048576K
}
Event: 9.106 GC heap after
{Heap after GC invocations=28 (full 0):
 garbage-first heap   total 120832K, used 55427K [0x00000000a1000000, 0x0000000100000000)
  region size 1024K, 4 young (4096K), 4 survivors (4096K)
 Metaspace       used 43097K, committed 43520K, reserved 1089536K
  class space    used 5364K, committed 5568K, reserved 1048576K
}
Event: 9.296 GC heap before
{Heap before GC invocations=28 (full 0):
 garbage-first heap   total 120832K, used 86147K [0x00000000a1000000, 0x0000000100000000)
  region size 1024K, 33 young (33792K), 4 survivors (4096K)
 Metaspace       used 43683K, committed 44096K, reserved 1089536K
  class space    used 5457K, committed 5632K, reserved 1048576K
}
Event: 9.312 GC heap after
{Heap after GC invocations=29 (full 0):
 garbage-first heap   total 120832K, used 68405K [0x00000000a1000000, 0x0000000100000000)
  region size 1024K, 5 young (5120K), 5 survivors (5120K)
 Metaspace       used 43683K, committed 44096K, reserved 1089536K
  class space    used 5457K, committed 5632K, reserved 1048576K
}
Event: 9.458 GC heap before
{Heap before GC invocations=29 (full 0):
 garbage-first heap   total 120832K, used 88885K [0x00000000a1000000, 0x0000000100000000)
  region size 1024K, 26 young (26624K), 5 survivors (5120K)
 Metaspace       used 44220K, committed 44544K, reserved 1089536K
  class space    used 5546K, committed 5696K, reserved 1048576K
}
Event: 9.477 GC heap after
{Heap after GC invocations=30 (full 0):
 garbage-first heap   total 120832K, used 73724K [0x00000000a1000000, 0x0000000100000000)
  region size 1024K, 4 young (4096K), 4 survivors (4096K)
 Metaspace       used 44220K, committed 44544K, reserved 1089536K
  class space    used 5546K, committed 5696K, reserved 1048576K
}
Event: 9.874 GC heap before
{Heap before GC invocations=31 (full 0):
 garbage-first heap   total 128000K, used 91132K [0x00000000a1000000, 0x0000000100000000)
  region size 1024K, 23 young (23552K), 4 survivors (4096K)
 Metaspace       used 45242K, committed 45696K, reserved 1089536K
  class space    used 5666K, committed 5888K, reserved 1048576K
}
Event: 9.885 GC heap after
{Heap after GC invocations=32 (full 0):
 garbage-first heap   total 128000K, used 74776K [0x00000000a1000000, 0x0000000100000000)
  region size 1024K, 2 young (2048K), 2 survivors (2048K)
 Metaspace       used 45242K, committed 45696K, reserved 1089536K
  class space    used 5666K, committed 5888K, reserved 1048576K
}
Event: 9.901 GC heap before
{Heap before GC invocations=32 (full 0):
 garbage-first heap   total 128000K, used 77848K [0x00000000a1000000, 0x0000000100000000)
  region size 1024K, 6 young (6144K), 2 survivors (2048K)
 Metaspace       used 45273K, committed 45696K, reserved 1089536K
  class space    used 5673K, committed 5888K, reserved 1048576K
}

Dll operation events (9 events):
Event: 0.015 Loaded shared library c:\Users\Wladi\.vscode\extensions\redhat.java-1.13.0-win32-x64\jre\17.0.5-win32-x86_64\bin\java.dll
Event: 0.560 Loaded shared library C:\Users\Wladi\.vscode\extensions\redhat.java-1.13.0-win32-x64\jre\17.0.5-win32-x86_64\bin\net.dll
Event: 0.571 Loaded shared library C:\Users\Wladi\.vscode\extensions\redhat.java-1.13.0-win32-x64\jre\17.0.5-win32-x86_64\bin\nio.dll
Event: 0.625 Loaded shared library C:\Users\Wladi\.vscode\extensions\redhat.java-1.13.0-win32-x64\jre\17.0.5-win32-x86_64\bin\zip.dll
Event: 1.092 Loaded shared library c:\Users\Wladi\.vscode\extensions\redhat.java-1.13.0-win32-x64\jre\17.0.5-win32-x86_64\bin\verify.dll
Event: 1.103 Loaded shared library C:\Users\Wladi\.vscode\extensions\redhat.java-1.13.0-win32-x64\jre\17.0.5-win32-x86_64\bin\jimage.dll
Event: 3.250 Loaded shared library C:\Users\Wladi\.vscode\extensions\redhat.java-1.13.0-win32-x64\jre\17.0.5-win32-x86_64\bin\management.dll
Event: 3.257 Loaded shared library C:\Users\Wladi\.vscode\extensions\redhat.java-1.13.0-win32-x64\jre\17.0.5-win32-x86_64\bin\management_ext.dll
Event: 8.768 Loaded shared library C:\Users\Wladi\.vscode\extensions\redhat.java-1.13.0-win32-x64\jre\17.0.5-win32-x86_64\bin\sunmscapi.dll

Deoptimization events (14 events):
Event: 3.870 Thread 0x00000245a01bd5c0 DEOPT PACKING pc=0x00000245a31f1899 sp=0x00000069decfcfd0
Event: 3.870 Thread 0x00000245a01bd5c0 DEOPT UNPACKING pc=0x00000245a2e92b43 sp=0x00000069decfc4b0 mode 3
Event: 6.007 Thread 0x00000245a01bd5c0 DEOPT PACKING pc=0x00000245a335d219 sp=0x00000069decfc320
Event: 6.007 Thread 0x00000245a01bd5c0 DEOPT UNPACKING pc=0x00000245a2e92b43 sp=0x00000069decfb808 mode 3
Event: 6.766 Thread 0x00000245adccdfc0 DEOPT PACKING pc=0x00000245a34157b5 sp=0x00000069e05fe1e0
Event: 6.766 Thread 0x00000245adccdfc0 DEOPT UNPACKING pc=0x00000245a2e92b43 sp=0x00000069e05fd708 mode 3
Event: 6.933 Thread 0x00000245ac4b3020 DEOPT PACKING pc=0x00000245a31f2c01 sp=0x00000069e04fde60
Event: 6.933 Thread 0x00000245ac4b3020 DEOPT UNPACKING pc=0x00000245a2e92b43 sp=0x00000069e04fd2f0 mode 3
Event: 7.063 Thread 0x00000245ae55aae0 DEOPT PACKING pc=0x00000245a3450e2b sp=0x00000069e0bfe610
Event: 7.063 Thread 0x00000245ae55aae0 DEOPT UNPACKING pc=0x00000245a2e92b43 sp=0x00000069e0bfdb58 mode 3
Event: 7.795 Thread 0x00000245ae55a610 DEOPT PACKING pc=0x00000245a31edf17 sp=0x00000069e13fee30
Event: 7.795 Thread 0x00000245ae55a610 DEOPT UNPACKING pc=0x00000245a2e92b43 sp=0x00000069e13fe288 mode 3
Event: 8.751 Thread 0x00000245b089dfe0 DEOPT PACKING pc=0x00000245a2fa528c sp=0x00000069e16fe0b0
Event: 8.751 Thread 0x00000245b089dfe0 DEOPT UNPACKING pc=0x00000245a2e92b43 sp=0x00000069e16fd578 mode 0

Classes unloaded (0 events):
No events

Classes redefined (0 events):
No events

Internal exceptions (20 events):
Event: 7.116 Thread 0x00000245ae558460 Exception <a 'sun/nio/fs/WindowsException'{0x00000000a332f0b0}> (0x00000000a332f0b0) 
thrown [s\src\hotspot\share\prims\jni.cpp, line 516]
Event: 7.117 Thread 0x00000245ae558460 Exception <a 'sun/nio/fs/WindowsException'{0x00000000a332fad8}> (0x00000000a332fad8) 
thrown [s\src\hotspot\share\prims\jni.cpp, line 516]
Event: 7.117 Thread 0x00000245ae558460 Exception <a 'sun/nio/fs/WindowsException'{0x00000000a332fec8}> (0x00000000a332fec8) 
thrown [s\src\hotspot\share\prims\jni.cpp, line 516]
Event: 7.724 Thread 0x00000245adccdfc0 Exception <a 'java/lang/NoSuchMethodError'{0x00000000a54e7360}: 'java.lang.Object java.lang.invoke.Invokers$Holder.invoke_MT(java.lang.Object, java.lang.Object, java.lang.Object)'> (0x00000000a54e7360) 
thrown [s\src\hotspot\share\interpreter\linkResolver.cpp, line 759]
Event: 8.274 Thread 0x00000245adccdfc0 Exception <a 'java/lang/NoSuchMethodError'{0x00000000a57af310}: 'java.lang.Object java.lang.invoke.DirectMethodHandle$Holder.newInvokeSpecial(java.lang.Object, java.lang.Object, int)'> (0x00000000a57af310) 
thrown [s\src\hotspot\share\interpreter\linkResolver.cpp, line 759]
Event: 8.312 Thread 0x00000245ae557ac0 Exception <a 'java/lang/NoSuchMethodError'{0x00000000a8053998}: 'java.lang.Object java.lang.invoke.Invokers$Holder.linkToTargetMethod(java.lang.Object, long, java.lang.Object)'> (0x00000000a8053998) 
thrown [s\src\hotspot\share\interpreter\linkResolver.cpp, line 759]
Event: 8.376 Thread 0x00000245ae557ac0 Exception <a 'sun/nio/fs/WindowsException'{0x00000000a7c41fa0}> (0x00000000a7c41fa0) 
thrown [s\src\hotspot\share\prims\jni.cpp, line 516]
Event: 8.377 Thread 0x00000245ae557ac0 Exception <a 'sun/nio/fs/WindowsException'{0x00000000a7c42980}> (0x00000000a7c42980) 
thrown [s\src\hotspot\share\prims\jni.cpp, line 516]
Event: 8.377 Thread 0x00000245ae557ac0 Exception <a 'sun/nio/fs/WindowsException'{0x00000000a7c43320}> (0x00000000a7c43320) 
thrown [s\src\hotspot\share\prims\jni.cpp, line 516]
Event: 8.377 Thread 0x00000245ae557ac0 Exception <a 'sun/nio/fs/WindowsException'{0x00000000a7c43dc8}> (0x00000000a7c43dc8) 
thrown [s\src\hotspot\share\prims\jni.cpp, line 516]
Event: 8.377 Thread 0x00000245ae557ac0 Exception <a 'sun/nio/fs/WindowsException'{0x00000000a7c44910}> (0x00000000a7c44910) 
thrown [s\src\hotspot\share\prims\jni.cpp, line 516]
Event: 8.379 Thread 0x00000245ae557ac0 Exception <a 'sun/nio/fs/WindowsException'{0x00000000a7c67f10}> (0x00000000a7c67f10) 
thrown [s\src\hotspot\share\prims\jni.cpp, line 516]
Event: 8.379 Thread 0x00000245ae557ac0 Exception <a 'sun/nio/fs/WindowsException'{0x00000000a7c688f0}> (0x00000000a7c688f0) 
thrown [s\src\hotspot\share\prims\jni.cpp, line 516]
Event: 8.380 Thread 0x00000245ae557ac0 Exception <a 'sun/nio/fs/WindowsException'{0x00000000a7c69290}> (0x00000000a7c69290) 
thrown [s\src\hotspot\share\prims\jni.cpp, line 516]
Event: 8.380 Thread 0x00000245ae557ac0 Exception <a 'sun/nio/fs/WindowsException'{0x00000000a7c69d38}> (0x00000000a7c69d38) 
thrown [s\src\hotspot\share\prims\jni.cpp, line 516]
Event: 8.380 Thread 0x00000245ae557ac0 Exception <a 'sun/nio/fs/WindowsException'{0x00000000a7c6a880}> (0x00000000a7c6a880) 
thrown [s\src\hotspot\share\prims\jni.cpp, line 516]
Event: 8.418 Thread 0x00000245b089dfe0 Exception <a 'java/lang/NoSuchMethodError'{0x00000000a7b75cf8}: 'void java.lang.invoke.DirectMethodHandle$Holder.invokeVirtual(java.lang.Object, java.lang.Object, java.lang.Object, java.lang.Object)'> (0x00000000a7b75cf8) 
thrown [s\src\hotspot\share\interpreter\linkResolver.cpp, line 759]
Event: 8.425 Thread 0x00000245ae557ac0 Exception <a 'sun/nio/fs/WindowsException'{0x00000000a7c93e08}> (0x00000000a7c93e08) 
thrown [s\src\hotspot\share\prims\jni.cpp, line 516]
Event: 8.865 Thread 0x00000245b089dfe0 Exception <a 'sun/nio/fs/WindowsException'{0x00000000a6d40af0}> (0x00000000a6d40af0) 
thrown [s\src\hotspot\share\prims\jni.cpp, line 516]
Event: 9.026 Thread 0x00000245b089dfe0 Exception <a 'java/lang/NoSuchMethodError'{0x00000000a6cb66a8}: 'int java.lang.invoke.DirectMethodHandle$Holder.invokeStaticInit(java.lang.Object, java.lang.Object, java.lang.Object, java.lang.Object)'> (0x00000000a6cb66a8) 
thrown [s\src\hotspot\share\interpreter\linkResolver.cpp, line 759]

VM Operations (20 events):
Event: 8.870 Executing VM operation: HandshakeAllThreads done
Event: 9.093 Executing VM operation: G1CollectForAllocation
Event: 9.108 Executing VM operation: G1CollectForAllocation done
Event: 9.201 Executing VM operation: HandshakeAllThreads
Event: 9.214 Executing VM operation: HandshakeAllThreads done
Event: 9.295 Executing VM operation: G1CollectForAllocation
Event: 9.312 Executing VM operation: G1CollectForAllocation done
Event: 9.430 Executing VM operation: G1CollectForAllocation
Event: 9.494 Executing VM operation: G1CollectForAllocation done
Event: 9.602 Executing VM operation: G1Concurrent
Event: 9.751 Executing VM operation: G1Concurrent done
Event: 9.806 Executing VM operation: G1Concurrent
Event: 9.826 Executing VM operation: G1Concurrent done
Event: 9.851 Executing VM operation: HandshakeAllThreads
Event: 9.874 Executing VM operation: HandshakeAllThreads done
Event: 9.874 Executing VM operation: G1CollectForAllocation
Event: 9.885 Executing VM operation: G1CollectForAllocation done
Event: 9.887 Executing VM operation: HandshakeAllThreads
Event: 9.887 Executing VM operation: HandshakeAllThreads done
Event: 9.891 Executing VM operation: G1CollectForAllocation

Events (20 events):
Event: 9.798 loading class com/sun/security/sasl/Provider
Event: 9.799 loading class com/sun/security/sasl/Provider done
Event: 9.799 loading class com/sun/security/sasl/Provider$1
Event: 9.799 loading class com/sun/security/sasl/Provider$1 done
Event: 9.800 loading class com/sun/security/sasl/Provider$ProviderService
Event: 9.800 loading class com/sun/security/sasl/Provider$ProviderService done
Event: 9.800 loading class sun/security/provider/certpath/ldap/JdkLDAP
Event: 9.801 loading class sun/security/provider/certpath/ldap/JdkLDAP done
Event: 9.803 loading class sun/security/provider/certpath/ldap/JdkLDAP$ProviderService
Event: 9.803 loading class sun/security/provider/certpath/ldap/JdkLDAP$ProviderService done
Event: 9.803 loading class sun/security/ssl/PredefinedDHParameterSpecs
Event: 9.804 loading class sun/security/ssl/PredefinedDHParameterSpecs done
Event: 9.823 loading class sun/security/ssl/PredefinedDHParameterSpecs$1
Event: 9.824 loading class sun/security/ssl/PredefinedDHParameterSpecs$1 done
Event: 9.824 loading class javax/crypto/spec/DHParameterSpec
Event: 9.824 loading class javax/crypto/spec/DHParameterSpec done
Event: 9.824 loading class com/sun/crypto/provider/DHParameters
Event: 9.824 loading class com/sun/crypto/provider/DHParameters done
Event: 9.825 loading class sun/security/provider/SHA5$SHA512
Event: 9.825 loading class sun/security/provider/SHA5$SHA512 done


Dynamic libraries:
0x00007ff7a5de0000 - 0x00007ff7a5dee000 	c:\Users\Wladi\.vscode\extensions\redhat.java-1.13.0-win32-x64\jre\17.0.5-win32-x86_64\bin\java.exe
0x00007ffef42f0000 - 0x00007ffef44e8000 	C:\Windows\SYSTEM32\ntdll.dll
0x00007ffee91f0000 - 0x00007ffee9207000 	C:\Program Files\Avast Software\Avast\aswhook.dll
0x00007ffef3210000 - 0x00007ffef32cf000 	C:\Windows\System32\KERNEL32.DLL
0x00007ffef1b60000 - 0x00007ffef1e32000 	C:\Windows\System32\KERNELBASE.dll
0x00007ffef1e40000 - 0x00007ffef1f40000 	C:\Windows\System32\ucrtbase.dll
0x00007ffedee00000 - 0x00007ffedee17000 	c:\Users\Wladi\.vscode\extensions\redhat.java-1.13.0-win32-x64\jre\17.0.5-win32-x86_64\bin\jli.dll
0x00007ffef4100000 - 0x00007ffef42a1000 	C:\Windows\System32\USER32.dll
0x00007ffef1b30000 - 0x00007ffef1b52000 	C:\Windows\System32\win32u.dll
0x00007ffef3b00000 - 0x00007ffef3b2b000 	C:\Windows\System32\GDI32.dll
0x00007ffef2130000 - 0x00007ffef223f000 	C:\Windows\System32\gdi32full.dll
0x00007ffef1a90000 - 0x00007ffef1b2d000 	C:\Windows\System32\msvcp_win.dll
0x00007ffedd140000 - 0x00007ffedd159000 	c:\Users\Wladi\.vscode\extensions\redhat.java-1.13.0-win32-x64\jre\17.0.5-win32-x86_64\bin\VCRUNTIME140.dll
0x00007ffed9b20000 - 0x00007ffed9dba000 	C:\Windows\WinSxS\amd64_microsoft.windows.common-controls_6595b64144ccf1df_6.0.19041.1110_none_60b5254171f9507e\COMCTL32.dll
0x00007ffef4060000 - 0x00007ffef40fe000 	C:\Windows\System32\msvcrt.dll
0x00007ffef3460000 - 0x00007ffef3492000 	C:\Windows\System32\IMM32.DLL
0x00007ffeed4c0000 - 0x00007ffeed4cc000 	c:\Users\Wladi\.vscode\extensions\redhat.java-1.13.0-win32-x64\jre\17.0.5-win32-x86_64\bin\vcruntime140_1.dll
0x00007ffeca430000 - 0x00007ffeca4c1000 	c:\Users\Wladi\.vscode\extensions\redhat.java-1.13.0-win32-x64\jre\17.0.5-win32-x86_64\bin\msvcp140.dll
0x00007ffea6370000 - 0x00007ffea6fb4000 	c:\Users\Wladi\.vscode\extensions\redhat.java-1.13.0-win32-x64\jre\17.0.5-win32-x86_64\bin\server\jvm.dll
0x00007ffef32d0000 - 0x00007ffef337e000 	C:\Windows\System32\ADVAPI32.dll
0x00007ffef39b0000 - 0x00007ffef3a4c000 	C:\Windows\System32\sechost.dll
0x00007ffef3db0000 - 0x00007ffef3ed5000 	C:\Windows\System32\RPCRT4.dll
0x00007ffee5e40000 - 0x00007ffee5e49000 	C:\Windows\SYSTEM32\WSOCK32.dll
0x00007ffef3b30000 - 0x00007ffef3b9b000 	C:\Windows\System32\WS2_32.dll
0x00007ffee9350000 - 0x00007ffee935a000 	C:\Windows\SYSTEM32\VERSION.dll
0x00007ffee8260000 - 0x00007ffee8287000 	C:\Windows\SYSTEM32\WINMM.dll
0x00007ffeef8c0000 - 0x00007ffeef8d2000 	C:\Windows\SYSTEM32\kernel.appcore.dll
0x00007ffeed420000 - 0x00007ffeed42a000 	c:\Users\Wladi\.vscode\extensions\redhat.java-1.13.0-win32-x64\jre\17.0.5-win32-x86_64\bin\jimage.dll
0x00007ffeeaa90000 - 0x00007ffeeac74000 	C:\Windows\SYSTEM32\DBGHELP.DLL
0x00007ffee8120000 - 0x00007ffee8155000 	C:\Windows\SYSTEM32\dbgcore.DLL
0x00007ffef20a0000 - 0x00007ffef2122000 	C:\Windows\System32\bcryptPrimitives.dll
0x00007ffedcdf0000 - 0x00007ffedce15000 	c:\Users\Wladi\.vscode\extensions\redhat.java-1.13.0-win32-x64\jre\17.0.5-win32-x86_64\bin\java.dll
0x00007ffedcdd0000 - 0x00007ffedcde8000 	c:\Users\Wladi\.vscode\extensions\redhat.java-1.13.0-win32-x64\jre\17.0.5-win32-x86_64\bin\zip.dll
0x00007ffef29f0000 - 0x00007ffef3134000 	C:\Windows\System32\SHELL32.dll
0x00007ffeefac0000 - 0x00007ffef0252000 	C:\Windows\SYSTEM32\windows.storage.dll
0x00007ffef34a0000 - 0x00007ffef37f5000 	C:\Windows\System32\combase.dll
0x00007ffef1360000 - 0x00007ffef1390000 	C:\Windows\SYSTEM32\Wldp.dll
0x00007ffef3160000 - 0x00007ffef320d000 	C:\Windows\System32\SHCORE.dll
0x00007ffef3ee0000 - 0x00007ffef3f35000 	C:\Windows\System32\shlwapi.dll
0x00007ffef1920000 - 0x00007ffef193f000 	C:\Windows\SYSTEM32\profapi.dll
0x00007ffedcdb0000 - 0x00007ffedcdc9000 	C:\Users\Wladi\.vscode\extensions\redhat.java-1.13.0-win32-x64\jre\17.0.5-win32-x86_64\bin\net.dll
0x00007ffee9360000 - 0x00007ffee946c000 	C:\Windows\SYSTEM32\WINHTTP.dll
0x00007ffef10c0000 - 0x00007ffef112a000 	C:\Windows\system32\mswsock.dll
0x00007ffedcd90000 - 0x00007ffedcda5000 	C:\Users\Wladi\.vscode\extensions\redhat.java-1.13.0-win32-x64\jre\17.0.5-win32-x86_64\bin\nio.dll
0x00007ffee94d0000 - 0x00007ffee94e0000 	c:\Users\Wladi\.vscode\extensions\redhat.java-1.13.0-win32-x64\jre\17.0.5-win32-x86_64\bin\verify.dll
0x00007ffee8980000 - 0x00007ffee8989000 	C:\Users\Wladi\.vscode\extensions\redhat.java-1.13.0-win32-x64\jre\17.0.5-win32-x86_64\bin\management.dll
0x00007ffee8950000 - 0x00007ffee895b000 	C:\Users\Wladi\.vscode\extensions\redhat.java-1.13.0-win32-x64\jre\17.0.5-win32-x86_64\bin\management_ext.dll
0x00007ffef3ae0000 - 0x00007ffef3ae8000 	C:\Windows\System32\PSAPI.DLL
0x00007ffed80a0000 - 0x00007ffed80b7000 	C:\Windows\system32\napinsp.dll
0x00007ffed2730000 - 0x00007ffed274b000 	C:\Windows\system32\pnrpnsp.dll
0x00007ffece290000 - 0x00007ffece2a5000 	C:\Windows\system32\wshbth.dll
0x00007ffeed2b0000 - 0x00007ffeed2cd000 	C:\Windows\system32\NLAapi.dll
0x00007ffef0db0000 - 0x00007ffef0deb000 	C:\Windows\SYSTEM32\IPHLPAPI.DLL
0x00007ffef0df0000 - 0x00007ffef0eba000 	C:\Windows\SYSTEM32\DNSAPI.dll
0x00007ffef3af0000 - 0x00007ffef3af8000 	C:\Windows\System32\NSI.dll
0x00007ffece250000 - 0x00007ffece262000 	C:\Windows\System32\winrnr.dll
0x00007ffee20d0000 - 0x00007ffee20da000 	C:\Windows\System32\rasadhlp.dll
0x00007ffee6090000 - 0x00007ffee6110000 	C:\Windows\System32\fwpuclnt.dll
0x00007ffef22b0000 - 0x00007ffef22d7000 	C:\Windows\System32\bcrypt.dll
0x00007ffef12c0000 - 0x00007ffef12d8000 	C:\Windows\SYSTEM32\CRYPTSP.dll
0x00007ffef09e0000 - 0x00007ffef0a14000 	C:\Windows\system32\rsaenh.dll
0x00007ffef18a0000 - 0x00007ffef18ce000 	C:\Windows\SYSTEM32\USERENV.dll
0x00007ffef12b0000 - 0x00007ffef12bc000 	C:\Windows\SYSTEM32\CRYPTBASE.dll
0x00007ffeea400000 - 0x00007ffeea417000 	C:\Windows\SYSTEM32\dhcpcsvc6.DLL
0x00007ffeeb710000 - 0x00007ffeeb72d000 	C:\Windows\SYSTEM32\dhcpcsvc.DLL
0x00007ffee87e0000 - 0x00007ffee87ee000 	C:\Users\Wladi\.vscode\extensions\redhat.java-1.13.0-win32-x64\jre\17.0.5-win32-x86_64\bin\sunmscapi.dll
0x00007ffef1f40000 - 0x00007ffef2096000 	C:\Windows\System32\CRYPT32.dll
0x00007ffef13d0000 - 0x00007ffef13f7000 	C:\Windows\SYSTEM32\ncrypt.dll
0x00007ffef1390000 - 0x00007ffef13cb000 	C:\Windows\SYSTEM32\NTASN1.dll

dbghelp: loaded successfully - version: 4.0.5 - missing functions: none
symbol engine: initialized successfully - sym options: 0x614 - pdb path: .;c:\Users\Wladi\.vscode\extensions\redhat.java-1.13.0-win32-x64\jre\17.0.5-win32-x86_64\bin;C:\Windows\SYSTEM32;C:\Program Files\Avast Software\Avast;C:\Windows\WinSxS\amd64_microsoft.windows.common-controls_6595b64144ccf1df_6.0.19041.1110_none_60b5254171f9507e;c:\Users\Wladi\.vscode\extensions\redhat.java-1.13.0-win32-x64\jre\17.0.5-win32-x86_64\bin\server

VM Arguments:
jvm_args: -Dsts.lsp.client=vscode -Dsts.log.file=/dev/null -XX:TieredStopAtLevel=1 -Xlog:jni+resolve=off -Dspring.config.location=file:c:\Users\Wladi\.vscode\extensions\pivotal.vscode-spring-boot-1.42.0\language-server\BOOT-INF\classes\application.properties 
java_command: org.springframework.ide.vscode.boot.app.BootLanguageServerBootApp
java_class_path (initial): c:\Users\Wladi\.vscode\extensions\pivotal.vscode-spring-boot-1.42.0\language-server\BOOT-INF\classes;c:\Users\Wladi\.vscode\extensions\pivotal.vscode-spring-boot-1.42.0\language-server\BOOT-INF\lib\annotations-23.1.0.jar;c:\Users\Wladi\.vscode\extensions\pivotal.vscode-spring-boot-1.42.0\language-server\BOOT-INF\lib\ant-1.10.12.jar;c:\Users\Wladi\.vscode\extensions\pivotal.vscode-spring-boot-1.42.0\language-server\BOOT-INF\lib\ant-launcher-1.10.12.jar;c:\Users\Wladi\.vscode\extensions\pivotal.vscode-spring-boot-1.42.0\language-server\BOOT-INF\lib\antlr-runtime-3.5.2.jar;c:\Users\Wladi\.vscode\extensions\pivotal.vscode-spring-boot-1.42.0\language-server\BOOT-INF\lib\antlr4-4.9.3.jar;c:\Users\Wladi\.vscode\extensions\pivotal.vscode-spring-boot-1.42.0\language-server\BOOT-INF\lib\antlr4-runtime-4.9.3.jar;c:\Users\Wladi\.vscode\extensions\pivotal.vscode-spring-boot-1.42.0\language-server\BOOT-INF\lib\apiguardian-api-1.1.2.jar;c:\Users\Wladi\.vscode\extensions\pivotal.vscode-spring-boot-1.42.0\language-server\BOOT-INF\lib\asm-9.4.jar;c:\Users\Wladi\.vscode\extensions\pivotal.vscode-spring-boot-1.42.0\language-server\BOOT-INF\lib\asm-analysis-9.4.jar;c:\Users\Wladi\.vscode\extensions\pivotal.vscode-spring-boot-1.42.0\language-server\BOOT-INF\lib\asm-tree-9.4.jar;c:\Users\Wladi\.vscode\extensions\pivotal.vscode-spring-boot-1.42.0\language-server\BOOT-INF\lib\asm-util-9.4.jar;c:\Users\Wladi\.vscode\extensions\pivotal.vscode-spring-boot-1.42.0\language-server\BOOT-INF\lib\caffeine-2.9.3.jar;c:\Users\Wladi\.vscode\extensions\pivotal.vscode-spring-boot-1.42.0\language-server\BOOT-INF\lib\checker-qual-3.12.0.jar;c:\Users\Wladi\.vscode\extensions\pivotal.vscode-spring-boot-1.42.0\language-server\BOOT-INF\lib\ci-environment-9.1.0.jar;c:\Users\Wladi\.vscode\extensions\pivotal.vscode-spring-boot-1.42.0\language-server\BOOT-INF\lib\classgraph-4.8.149.jar;c:\Users\Wladi\.vscode\extensions\pivotal.vscode-spring-boot-1.42.0\language-server\BOOT-INF\lib\comm
Launcher Type: SUN_STANDARD

[Global flags]
     intx CICompilerCount                          = 3                                         {product} {ergonomic}
     uint ConcGCThreads                            = 1                                         {product} {ergonomic}
     uint G1ConcRefinementThreads                  = 4                                         {product} {ergonomic}
   size_t G1HeapRegionSize                         = 1048576                                   {product} {ergonomic}
    uintx GCDrainStackTargetSize                   = 64                                        {product} {ergonomic}
   size_t InitialHeapSize                          = 100663296                                 {product} {ergonomic}
   size_t MarkStackSize                            = 4194304                                   {product} {ergonomic}
   size_t MaxHeapSize                              = 1593835520                                {product} {ergonomic}
   size_t MaxNewSize                               = 956301312                                 {product} {ergonomic}
   size_t MinHeapDeltaBytes                        = 1048576                                   {product} {ergonomic}
   size_t MinHeapSize                              = 8388608                                   {product} {ergonomic}
    uintx NonProfiledCodeHeapSize                  = 0                                      {pd product} {ergonomic}
     bool ProfileInterpreter                       = false                                  {pd product} {command line}
    uintx ProfiledCodeHeapSize                     = 0                                      {pd product} {ergonomic}
   size_t SoftMaxHeapSize                          = 1593835520                             {manageable} {ergonomic}
     intx TieredStopAtLevel                        = 1                                         {product} {command line}
     bool UseCompressedClassPointers               = true                           {product lp64_product} {ergonomic}
     bool UseCompressedOops                        = true                           {product lp64_product} {ergonomic}
     bool UseG1GC                                  = true                                      {product} {ergonomic}
     bool UseLargePagesIndividualAllocation        = false                                  {pd product} {ergonomic}

Logging:
Log output configuration:
 #0: stdout all=warning,jni+resolve=off uptime,level,tags
 #1: stderr all=off uptime,level,tags

Environment Variables:
PATH=C:\Program Files\Common Files\Oracle\Java\javapath;C:\Windows\system32;C:\Windows;C:\Windows\System32\Wbem;C:\Windows\System32\WindowsPowerShell\v1.0\;C:\Windows\System32\OpenSSH\;C:\Users\Wladi\Documents\Executaveis\apache-maven-3.8.5\apache-maven\src\bin;C:\Program Files\Microsoft SQL Server\Client SDK\ODBC\130\Tools\Binn\;C:\Program Files (x86)\Microsoft SQL Server\140\Tools\Binn\;C:\Program Files\Microsoft SQL Server\140\Tools\Binn\;C:\Program Files\Microsoft SQL Server\140\DTS\Binn\;C:\Program Files (x86)\Microsoft SQL Server\150\DTS\Binn\;C:\Program Files\Git\cmd;C:\Program Files\MySQL\MySQL Shell 8.0\bin\;C:\Users\Wladi\AppData\Local\Microsoft\WindowsApps;C:\Users\Wladi\AppData\Local\Programs\Microsoft VS Code\bin;C:\Users\Wladi\Documents\Executaveis\apache-maven-3.8.5\bin;C:\Program Files\Azure Data Studio\bin
USERNAME=Wladi
OS=Windows_NT
PROCESSOR_IDENTIFIER=AMD64 Family 23 Model 24 Stepping 1, AuthenticAMD
TMP=C:\Users\Wladi\AppData\Local\Temp
TEMP=C:\Users\Wladi\AppData\Local\Temp



---------------  S Y S T E M  ---------------

OS:
 Windows 10 , 64 bit Build 19041 (10.0.19041.2364)
OS uptime: 12 days 18:19 hours

CPU: total 4 (initial active 4) (4 cores per cpu, 2 threads per core) family 23 model 24 stepping 1 microcode 0x0, cx8, cmov, fxsr, ht, mmx, 3dnowpref, sse, sse2, sse3, ssse3, sse4a, sse4.1, sse4.2, popcnt, lzcnt, tsc, tscinvbit, avx, avx2, aes, clmul, bmi1, bmi2, adx, sha, fma, vzeroupper, clflush, clflushopt

Memory: 4k page, system-wide physical 6075M (58M free)
TotalPageFile size 21258M (AvailPageFile size 143M)
current process WorkingSet (physical memory assigned to process): 243M, peak: 243M
current process commit charge ("private bytes"): 268M, peak: 505M

vm_info: OpenJDK 64-Bit Server VM (17.0.5+8) for windows-amd64 JRE (17.0.5+8), built on Oct 19 2022 04:48:13 by "temurin" with MS VC++ 16.7 (VS2019)

END.
