#
# There is insufficient memory for the Java Runtime Environment to continue.
# Native memory allocation (mmap) failed to map 524288000 bytes for G1 virtual space
# Possible reasons:
#   The system is out of physical RAM or swap space
#   The process is running with CompressedOops enabled, and the Java Heap may be blocking the growth of the native heap
# Possible solutions:
#   Reduce memory load on the system
#   Increase physical memory or swap space
#   Check if swap backing store is full
#   Decrease Java heap size (-Xmx/-Xms)
#   Decrease number of Java threads
#   Decrease Java thread stack sizes (-Xss)
#   Set larger code cache with -XX:ReservedCodeCacheSize=
#   JVM is running with Unscaled Compressed Oops mode in which the Java heap is
#     placed in the first 4GB address space. The Java Heap base address is the
#     maximum limit for the native heap growth. Please use -XX:HeapBaseMinAddress
#     to set the Java Heap base and to place the Java Heap above 4GB virtual address.
# This output file may be truncated or incomplete.
#
#  Out of Memory Error (os_windows.cpp:3548), pid=12840, tid=6000
#
# JRE version: OpenJDK Runtime Environment Temurin-17.0.5+8 (17.0.5+8) (build 17.0.5+8)
# Java VM: OpenJDK 64-Bit Server VM Temurin-17.0.5+8 (17.0.5+8, mixed mode, emulated-client, tiered, compressed oops, compressed class ptrs, g1 gc, windows-amd64)
# No core dump will be written. Minidumps are not enabled by default on client versions of Windows
#

---------------  S U M M A R Y ------------

Command Line: -Dsts.lsp.client=vscode -Dsts.log.file=/dev/null -XX:TieredStopAtLevel=1 -Xlog:jni+resolve=off -Dspring.config.location=file:c:\Users\Wladi\.vscode\extensions\pivotal.vscode-spring-boot-1.42.0\language-server\BOOT-INF\classes\application.properties org.springframework.ide.vscode.boot.app.BootLanguageServerBootApp

Host: AMD Athlon 3000G with Radeon Vega Graphics     , 4 cores, 5G,  Windows 10 , 64 bit Build 19041 (10.0.19041.2364)
Time: Sun Jan  8 07:58:34 2023 Hora oficial do Brasil elapsed time: 62.350677 seconds (0d 0h 1m 2s)

---------------  T H R E A D  ---------------

Current thread (0x0000020478cace10):  VMThread "VM Thread" [stack: 0x000000a685e00000,0x000000a685f00000] [id=6000]

Stack: [0x000000a685e00000,0x000000a685f00000]
Native frames: (J=compiled Java code, j=interpreted, Vv=VM code, C=native code)
V  [jvm.dll+0x676b3a]
V  [jvm.dll+0x831444]
V  [jvm.dll+0x832bee]
V  [jvm.dll+0x833253]
V  [jvm.dll+0x244ce5]
V  [jvm.dll+0x673a49]
V  [jvm.dll+0x66811a]
V  [jvm.dll+0x303ceb]
V  [jvm.dll+0x30b1e6]
V  [jvm.dll+0x35adbe]
V  [jvm.dll+0x35afef]
V  [jvm.dll+0x2dab88]
V  [jvm.dll+0x2d8e3c]
V  [jvm.dll+0x2d840c]
V  [jvm.dll+0x31c31b]
V  [jvm.dll+0x8376fb]
V  [jvm.dll+0x838434]
V  [jvm.dll+0x83894c]
V  [jvm.dll+0x838d24]
V  [jvm.dll+0x838df0]
V  [jvm.dll+0x7e17ea]
V  [jvm.dll+0x6759e5]
C  [ucrtbase.dll+0x21bb2]
C  [KERNEL32.DLL+0x17614]
C  [ntdll.dll+0x526a1]

VM_Operation (0x000000a687efe680): G1CollectForAllocation, mode: safepoint, requested by thread 0x000002047b54c3f0


---------------  P R O C E S S  ---------------

Threads class SMR info:
_java_thread_list=0x000002047b5b3130, length=31, elements={
0x0000020478cc2b40, 0x0000020478cc39b0, 0x0000020478cf1810, 0x0000020478cf44a0,
0x0000020478cf6600, 0x0000020478cf7ed0, 0x0000020478cf8840, 0x0000020478cfdd20,
0x00000204799e4070, 0x00000204799ec830, 0x000002047b1af130, 0x000002047b470f90,
0x000002047b4716f0, 0x000002046d4dc5c0, 0x000002047af3fdd0, 0x000002047b0f8390,
0x000002047b500d80, 0x000002047b536020, 0x000002047b537500, 0x000002047b54f410,
0x000002047b54e5a0, 0x000002047b54d260, 0x000002047b54e0d0, 0x000002047b54bf20,
0x000002047b54ea70, 0x000002047b54cd90, 0x000002047b54dc00, 0x000002047b54ef40,
0x000002047b54c3f0, 0x000002047b54d730, 0x000002047b54ba50
}

Java Threads: ( => current thread )
  0x0000020478cc2b40 JavaThread "Reference Handler" daemon [_thread_blocked, id=6512, stack(0x000000a685f00000,0x000000a686000000)]
  0x0000020478cc39b0 JavaThread "Finalizer" daemon [_thread_blocked, id=13648, stack(0x000000a686000000,0x000000a686100000)]
  0x0000020478cf1810 JavaThread "Signal Dispatcher" daemon [_thread_blocked, id=10720, stack(0x000000a686100000,0x000000a686200000)]
  0x0000020478cf44a0 JavaThread "Attach Listener" daemon [_thread_blocked, id=14840, stack(0x000000a686200000,0x000000a686300000)]
  0x0000020478cf6600 JavaThread "Service Thread" daemon [_thread_blocked, id=15984, stack(0x000000a686300000,0x000000a686400000)]
  0x0000020478cf7ed0 JavaThread "Monitor Deflation Thread" daemon [_thread_blocked, id=8364, stack(0x000000a686400000,0x000000a686500000)]
  0x0000020478cf8840 JavaThread "C1 CompilerThread0" daemon [_thread_blocked, id=14904, stack(0x000000a686500000,0x000000a686600000)]
  0x0000020478cfdd20 JavaThread "Sweeper thread" daemon [_thread_blocked, id=9632, stack(0x000000a686600000,0x000000a686700000)]
  0x00000204799e4070 JavaThread "Notification Thread" daemon [_thread_blocked, id=14808, stack(0x000000a686700000,0x000000a686800000)]
  0x00000204799ec830 JavaThread "Common-Cleaner" daemon [_thread_blocked, id=11404, stack(0x000000a686900000,0x000000a686a00000)]
  0x000002047b1af130 JavaThread "boundedElastic-evictor-1" daemon [_thread_blocked, id=10584, stack(0x000000a686d00000,0x000000a686e00000)]
  0x000002047b470f90 JavaThread "pool-11-thread-1" [_thread_blocked, id=15528, stack(0x000000a686e00000,0x000000a686f00000)]
  0x000002047b4716f0 JavaThread "LanguageServerApp-lifecycle" [_thread_blocked, id=11696, stack(0x000000a686f00000,0x000000a687000000)]
  0x000002046d4dc5c0 JavaThread "DestroyJavaVM" [_thread_blocked, id=16356, stack(0x000000a685800000,0x000000a685900000)]
  0x000002047af3fdd0 JavaThread "pool-12-thread-1" [_thread_in_native, id=3588, stack(0x000000a687000000,0x000000a687100000)]
  0x000002047b0f8390 JavaThread "Simple-Language-Server main thread" daemon [_thread_in_native, id=15988, stack(0x000000a687100000,0x000000a687200000)]
  0x000002047b500d80 JavaThread "pool-8-thread-1" [_thread_blocked, id=13264, stack(0x000000a687200000,0x000000a687300000)]
  0x000002047b536020 JavaThread "parallel-1" daemon [_thread_blocked, id=11672, stack(0x000000a687300000,0x000000a687400000)]
  0x000002047b537500 JavaThread "parallel-2" daemon [_thread_blocked, id=14712, stack(0x000000a687400000,0x000000a687500000)]
  0x000002047b54f410 JavaThread "parallel-3" daemon [_thread_blocked, id=15708, stack(0x000000a687500000,0x000000a687600000)]
  0x000002047b54e5a0 JavaThread "parallel-4" daemon [_thread_blocked, id=6224, stack(0x000000a687600000,0x000000a687700000)]
  0x000002047b54d260 JavaThread "ForkJoinPool.commonPool-worker-1" daemon [_thread_blocked, id=14448, stack(0x000000a687700000,0x000000a687800000)]
  0x000002047b54e0d0 JavaThread "Reconciler-1" daemon [_thread_blocked, id=4156, stack(0x000000a687800000,0x000000a687900000)]
  0x000002047b54bf20 JavaThread "ClassGraph-worker-0" daemon [_thread_blocked, id=16040, stack(0x000000a687900000,0x000000a687a00000)]
  0x000002047b54ea70 JavaThread "ClassGraph-worker-1" daemon [_thread_blocked, id=14424, stack(0x000000a687a00000,0x000000a687b00000)]
  0x000002047b54cd90 JavaThread "ClassGraph-worker-2" daemon [_thread_blocked, id=13136, stack(0x000000a687b00000,0x000000a687c00000)]
  0x000002047b54dc00 JavaThread "ClassGraph-worker-3" daemon [_thread_blocked, id=5016, stack(0x000000a687c00000,0x000000a687d00000)]
  0x000002047b54ef40 JavaThread "ClassGraph-worker-4" daemon [_thread_blocked, id=15280, stack(0x000000a687d00000,0x000000a687e00000)]
  0x000002047b54c3f0 JavaThread "ClassGraph-worker-5" daemon [_thread_blocked, id=15356, stack(0x000000a687e00000,0x000000a687f00000)]
  0x000002047b54d730 JavaThread "ClassGraph-worker-6" daemon [_thread_blocked, id=3164, stack(0x000000a687f00000,0x000000a688000000)]
  0x000002047b54ba50 JavaThread "ClassGraph-worker-7" daemon [_thread_blocked, id=9372, stack(0x000000a688000000,0x000000a688100000)]

Other Threads:
=>0x0000020478cace10 VMThread "VM Thread" [stack: 0x000000a685e00000,0x000000a685f00000] [id=6000]
  0x00000204799e4540 WatcherThread [stack: 0x000000a686800000,0x000000a686900000] [id=6720]
  0x000002046d529b30 GCTaskThread "GC Thread#0" [stack: 0x000000a685900000,0x000000a685a00000] [id=2512]
  0x0000020479bfecd0 GCTaskThread "GC Thread#1" [stack: 0x000000a686a00000,0x000000a686b00000] [id=14788]
  0x000002047a120780 GCTaskThread "GC Thread#2" [stack: 0x000000a686b00000,0x000000a686c00000] [id=13076]
  0x0000020479ef0090 GCTaskThread "GC Thread#3" [stack: 0x000000a686c00000,0x000000a686d00000] [id=13868]
  0x000002046d536870 ConcurrentGCThread "G1 Main Marker" [stack: 0x000000a685a00000,0x000000a685b00000] [id=13104]
  0x000002046d537280 ConcurrentGCThread "G1 Conc#0" [stack: 0x000000a685b00000,0x000000a685c00000] [id=3368]
  0x000002046d596ee0 ConcurrentGCThread "G1 Refine#0" [stack: 0x000000a685c00000,0x000000a685d00000] [id=5784]
  0x000002047b782050 ConcurrentGCThread "G1 Refine#1" [stack: 0x000000a688100000,0x000000a688200000] [id=9004]
  0x000002047a32d8d0 ConcurrentGCThread "G1 Refine#2" [stack: 0x000000a688200000,0x000000a688300000] [id=8928]
  0x000002046d59a530 ConcurrentGCThread "G1 Service" [stack: 0x000000a685d00000,0x000000a685e00000] [id=11544]

Threads with active compile tasks:

VM state: at safepoint (normal execution)

VM Mutex/Monitor currently owned by a thread:  ([mutex/lock_event])
[0x000002046b2e2b10] Threads_lock - owner thread: 0x0000020478cace10
[0x000002046d4dab20] Heap_lock - owner thread: 0x000002047b54c3f0

Heap address: 0x00000000a1000000, size: 1520 MB, Compressed Oops mode: 32-bit

CDS archive(s) not mapped
Compressed class space mapped at: 0x0000000100000000-0x0000000140000000, reserved size: 1073741824
Narrow klass base: 0x0000000000000000, Narrow klass shift: 3, Narrow klass range: 0x140000000

GC Precious Log:
 CPUs: 4 total, 4 available
 Memory: 6075M
 Large Page Support: Disabled
 NUMA Support: Disabled
 Compressed Oops: Enabled (32-bit)
 Heap Region Size: 1M
 Heap Min Capacity: 8M
 Heap Initial Capacity: 96M
 Heap Max Capacity: 1520M
 Pre-touch: Disabled
 Parallel Workers: 4
 Concurrent Workers: 1
 Concurrent Refinement Workers: 4
 Periodic GC: Disabled

Heap:
 garbage-first heap   total 276480K, used 150195K [0x00000000a1000000, 0x0000000100000000)
  region size 1024K, 5 young (5120K), 5 survivors (5120K)
 Metaspace       used 39146K, committed 39488K, reserved 1089536K
  class space    used 4929K, committed 5120K, reserved 1048576K

Heap Regions: E=young(eden), S=young(survivor), O=old, HS=humongous(starts), HC=humongous(continues), CS=collection set, F=free, OA=open archive, CA=closed archive, TAMS=top-at-mark-start (previous, next)
|   0|0x00000000a1000000, 0x00000000a1100000, 0x00000000a1100000|100%| O|  |TAMS 0x00000000a1100000, 0x00000000a1000000| Untracked 
|   1|0x00000000a1100000, 0x00000000a1200000, 0x00000000a1200000|100%| O|  |TAMS 0x00000000a1200000, 0x00000000a1100000| Untracked 
|   2|0x00000000a1200000, 0x00000000a1300000, 0x00000000a1300000|100%| O|  |TAMS 0x00000000a1300000, 0x00000000a1200000| Untracked 
|   3|0x00000000a1300000, 0x00000000a1400000, 0x00000000a1400000|100%| O|  |TAMS 0x00000000a1400000, 0x00000000a1300000| Untracked 
|   4|0x00000000a1400000, 0x00000000a1500000, 0x00000000a1500000|100%| O|  |TAMS 0x00000000a1500000, 0x00000000a1400000| Untracked 
|   5|0x00000000a1500000, 0x00000000a1600000, 0x00000000a1600000|100%| O|  |TAMS 0x00000000a1600000, 0x00000000a1500000| Untracked 
|   6|0x00000000a1600000, 0x00000000a1700000, 0x00000000a1700000|100%| O|  |TAMS 0x00000000a1700000, 0x00000000a1600000| Untracked 
|   7|0x00000000a1700000, 0x00000000a1800000, 0x00000000a1800000|100%|HS|  |TAMS 0x00000000a1700000, 0x00000000a1700000| Complete 
|   8|0x00000000a1800000, 0x00000000a1900000, 0x00000000a1900000|100%| O|  |TAMS 0x00000000a1900000, 0x00000000a1800000| Untracked 
|   9|0x00000000a1900000, 0x00000000a1a00000, 0x00000000a1a00000|100%| O|  |TAMS 0x00000000a1a00000, 0x00000000a1900000| Untracked 
|  10|0x00000000a1a00000, 0x00000000a1b00000, 0x00000000a1b00000|100%| O|  |TAMS 0x00000000a1b00000, 0x00000000a1a00000| Untracked 
|  11|0x00000000a1b00000, 0x00000000a1c00000, 0x00000000a1c00000|100%| O|  |TAMS 0x00000000a1c00000, 0x00000000a1b00000| Untracked 
|  12|0x00000000a1c00000, 0x00000000a1d00000, 0x00000000a1d00000|100%| O|  |TAMS 0x00000000a1d00000, 0x00000000a1c00000| Untracked 
|  13|0x00000000a1d00000, 0x00000000a1e00000, 0x00000000a1e00000|100%| O|  |TAMS 0x00000000a1e00000, 0x00000000a1d00000| Untracked 
|  14|0x00000000a1e00000, 0x00000000a1f00000, 0x00000000a1f00000|100%| O|  |TAMS 0x00000000a1f00000, 0x00000000a1e00000| Untracked 
|  15|0x00000000a1f00000, 0x00000000a2000000, 0x00000000a2000000|100%| O|  |TAMS 0x00000000a2000000, 0x00000000a1f00000| Untracked 
|  16|0x00000000a2000000, 0x00000000a2100000, 0x00000000a2100000|100%| O|  |TAMS 0x00000000a2100000, 0x00000000a2000000| Untracked 
|  17|0x00000000a2100000, 0x00000000a2200000, 0x00000000a2200000|100%| O|  |TAMS 0x00000000a2200000, 0x00000000a2100000| Untracked 
|  18|0x00000000a2200000, 0x00000000a2300000, 0x00000000a2300000|100%| O|  |TAMS 0x00000000a2300000, 0x00000000a2200000| Untracked 
|  19|0x00000000a2300000, 0x00000000a2400000, 0x00000000a2400000|100%| O|  |TAMS 0x00000000a2400000, 0x00000000a2300000| Untracked 
|  20|0x00000000a2400000, 0x00000000a2500000, 0x00000000a2500000|100%| O|  |TAMS 0x00000000a2500000, 0x00000000a2400000| Untracked 
|  21|0x00000000a2500000, 0x00000000a2600000, 0x00000000a2600000|100%| O|  |TAMS 0x00000000a2600000, 0x00000000a2500000| Untracked 
|  22|0x00000000a2600000, 0x00000000a2700000, 0x00000000a2700000|100%| O|  |TAMS 0x00000000a2700000, 0x00000000a2600000| Untracked 
|  23|0x00000000a2700000, 0x00000000a2800000, 0x00000000a2800000|100%| O|  |TAMS 0x00000000a2800000, 0x00000000a2700000| Untracked 
|  24|0x00000000a2800000, 0x00000000a2900000, 0x00000000a2900000|100%| O|  |TAMS 0x00000000a2900000, 0x00000000a2800000| Untracked 
|  25|0x00000000a2900000, 0x00000000a2a00000, 0x00000000a2a00000|100%| O|  |TAMS 0x00000000a2a00000, 0x00000000a2900000| Untracked 
|  26|0x00000000a2a00000, 0x00000000a2b00000, 0x00000000a2b00000|100%| O|  |TAMS 0x00000000a2b00000, 0x00000000a2a00000| Untracked 
|  27|0x00000000a2b00000, 0x00000000a2c00000, 0x00000000a2c00000|100%| O|  |TAMS 0x00000000a2c00000, 0x00000000a2b00000| Untracked 
|  28|0x00000000a2c00000, 0x00000000a2d00000, 0x00000000a2d00000|100%| O|  |TAMS 0x00000000a2d00000, 0x00000000a2c00000| Untracked 
|  29|0x00000000a2d00000, 0x00000000a2e00000, 0x00000000a2e00000|100%| O|  |TAMS 0x00000000a2e00000, 0x00000000a2d00000| Untracked 
|  30|0x00000000a2e00000, 0x00000000a2f00000, 0x00000000a2f00000|100%| O|  |TAMS 0x00000000a2f00000, 0x00000000a2e00000| Untracked 
|  31|0x00000000a2f00000, 0x00000000a3000000, 0x00000000a3000000|100%| O|  |TAMS 0x00000000a3000000, 0x00000000a2f00000| Untracked 
|  32|0x00000000a3000000, 0x00000000a3100000, 0x00000000a3100000|100%| O|  |TAMS 0x00000000a3100000, 0x00000000a3000000| Untracked 
|  33|0x00000000a3100000, 0x00000000a3200000, 0x00000000a3200000|100%| O|  |TAMS 0x00000000a3200000, 0x00000000a3100000| Untracked 
|  34|0x00000000a3200000, 0x00000000a3300000, 0x00000000a3300000|100%| O|  |TAMS 0x00000000a3300000, 0x00000000a3200000| Untracked 
|  35|0x00000000a3300000, 0x00000000a3400000, 0x00000000a3400000|100%| O|  |TAMS 0x00000000a3400000, 0x00000000a3300000| Untracked 
|  36|0x00000000a3400000, 0x00000000a3500000, 0x00000000a3500000|100%| O|  |TAMS 0x00000000a3500000, 0x00000000a3400000| Untracked 
|  37|0x00000000a3500000, 0x00000000a3600000, 0x00000000a3600000|100%| O|  |TAMS 0x00000000a3600000, 0x00000000a3500000| Untracked 
|  38|0x00000000a3600000, 0x00000000a3700000, 0x00000000a3700000|100%| O|  |TAMS 0x00000000a3700000, 0x00000000a3600000| Untracked 
|  39|0x00000000a3700000, 0x00000000a3800000, 0x00000000a3800000|100%| O|  |TAMS 0x00000000a3800000, 0x00000000a3700000| Untracked 
|  40|0x00000000a3800000, 0x00000000a3900000, 0x00000000a3900000|100%| O|  |TAMS 0x00000000a3900000, 0x00000000a3800000| Untracked 
|  41|0x00000000a3900000, 0x00000000a3a00000, 0x00000000a3a00000|100%| O|  |TAMS 0x00000000a3a00000, 0x00000000a3900000| Untracked 
|  42|0x00000000a3a00000, 0x00000000a3b00000, 0x00000000a3b00000|100%| O|  |TAMS 0x00000000a3b00000, 0x00000000a3a00000| Untracked 
|  43|0x00000000a3b00000, 0x00000000a3c00000, 0x00000000a3c00000|100%| O|  |TAMS 0x00000000a3c00000, 0x00000000a3b00000| Untracked 
|  44|0x00000000a3c00000, 0x00000000a3d00000, 0x00000000a3d00000|100%| O|  |TAMS 0x00000000a3d00000, 0x00000000a3c00000| Untracked 
|  45|0x00000000a3d00000, 0x00000000a3e00000, 0x00000000a3e00000|100%| O|  |TAMS 0x00000000a3e00000, 0x00000000a3d00000| Untracked 
|  46|0x00000000a3e00000, 0x00000000a3f00000, 0x00000000a3f00000|100%| O|  |TAMS 0x00000000a3f00000, 0x00000000a3e00000| Untracked 
|  47|0x00000000a3f00000, 0x00000000a4000000, 0x00000000a4000000|100%| O|  |TAMS 0x00000000a4000000, 0x00000000a3f00000| Untracked 
|  48|0x00000000a4000000, 0x00000000a4100000, 0x00000000a4100000|100%| O|  |TAMS 0x00000000a4100000, 0x00000000a4000000| Untracked 
|  49|0x00000000a4100000, 0x00000000a4200000, 0x00000000a4200000|100%| O|  |TAMS 0x00000000a4200000, 0x00000000a4100000| Untracked 
|  50|0x00000000a4200000, 0x00000000a4300000, 0x00000000a4300000|100%| O|  |TAMS 0x00000000a4300000, 0x00000000a4200000| Untracked 
|  51|0x00000000a4300000, 0x00000000a4400000, 0x00000000a4400000|100%| O|  |TAMS 0x00000000a4400000, 0x00000000a4300000| Untracked 
|  52|0x00000000a4400000, 0x00000000a4500000, 0x00000000a4500000|100%| O|  |TAMS 0x00000000a4500000, 0x00000000a4400000| Untracked 
|  53|0x00000000a4500000, 0x00000000a4600000, 0x00000000a4600000|100%| O|  |TAMS 0x00000000a4600000, 0x00000000a4500000| Untracked 
|  54|0x00000000a4600000, 0x00000000a4700000, 0x00000000a4700000|100%| O|  |TAMS 0x00000000a4700000, 0x00000000a4600000| Untracked 
|  55|0x00000000a4700000, 0x00000000a4800000, 0x00000000a4800000|100%| O|  |TAMS 0x00000000a4800000, 0x00000000a4700000| Untracked 
|  56|0x00000000a4800000, 0x00000000a4900000, 0x00000000a4900000|100%| O|  |TAMS 0x00000000a4900000, 0x00000000a4800000| Untracked 
|  57|0x00000000a4900000, 0x00000000a4900000, 0x00000000a4a00000|  0%| F|  |TAMS 0x00000000a4900000, 0x00000000a4900000| Untracked 
|  58|0x00000000a4a00000, 0x00000000a4b00000, 0x00000000a4b00000|100%| O|  |TAMS 0x00000000a4b00000, 0x00000000a4a00000| Untracked 
|  59|0x00000000a4b00000, 0x00000000a4c00000, 0x00000000a4c00000|100%|HS|  |TAMS 0x00000000a4c00000, 0x00000000a4b00000| Complete 
|  60|0x00000000a4c00000, 0x00000000a4d00000, 0x00000000a4d00000|100%| O|  |TAMS 0x00000000a4d00000, 0x00000000a4c00000| Untracked 
|  61|0x00000000a4d00000, 0x00000000a4e00000, 0x00000000a4e00000|100%| O|  |TAMS 0x00000000a4e00000, 0x00000000a4d00000| Untracked 
|  62|0x00000000a4e00000, 0x00000000a4f00000, 0x00000000a4f00000|100%| O|  |TAMS 0x00000000a4f00000, 0x00000000a4e00000| Untracked 
|  63|0x00000000a4f00000, 0x00000000a5000000, 0x00000000a5000000|100%| O|  |TAMS 0x00000000a5000000, 0x00000000a4f00000| Untracked 
|  64|0x00000000a5000000, 0x00000000a5100000, 0x00000000a5100000|100%| O|  |TAMS 0x00000000a5100000, 0x00000000a5000000| Untracked 
|  65|0x00000000a5100000, 0x00000000a5200000, 0x00000000a5200000|100%| O|  |TAMS 0x00000000a5200000, 0x00000000a5100000| Untracked 
|  66|0x00000000a5200000, 0x00000000a5300000, 0x00000000a5300000|100%| O|  |TAMS 0x00000000a5300000, 0x00000000a5200000| Untracked 
|  67|0x00000000a5300000, 0x00000000a5400000, 0x00000000a5400000|100%| O|  |TAMS 0x00000000a5400000, 0x00000000a5300000| Untracked 
|  68|0x00000000a5400000, 0x00000000a5500000, 0x00000000a5500000|100%| O|  |TAMS 0x00000000a5500000, 0x00000000a5400000| Untracked 
|  69|0x00000000a5500000, 0x00000000a5600000, 0x00000000a5600000|100%| O|  |TAMS 0x00000000a5600000, 0x00000000a5500000| Untracked 
|  70|0x00000000a5600000, 0x00000000a5700000, 0x00000000a5700000|100%| O|  |TAMS 0x00000000a5700000, 0x00000000a5600000| Untracked 
|  71|0x00000000a5700000, 0x00000000a5800000, 0x00000000a5800000|100%| O|  |TAMS 0x00000000a5800000, 0x00000000a5700000| Untracked 
|  72|0x00000000a5800000, 0x00000000a5900000, 0x00000000a5900000|100%| O|  |TAMS 0x00000000a5900000, 0x00000000a5800000| Untracked 
|  73|0x00000000a5900000, 0x00000000a5a00000, 0x00000000a5a00000|100%| O|  |TAMS 0x00000000a5a00000, 0x00000000a5900000| Untracked 
|  74|0x00000000a5a00000, 0x00000000a5b00000, 0x00000000a5b00000|100%| O|  |TAMS 0x00000000a5b00000, 0x00000000a5a00000| Untracked 
|  75|0x00000000a5b00000, 0x00000000a5c00000, 0x00000000a5c00000|100%| O|  |TAMS 0x00000000a5c00000, 0x00000000a5b00000| Untracked 
|  76|0x00000000a5c00000, 0x00000000a5d00000, 0x00000000a5d00000|100%| O|  |TAMS 0x00000000a5d00000, 0x00000000a5c00000| Untracked 
|  77|0x00000000a5d00000, 0x00000000a5e00000, 0x00000000a5e00000|100%| O|  |TAMS 0x00000000a5e00000, 0x00000000a5d00000| Untracked 
|  78|0x00000000a5e00000, 0x00000000a5f00000, 0x00000000a5f00000|100%| O|  |TAMS 0x00000000a5f00000, 0x00000000a5e00000| Untracked 
|  79|0x00000000a5f00000, 0x00000000a6000000, 0x00000000a6000000|100%| O|  |TAMS 0x00000000a6000000, 0x00000000a5f00000| Untracked 
|  80|0x00000000a6000000, 0x00000000a6100000, 0x00000000a6100000|100%| O|  |TAMS 0x00000000a6100000, 0x00000000a6000000| Untracked 
|  81|0x00000000a6100000, 0x00000000a6200000, 0x00000000a6200000|100%| O|  |TAMS 0x00000000a6200000, 0x00000000a6100000| Untracked 
|  82|0x00000000a6200000, 0x00000000a6300000, 0x00000000a6300000|100%| O|  |TAMS 0x00000000a6300000, 0x00000000a6200000| Untracked 
|  83|0x00000000a6300000, 0x00000000a6400000, 0x00000000a6400000|100%| O|  |TAMS 0x00000000a6400000, 0x00000000a6300000| Untracked 
|  84|0x00000000a6400000, 0x00000000a6500000, 0x00000000a6500000|100%| O|  |TAMS 0x00000000a6500000, 0x00000000a6400000| Untracked 
|  85|0x00000000a6500000, 0x00000000a6600000, 0x00000000a6600000|100%| O|  |TAMS 0x00000000a6600000, 0x00000000a6500000| Untracked 
|  86|0x00000000a6600000, 0x00000000a6700000, 0x00000000a6700000|100%| O|  |TAMS 0x00000000a6700000, 0x00000000a6600000| Untracked 
|  87|0x00000000a6700000, 0x00000000a6700000, 0x00000000a6800000|  0%| F|  |TAMS 0x00000000a6700000, 0x00000000a6700000| Untracked 
|  88|0x00000000a6800000, 0x00000000a6900000, 0x00000000a6900000|100%| O|  |TAMS 0x00000000a6900000, 0x00000000a6800000| Untracked 
|  89|0x00000000a6900000, 0x00000000a6a00000, 0x00000000a6a00000|100%| O|  |TAMS 0x00000000a6a00000, 0x00000000a6900000| Untracked 
|  90|0x00000000a6a00000, 0x00000000a6b00000, 0x00000000a6b00000|100%| O|  |TAMS 0x00000000a6b00000, 0x00000000a6a00000| Untracked 
|  91|0x00000000a6b00000, 0x00000000a6c00000, 0x00000000a6c00000|100%| O|  |TAMS 0x00000000a6c00000, 0x00000000a6b00000| Untracked 
|  92|0x00000000a6c00000, 0x00000000a6d00000, 0x00000000a6d00000|100%| O|  |TAMS 0x00000000a6d00000, 0x00000000a6c00000| Untracked 
|  93|0x00000000a6d00000, 0x00000000a6e00000, 0x00000000a6e00000|100%| O|  |TAMS 0x00000000a6e00000, 0x00000000a6d00000| Untracked 
|  94|0x00000000a6e00000, 0x00000000a6f00000, 0x00000000a6f00000|100%| O|  |TAMS 0x00000000a6f00000, 0x00000000a6e00000| Untracked 
|  95|0x00000000a6f00000, 0x00000000a7000000, 0x00000000a7000000|100%| O|  |TAMS 0x00000000a7000000, 0x00000000a6f00000| Untracked 
|  96|0x00000000a7000000, 0x00000000a7100000, 0x00000000a7100000|100%| O|  |TAMS 0x00000000a7100000, 0x00000000a7000000| Untracked 
|  97|0x00000000a7100000, 0x00000000a7200000, 0x00000000a7200000|100%| O|  |TAMS 0x00000000a7200000, 0x00000000a7100000| Untracked 
|  98|0x00000000a7200000, 0x00000000a7300000, 0x00000000a7300000|100%| O|  |TAMS 0x00000000a7300000, 0x00000000a7200000| Untracked 
|  99|0x00000000a7300000, 0x00000000a7400000, 0x00000000a7400000|100%| O|  |TAMS 0x00000000a7400000, 0x00000000a7300000| Untracked 
| 100|0x00000000a7400000, 0x00000000a7500000, 0x00000000a7500000|100%| O|  |TAMS 0x00000000a7500000, 0x00000000a7400000| Untracked 
| 101|0x00000000a7500000, 0x00000000a7600000, 0x00000000a7600000|100%| O|  |TAMS 0x00000000a7600000, 0x00000000a7500000| Untracked 
| 102|0x00000000a7600000, 0x00000000a7700000, 0x00000000a7700000|100%| O|  |TAMS 0x00000000a7700000, 0x00000000a7600000| Untracked 
| 103|0x00000000a7700000, 0x00000000a7800000, 0x00000000a7800000|100%| O|  |TAMS 0x00000000a7800000, 0x00000000a7700000| Untracked 
| 104|0x00000000a7800000, 0x00000000a7900000, 0x00000000a7900000|100%| O|  |TAMS 0x00000000a7900000, 0x00000000a7800000| Untracked 
| 105|0x00000000a7900000, 0x00000000a7a00000, 0x00000000a7a00000|100%| O|  |TAMS 0x00000000a7a00000, 0x00000000a7900000| Untracked 
| 106|0x00000000a7a00000, 0x00000000a7b00000, 0x00000000a7b00000|100%| O|  |TAMS 0x00000000a7b00000, 0x00000000a7a00000| Untracked 
| 107|0x00000000a7b00000, 0x00000000a7c00000, 0x00000000a7c00000|100%| O|  |TAMS 0x00000000a7c00000, 0x00000000a7b00000| Untracked 
| 108|0x00000000a7c00000, 0x00000000a7d00000, 0x00000000a7d00000|100%| O|  |TAMS 0x00000000a7d00000, 0x00000000a7c00000| Untracked 
| 109|0x00000000a7d00000, 0x00000000a7e00000, 0x00000000a7e00000|100%| O|  |TAMS 0x00000000a7e00000, 0x00000000a7d00000| Untracked 
| 110|0x00000000a7e00000, 0x00000000a7f00000, 0x00000000a7f00000|100%| O|  |TAMS 0x00000000a7f00000, 0x00000000a7e00000| Untracked 
| 111|0x00000000a7f00000, 0x00000000a8000000, 0x00000000a8000000|100%| O|  |TAMS 0x00000000a8000000, 0x00000000a7f00000| Untracked 
| 112|0x00000000a8000000, 0x00000000a8100000, 0x00000000a8100000|100%| O|  |TAMS 0x00000000a8100000, 0x00000000a8000000| Untracked 
| 113|0x00000000a8100000, 0x00000000a8200000, 0x00000000a8200000|100%| O|  |TAMS 0x00000000a8200000, 0x00000000a8100000| Untracked 
| 114|0x00000000a8200000, 0x00000000a8300000, 0x00000000a8300000|100%| O|  |TAMS 0x00000000a8300000, 0x00000000a8200000| Untracked 
| 115|0x00000000a8300000, 0x00000000a8400000, 0x00000000a8400000|100%| O|  |TAMS 0x00000000a8400000, 0x00000000a8300000| Untracked 
| 116|0x00000000a8400000, 0x00000000a8500000, 0x00000000a8500000|100%| O|  |TAMS 0x00000000a8500000, 0x00000000a8400000| Untracked 
| 117|0x00000000a8500000, 0x00000000a8600000, 0x00000000a8600000|100%| O|  |TAMS 0x00000000a8600000, 0x00000000a8500000| Untracked 
| 118|0x00000000a8600000, 0x00000000a8700000, 0x00000000a8700000|100%| O|  |TAMS 0x00000000a8700000, 0x00000000a8600000| Untracked 
| 119|0x00000000a8700000, 0x00000000a8800000, 0x00000000a8800000|100%| O|  |TAMS 0x00000000a8800000, 0x00000000a8700000| Untracked 
| 120|0x00000000a8800000, 0x00000000a8900000, 0x00000000a8900000|100%| O|  |TAMS 0x00000000a8900000, 0x00000000a8800000| Untracked 
| 121|0x00000000a8900000, 0x00000000a8a00000, 0x00000000a8a00000|100%| O|  |TAMS 0x00000000a8a00000, 0x00000000a8900000| Untracked 
| 122|0x00000000a8a00000, 0x00000000a8b00000, 0x00000000a8b00000|100%| O|  |TAMS 0x00000000a8b00000, 0x00000000a8a00000| Untracked 
| 123|0x00000000a8b00000, 0x00000000a8c00000, 0x00000000a8c00000|100%| O|  |TAMS 0x00000000a8c00000, 0x00000000a8b00000| Untracked 
| 124|0x00000000a8c00000, 0x00000000a8d00000, 0x00000000a8d00000|100%| O|  |TAMS 0x00000000a8d00000, 0x00000000a8c00000| Untracked 
| 125|0x00000000a8d00000, 0x00000000a8e00000, 0x00000000a8e00000|100%| O|  |TAMS 0x00000000a8e00000, 0x00000000a8d00000| Untracked 
| 126|0x00000000a8e00000, 0x00000000a8f00000, 0x00000000a8f00000|100%| O|  |TAMS 0x00000000a8f00000, 0x00000000a8e00000| Untracked 
| 127|0x00000000a8f00000, 0x00000000a9000000, 0x00000000a9000000|100%| O|  |TAMS 0x00000000a8f89a00, 0x00000000a8f00000| Untracked 
| 128|0x00000000a9000000, 0x00000000a9100000, 0x00000000a9100000|100%| O|  |TAMS 0x00000000a9000000, 0x00000000a9000000| Untracked 
| 129|0x00000000a9100000, 0x00000000a9200000, 0x00000000a9200000|100%| O|  |TAMS 0x00000000a9100000, 0x00000000a9100000| Untracked 
| 130|0x00000000a9200000, 0x00000000a9300000, 0x00000000a9300000|100%| O|  |TAMS 0x00000000a9200000, 0x00000000a9200000| Untracked 
| 131|0x00000000a9300000, 0x00000000a9400000, 0x00000000a9400000|100%| O|  |TAMS 0x00000000a9300000, 0x00000000a9300000| Untracked 
| 132|0x00000000a9400000, 0x00000000a9500000, 0x00000000a9500000|100%| O|  |TAMS 0x00000000a9400000, 0x00000000a9400000| Untracked 
| 133|0x00000000a9500000, 0x00000000a9600000, 0x00000000a9600000|100%| O|  |TAMS 0x00000000a9500000, 0x00000000a9500000| Untracked 
| 134|0x00000000a9600000, 0x00000000a9700000, 0x00000000a9700000|100%| O|  |TAMS 0x00000000a9600000, 0x00000000a9600000| Untracked 
| 135|0x00000000a9700000, 0x00000000a9800000, 0x00000000a9800000|100%| O|  |TAMS 0x00000000a9700000, 0x00000000a9700000| Untracked 
| 136|0x00000000a9800000, 0x00000000a9900000, 0x00000000a9900000|100%| O|  |TAMS 0x00000000a9800000, 0x00000000a9800000| Untracked 
| 137|0x00000000a9900000, 0x00000000a9a00000, 0x00000000a9a00000|100%| O|  |TAMS 0x00000000a9900000, 0x00000000a9900000| Untracked 
| 138|0x00000000a9a00000, 0x00000000a9b00000, 0x00000000a9b00000|100%| O|  |TAMS 0x00000000a9a00000, 0x00000000a9a00000| Untracked 
| 139|0x00000000a9b00000, 0x00000000a9c00000, 0x00000000a9c00000|100%| O|  |TAMS 0x00000000a9b00000, 0x00000000a9b00000| Untracked 
| 140|0x00000000a9c00000, 0x00000000a9d00000, 0x00000000a9d00000|100%| O|  |TAMS 0x00000000a9c00000, 0x00000000a9c00000| Untracked 
| 141|0x00000000a9d00000, 0x00000000a9e00000, 0x00000000a9e00000|100%| O|  |TAMS 0x00000000a9d00000, 0x00000000a9d00000| Untracked 
| 142|0x00000000a9e00000, 0x00000000a9f00000, 0x00000000a9f00000|100%| O|  |TAMS 0x00000000a9e00000, 0x00000000a9e00000| Untracked 
| 143|0x00000000a9f00000, 0x00000000aa000000, 0x00000000aa000000|100%| O|  |TAMS 0x00000000a9f00000, 0x00000000a9f00000| Untracked 
| 144|0x00000000aa000000, 0x00000000aa017c00, 0x00000000aa100000|  9%| O|  |TAMS 0x00000000aa000000, 0x00000000aa000000| Untracked 
| 145|0x00000000aa100000, 0x00000000aa100000, 0x00000000aa200000|  0%| F|  |TAMS 0x00000000aa100000, 0x00000000aa100000| Untracked 
| 146|0x00000000aa200000, 0x00000000aa200000, 0x00000000aa300000|  0%| F|  |TAMS 0x00000000aa200000, 0x00000000aa200000| Untracked 
| 147|0x00000000aa300000, 0x00000000aa300000, 0x00000000aa400000|  0%| F|  |TAMS 0x00000000aa300000, 0x00000000aa300000| Untracked 
| 148|0x00000000aa400000, 0x00000000aa400000, 0x00000000aa500000|  0%| F|  |TAMS 0x00000000aa400000, 0x00000000aa400000| Untracked 
| 149|0x00000000aa500000, 0x00000000aa500000, 0x00000000aa600000|  0%| F|  |TAMS 0x00000000aa500000, 0x00000000aa500000| Untracked 
| 150|0x00000000aa600000, 0x00000000aa600000, 0x00000000aa700000|  0%| F|  |TAMS 0x00000000aa600000, 0x00000000aa600000| Untracked 
| 151|0x00000000aa700000, 0x00000000aa700000, 0x00000000aa800000|  0%| F|  |TAMS 0x00000000aa700000, 0x00000000aa700000| Untracked 
| 152|0x00000000aa800000, 0x00000000aa800000, 0x00000000aa900000|  0%| F|  |TAMS 0x00000000aa800000, 0x00000000aa800000| Untracked 
| 153|0x00000000aa900000, 0x00000000aa900000, 0x00000000aaa00000|  0%| F|  |TAMS 0x00000000aa900000, 0x00000000aa900000| Untracked 
| 154|0x00000000aaa00000, 0x00000000aaa00000, 0x00000000aab00000|  0%| F|  |TAMS 0x00000000aaa00000, 0x00000000aaa00000| Untracked 
| 155|0x00000000aab00000, 0x00000000aab00000, 0x00000000aac00000|  0%| F|  |TAMS 0x00000000aab00000, 0x00000000aab00000| Untracked 
| 156|0x00000000aac00000, 0x00000000aac00000, 0x00000000aad00000|  0%| F|  |TAMS 0x00000000aac00000, 0x00000000aac00000| Untracked 
| 157|0x00000000aad00000, 0x00000000aad00000, 0x00000000aae00000|  0%| F|  |TAMS 0x00000000aad00000, 0x00000000aad00000| Untracked 
| 158|0x00000000aae00000, 0x00000000aae00000, 0x00000000aaf00000|  0%| F|  |TAMS 0x00000000aae00000, 0x00000000aae00000| Untracked 
| 159|0x00000000aaf00000, 0x00000000aaf00000, 0x00000000ab000000|  0%| F|  |TAMS 0x00000000aaf00000, 0x00000000aaf00000| Untracked 
| 160|0x00000000ab000000, 0x00000000ab000000, 0x00000000ab100000|  0%| F|  |TAMS 0x00000000ab000000, 0x00000000ab000000| Untracked 
| 161|0x00000000ab100000, 0x00000000ab100000, 0x00000000ab200000|  0%| F|  |TAMS 0x00000000ab100000, 0x00000000ab100000| Untracked 
| 162|0x00000000ab200000, 0x00000000ab200000, 0x00000000ab300000|  0%| F|  |TAMS 0x00000000ab200000, 0x00000000ab200000| Untracked 
| 163|0x00000000ab300000, 0x00000000ab300000, 0x00000000ab400000|  0%| F|  |TAMS 0x00000000ab300000, 0x00000000ab300000| Untracked 
| 164|0x00000000ab400000, 0x00000000ab400000, 0x00000000ab500000|  0%| F|  |TAMS 0x00000000ab400000, 0x00000000ab400000| Untracked 
| 165|0x00000000ab500000, 0x00000000ab500000, 0x00000000ab600000|  0%| F|  |TAMS 0x00000000ab500000, 0x00000000ab500000| Untracked 
| 166|0x00000000ab600000, 0x00000000ab600000, 0x00000000ab700000|  0%| F|  |TAMS 0x00000000ab600000, 0x00000000ab600000| Untracked 
| 167|0x00000000ab700000, 0x00000000ab700000, 0x00000000ab800000|  0%| F|  |TAMS 0x00000000ab700000, 0x00000000ab700000| Untracked 
| 168|0x00000000ab800000, 0x00000000ab800000, 0x00000000ab900000|  0%| F|  |TAMS 0x00000000ab800000, 0x00000000ab800000| Untracked 
| 169|0x00000000ab900000, 0x00000000ab900000, 0x00000000aba00000|  0%| F|  |TAMS 0x00000000ab900000, 0x00000000ab900000| Untracked 
| 170|0x00000000aba00000, 0x00000000aba00000, 0x00000000abb00000|  0%| F|  |TAMS 0x00000000aba00000, 0x00000000aba00000| Untracked 
| 171|0x00000000abb00000, 0x00000000abb00000, 0x00000000abc00000|  0%| F|  |TAMS 0x00000000abb00000, 0x00000000abb00000| Untracked 
| 172|0x00000000abc00000, 0x00000000abc00000, 0x00000000abd00000|  0%| F|  |TAMS 0x00000000abc00000, 0x00000000abc00000| Untracked 
| 173|0x00000000abd00000, 0x00000000abd00000, 0x00000000abe00000|  0%| F|  |TAMS 0x00000000abd00000, 0x00000000abd00000| Untracked 
| 174|0x00000000abe00000, 0x00000000abe00000, 0x00000000abf00000|  0%| F|  |TAMS 0x00000000abe00000, 0x00000000abe00000| Untracked 
| 175|0x00000000abf00000, 0x00000000abf00000, 0x00000000ac000000|  0%| F|  |TAMS 0x00000000abf00000, 0x00000000abf00000| Untracked 
| 176|0x00000000ac000000, 0x00000000ac000000, 0x00000000ac100000|  0%| F|  |TAMS 0x00000000ac000000, 0x00000000ac000000| Untracked 
| 177|0x00000000ac100000, 0x00000000ac195240, 0x00000000ac200000| 58%| S|CS|TAMS 0x00000000ac100000, 0x00000000ac100000| Complete 
| 178|0x00000000ac200000, 0x00000000ac300000, 0x00000000ac300000|100%| S|CS|TAMS 0x00000000ac200000, 0x00000000ac200000| Complete 
| 179|0x00000000ac300000, 0x00000000ac400000, 0x00000000ac400000|100%| S|CS|TAMS 0x00000000ac300000, 0x00000000ac300000| Complete 
| 180|0x00000000ac400000, 0x00000000ac500000, 0x00000000ac500000|100%| S|CS|TAMS 0x00000000ac400000, 0x00000000ac400000| Complete 
| 181|0x00000000ac500000, 0x00000000ac600000, 0x00000000ac600000|100%| S|CS|TAMS 0x00000000ac500000, 0x00000000ac500000| Complete 
| 182|0x00000000ac600000, 0x00000000ac600000, 0x00000000ac700000|  0%| F|  |TAMS 0x00000000ac600000, 0x00000000ac600000| Untracked 
| 183|0x00000000ac700000, 0x00000000ac700000, 0x00000000ac800000|  0%| F|  |TAMS 0x00000000ac700000, 0x00000000ac700000| Untracked 
| 184|0x00000000ac800000, 0x00000000ac800000, 0x00000000ac900000|  0%| F|  |TAMS 0x00000000ac800000, 0x00000000ac800000| Untracked 
| 185|0x00000000ac900000, 0x00000000ac900000, 0x00000000aca00000|  0%| F|  |TAMS 0x00000000ac900000, 0x00000000ac900000| Untracked 
| 186|0x00000000aca00000, 0x00000000aca00000, 0x00000000acb00000|  0%| F|  |TAMS 0x00000000aca00000, 0x00000000aca00000| Untracked 
| 187|0x00000000acb00000, 0x00000000acb00000, 0x00000000acc00000|  0%| F|  |TAMS 0x00000000acb00000, 0x00000000acb00000| Untracked 
| 188|0x00000000acc00000, 0x00000000acc00000, 0x00000000acd00000|  0%| F|  |TAMS 0x00000000acc00000, 0x00000000acc00000| Untracked 
| 189|0x00000000acd00000, 0x00000000acd00000, 0x00000000ace00000|  0%| F|  |TAMS 0x00000000acd00000, 0x00000000acd00000| Untracked 
| 190|0x00000000ace00000, 0x00000000ace00000, 0x00000000acf00000|  0%| F|  |TAMS 0x00000000ace00000, 0x00000000ace00000| Untracked 
| 191|0x00000000acf00000, 0x00000000acf00000, 0x00000000ad000000|  0%| F|  |TAMS 0x00000000acf00000, 0x00000000acf00000| Untracked 
| 192|0x00000000ad000000, 0x00000000ad000000, 0x00000000ad100000|  0%| F|  |TAMS 0x00000000ad000000, 0x00000000ad000000| Untracked 
| 193|0x00000000ad100000, 0x00000000ad100000, 0x00000000ad200000|  0%| F|  |TAMS 0x00000000ad100000, 0x00000000ad100000| Untracked 
| 194|0x00000000ad200000, 0x00000000ad200000, 0x00000000ad300000|  0%| F|  |TAMS 0x00000000ad200000, 0x00000000ad200000| Untracked 
| 195|0x00000000ad300000, 0x00000000ad300000, 0x00000000ad400000|  0%| F|  |TAMS 0x00000000ad300000, 0x00000000ad300000| Untracked 
| 196|0x00000000ad400000, 0x00000000ad400000, 0x00000000ad500000|  0%| F|  |TAMS 0x00000000ad400000, 0x00000000ad400000| Untracked 
| 197|0x00000000ad500000, 0x00000000ad500000, 0x00000000ad600000|  0%| F|  |TAMS 0x00000000ad500000, 0x00000000ad500000| Untracked 
| 198|0x00000000ad600000, 0x00000000ad600000, 0x00000000ad700000|  0%| F|  |TAMS 0x00000000ad600000, 0x00000000ad600000| Untracked 
| 199|0x00000000ad700000, 0x00000000ad700000, 0x00000000ad800000|  0%| F|  |TAMS 0x00000000ad700000, 0x00000000ad700000| Untracked 
| 200|0x00000000ad800000, 0x00000000ad800000, 0x00000000ad900000|  0%| F|  |TAMS 0x00000000ad800000, 0x00000000ad800000| Untracked 
| 201|0x00000000ad900000, 0x00000000ad900000, 0x00000000ada00000|  0%| F|  |TAMS 0x00000000ad900000, 0x00000000ad900000| Untracked 
| 202|0x00000000ada00000, 0x00000000ada00000, 0x00000000adb00000|  0%| F|  |TAMS 0x00000000ada00000, 0x00000000ada00000| Untracked 
| 203|0x00000000adb00000, 0x00000000adb00000, 0x00000000adc00000|  0%| F|  |TAMS 0x00000000adb00000, 0x00000000adb00000| Untracked 
| 204|0x00000000adc00000, 0x00000000adc00000, 0x00000000add00000|  0%| F|  |TAMS 0x00000000adc00000, 0x00000000adc00000| Untracked 
| 205|0x00000000add00000, 0x00000000add00000, 0x00000000ade00000|  0%| F|  |TAMS 0x00000000add00000, 0x00000000add00000| Untracked 
| 206|0x00000000ade00000, 0x00000000ade00000, 0x00000000adf00000|  0%| F|  |TAMS 0x00000000ade00000, 0x00000000ade00000| Untracked 
| 207|0x00000000adf00000, 0x00000000adf00000, 0x00000000ae000000|  0%| F|  |TAMS 0x00000000adf00000, 0x00000000adf00000| Untracked 
| 208|0x00000000ae000000, 0x00000000ae000000, 0x00000000ae100000|  0%| F|  |TAMS 0x00000000ae000000, 0x00000000ae000000| Untracked 
| 209|0x00000000ae100000, 0x00000000ae100000, 0x00000000ae200000|  0%| F|  |TAMS 0x00000000ae100000, 0x00000000ae100000| Untracked 
| 210|0x00000000ae200000, 0x00000000ae200000, 0x00000000ae300000|  0%| F|  |TAMS 0x00000000ae200000, 0x00000000ae200000| Untracked 
| 211|0x00000000ae300000, 0x00000000ae300000, 0x00000000ae400000|  0%| F|  |TAMS 0x00000000ae300000, 0x00000000ae300000| Untracked 
| 212|0x00000000ae400000, 0x00000000ae400000, 0x00000000ae500000|  0%| F|  |TAMS 0x00000000ae400000, 0x00000000ae400000| Untracked 
| 213|0x00000000ae500000, 0x00000000ae500000, 0x00000000ae600000|  0%| F|  |TAMS 0x00000000ae500000, 0x00000000ae500000| Untracked 
| 214|0x00000000ae600000, 0x00000000ae600000, 0x00000000ae700000|  0%| F|  |TAMS 0x00000000ae600000, 0x00000000ae600000| Untracked 
| 215|0x00000000ae700000, 0x00000000ae700000, 0x00000000ae800000|  0%| F|  |TAMS 0x00000000ae700000, 0x00000000ae700000| Untracked 
| 216|0x00000000ae800000, 0x00000000ae800000, 0x00000000ae900000|  0%| F|  |TAMS 0x00000000ae800000, 0x00000000ae800000| Untracked 
| 217|0x00000000ae900000, 0x00000000ae900000, 0x00000000aea00000|  0%| F|  |TAMS 0x00000000ae900000, 0x00000000ae900000| Untracked 
| 218|0x00000000aea00000, 0x00000000aea00000, 0x00000000aeb00000|  0%| F|  |TAMS 0x00000000aea00000, 0x00000000aea00000| Untracked 
| 219|0x00000000aeb00000, 0x00000000aeb00000, 0x00000000aec00000|  0%| F|  |TAMS 0x00000000aeb00000, 0x00000000aeb00000| Untracked 
| 220|0x00000000aec00000, 0x00000000aec00000, 0x00000000aed00000|  0%| F|  |TAMS 0x00000000aec00000, 0x00000000aec00000| Untracked 
| 221|0x00000000aed00000, 0x00000000aed00000, 0x00000000aee00000|  0%| F|  |TAMS 0x00000000aed00000, 0x00000000aed00000| Untracked 
| 222|0x00000000aee00000, 0x00000000aee00000, 0x00000000aef00000|  0%| F|  |TAMS 0x00000000aee00000, 0x00000000aee00000| Untracked 
| 223|0x00000000aef00000, 0x00000000aef00000, 0x00000000af000000|  0%| F|  |TAMS 0x00000000aef00000, 0x00000000aef00000| Untracked 
| 224|0x00000000af000000, 0x00000000af000000, 0x00000000af100000|  0%| F|  |TAMS 0x00000000af000000, 0x00000000af000000| Untracked 
| 225|0x00000000af100000, 0x00000000af100000, 0x00000000af200000|  0%| F|  |TAMS 0x00000000af100000, 0x00000000af100000| Untracked 
| 226|0x00000000af200000, 0x00000000af200000, 0x00000000af300000|  0%| F|  |TAMS 0x00000000af200000, 0x00000000af200000| Untracked 
| 227|0x00000000af300000, 0x00000000af300000, 0x00000000af400000|  0%| F|  |TAMS 0x00000000af300000, 0x00000000af300000| Untracked 
| 228|0x00000000af400000, 0x00000000af400000, 0x00000000af500000|  0%| F|  |TAMS 0x00000000af400000, 0x00000000af400000| Untracked 
| 229|0x00000000af500000, 0x00000000af500000, 0x00000000af600000|  0%| F|  |TAMS 0x00000000af500000, 0x00000000af500000| Untracked 
| 230|0x00000000af600000, 0x00000000af600000, 0x00000000af700000|  0%| F|  |TAMS 0x00000000af600000, 0x00000000af600000| Untracked 
| 231|0x00000000af700000, 0x00000000af700000, 0x00000000af800000|  0%| F|  |TAMS 0x00000000af700000, 0x00000000af700000| Untracked 
| 232|0x00000000af800000, 0x00000000af800000, 0x00000000af900000|  0%| F|  |TAMS 0x00000000af800000, 0x00000000af800000| Untracked 
| 233|0x00000000af900000, 0x00000000af900000, 0x00000000afa00000|  0%| F|  |TAMS 0x00000000af900000, 0x00000000af900000| Untracked 
| 234|0x00000000afa00000, 0x00000000afa00000, 0x00000000afb00000|  0%| F|  |TAMS 0x00000000afa00000, 0x00000000afa00000| Untracked 
| 235|0x00000000afb00000, 0x00000000afb00000, 0x00000000afc00000|  0%| F|  |TAMS 0x00000000afb00000, 0x00000000afb00000| Untracked 
| 236|0x00000000afc00000, 0x00000000afc00000, 0x00000000afd00000|  0%| F|  |TAMS 0x00000000afc00000, 0x00000000afc00000| Untracked 
| 237|0x00000000afd00000, 0x00000000afd00000, 0x00000000afe00000|  0%| F|  |TAMS 0x00000000afd00000, 0x00000000afd00000| Untracked 
| 238|0x00000000afe00000, 0x00000000afe00000, 0x00000000aff00000|  0%| F|  |TAMS 0x00000000afe00000, 0x00000000afe00000| Untracked 
| 239|0x00000000aff00000, 0x00000000aff00000, 0x00000000b0000000|  0%| F|  |TAMS 0x00000000aff00000, 0x00000000aff00000| Untracked 
| 240|0x00000000b0000000, 0x00000000b0000000, 0x00000000b0100000|  0%| F|  |TAMS 0x00000000b0000000, 0x00000000b0000000| Untracked 
| 241|0x00000000b0100000, 0x00000000b0100000, 0x00000000b0200000|  0%| F|  |TAMS 0x00000000b0100000, 0x00000000b0100000| Untracked 
| 242|0x00000000b0200000, 0x00000000b0200000, 0x00000000b0300000|  0%| F|  |TAMS 0x00000000b0200000, 0x00000000b0200000| Untracked 
| 243|0x00000000b0300000, 0x00000000b0300000, 0x00000000b0400000|  0%| F|  |TAMS 0x00000000b0300000, 0x00000000b0300000| Untracked 
| 244|0x00000000b0400000, 0x00000000b0400000, 0x00000000b0500000|  0%| F|  |TAMS 0x00000000b0400000, 0x00000000b0400000| Untracked 
| 245|0x00000000b0500000, 0x00000000b0500000, 0x00000000b0600000|  0%| F|  |TAMS 0x00000000b0500000, 0x00000000b0500000| Untracked 
| 246|0x00000000b0600000, 0x00000000b0600000, 0x00000000b0700000|  0%| F|  |TAMS 0x00000000b0600000, 0x00000000b0600000| Untracked 
| 247|0x00000000b0700000, 0x00000000b0700000, 0x00000000b0800000|  0%| F|  |TAMS 0x00000000b0700000, 0x00000000b0700000| Untracked 
| 248|0x00000000b0800000, 0x00000000b0800000, 0x00000000b0900000|  0%| F|  |TAMS 0x00000000b0800000, 0x00000000b0800000| Untracked 
| 249|0x00000000b0900000, 0x00000000b0900000, 0x00000000b0a00000|  0%| F|  |TAMS 0x00000000b0900000, 0x00000000b0900000| Untracked 
| 250|0x00000000b0a00000, 0x00000000b0a00000, 0x00000000b0b00000|  0%| F|  |TAMS 0x00000000b0a00000, 0x00000000b0a00000| Untracked 
| 251|0x00000000b0b00000, 0x00000000b0b00000, 0x00000000b0c00000|  0%| F|  |TAMS 0x00000000b0b00000, 0x00000000b0b00000| Untracked 
| 252|0x00000000b0c00000, 0x00000000b0c00000, 0x00000000b0d00000|  0%| F|  |TAMS 0x00000000b0c00000, 0x00000000b0c00000| Untracked 
| 253|0x00000000b0d00000, 0x00000000b0d00000, 0x00000000b0e00000|  0%| F|  |TAMS 0x00000000b0d00000, 0x00000000b0d00000| Untracked 
| 254|0x00000000b0e00000, 0x00000000b0e00000, 0x00000000b0f00000|  0%| F|  |TAMS 0x00000000b0e00000, 0x00000000b0e00000| Untracked 
| 255|0x00000000b0f00000, 0x00000000b0f00000, 0x00000000b1000000|  0%| F|  |TAMS 0x00000000b0f00000, 0x00000000b0f00000| Untracked 
| 256|0x00000000b1000000, 0x00000000b1000000, 0x00000000b1100000|  0%| F|  |TAMS 0x00000000b1000000, 0x00000000b1000000| Untracked 
| 257|0x00000000b1100000, 0x00000000b1100000, 0x00000000b1200000|  0%| F|  |TAMS 0x00000000b1100000, 0x00000000b1100000| Untracked 
| 258|0x00000000b1200000, 0x00000000b1200000, 0x00000000b1300000|  0%| F|  |TAMS 0x00000000b1200000, 0x00000000b1200000| Untracked 
| 259|0x00000000b1300000, 0x00000000b1300000, 0x00000000b1400000|  0%| F|  |TAMS 0x00000000b1300000, 0x00000000b1300000| Untracked 
| 260|0x00000000b1400000, 0x00000000b1400000, 0x00000000b1500000|  0%| F|  |TAMS 0x00000000b1400000, 0x00000000b1400000| Untracked 
| 261|0x00000000b1500000, 0x00000000b1500000, 0x00000000b1600000|  0%| F|  |TAMS 0x00000000b1500000, 0x00000000b1500000| Untracked 
| 262|0x00000000b1600000, 0x00000000b1600000, 0x00000000b1700000|  0%| F|  |TAMS 0x00000000b1600000, 0x00000000b1600000| Untracked 
| 263|0x00000000b1700000, 0x00000000b1700000, 0x00000000b1800000|  0%| F|  |TAMS 0x00000000b1700000, 0x00000000b1700000| Untracked 
| 264|0x00000000b1800000, 0x00000000b1800000, 0x00000000b1900000|  0%| F|  |TAMS 0x00000000b1800000, 0x00000000b1800000| Untracked 
| 265|0x00000000b1900000, 0x00000000b1900000, 0x00000000b1a00000|  0%| F|  |TAMS 0x00000000b1900000, 0x00000000b1900000| Untracked 
| 266|0x00000000b1a00000, 0x00000000b1a00000, 0x00000000b1b00000|  0%| F|  |TAMS 0x00000000b1a00000, 0x00000000b1a00000| Untracked 
| 267|0x00000000b1b00000, 0x00000000b1b00000, 0x00000000b1c00000|  0%| F|  |TAMS 0x00000000b1b00000, 0x00000000b1b00000| Untracked 
| 268|0x00000000b1c00000, 0x00000000b1c00000, 0x00000000b1d00000|  0%| F|  |TAMS 0x00000000b1c00000, 0x00000000b1c00000| Untracked 
| 269|0x00000000b1d00000, 0x00000000b1d00000, 0x00000000b1e00000|  0%| F|  |TAMS 0x00000000b1d00000, 0x00000000b1d00000| Untracked 

Card table byte_map: [0x0000020473160000,0x0000020473460000] _byte_map_base: 0x0000020472c58000

Marking Bits (Prev, Next): (CMBitMap*) 0x000002046d52a140, (CMBitMap*) 0x000002046d52a180
 Prev Bits: [0x0000020473760000, 0x0000020474f20000)
 Next Bits: [0x0000020474f20000, 0x00000204766e0000)

Polling page: 0x000002046b410000

Metaspace:

Usage:
  Non-class:     33.42 MB used.
      Class:      4.81 MB used.
       Both:     38.23 MB used.

Virtual space:
  Non-class space:       40.00 MB reserved,      33.56 MB ( 84%) committed,  5 nodes.
      Class space:        1.00 GB reserved,       5.00 MB ( <1%) committed,  1 nodes.
             Both:        1.04 GB reserved,      38.56 MB (  4%) committed. 

Chunk freelists:
   Non-Class:  1.58 MB
       Class:  3.04 MB
        Both:  4.62 MB

MaxMetaspaceSize: unlimited
CompressedClassSpaceSize: 1.00 GB
Initial GC threshold: 21.00 MB
Current GC threshold: 64.06 MB
CDS: off
MetaspaceReclaimPolicy: balanced
 - commit_granule_bytes: 65536.
 - commit_granule_words: 8192.
 - virtual_space_node_default_size: 1048576.
 - enlarge_chunks_in_place: 1.
 - new_chunks_are_fully_committed: 0.
 - uncommit_free_chunks: 1.
 - use_allocation_guard: 0.
 - handle_deallocations: 1.


Internal statistics:

num_allocs_failed_limit: 5.
num_arena_births: 348.
num_arena_deaths: 0.
num_vsnodes_births: 6.
num_vsnodes_deaths: 0.
num_space_committed: 617.
num_space_uncommitted: 0.
num_chunks_returned_to_freelist: 5.
num_chunks_taken_from_freelist: 1483.
num_chunk_merges: 5.
num_chunk_splits: 1029.
num_chunks_enlarged: 807.
num_purges: 0.
num_inconsistent_stats: 0.

CodeCache: size=49152Kb used=7989Kb max_used=7989Kb free=41162Kb
 bounds [0x0000020470160000, 0x0000020470930000, 0x0000020473160000]
 total_blobs=4585 nmethods=4056 adapters=456
 compilation: enabled
              stopped_count=0, restarted_count=0
 full_count=0

Compilation events (20 events):
Event: 61.156 Thread 0x0000020478cf8840 4047       1       nonapi.io.github.classgraph.fastzipfilereader.NestedJarHandler$8::<init> (63 bytes)
Event: 61.156 Thread 0x0000020478cf8840 nmethod 4047 0x0000020470929990 code [0x0000020470929b60, 0x0000020470929fa8]
Event: 61.156 Thread 0x0000020478cf8840 4048   !   1       nonapi.io.github.classgraph.fileslice.Slice$1::close (28 bytes)
Event: 61.157 Thread 0x0000020478cf8840 nmethod 4048 0x000002047092a110 code [0x000002047092a2e0, 0x000002047092a5b8]
Event: 61.157 Thread 0x0000020478cf8840 4049       1       io.github.classgraph.ClasspathElementZip$1::openClassfile (13 bytes)
Event: 61.158 Thread 0x0000020478cf8840 nmethod 4049 0x000002047092a790 code [0x000002047092a940, 0x000002047092ac48]
Event: 61.158 Thread 0x0000020478cf8840 4050   !   1       io.github.classgraph.ClasspathElementZip$1::open (79 bytes)
Event: 61.159 Thread 0x0000020478cf8840 nmethod 4050 0x000002047092ad10 code [0x000002047092af60, 0x000002047092b818]
Event: 61.987 Thread 0x0000020478cf8840 4051       1       io.github.classgraph.PotentiallyUnmodifiableList$1::hasNext (22 bytes)
Event: 61.988 Thread 0x0000020478cf8840 nmethod 4051 0x000002047092bd90 code [0x000002047092bf40, 0x000002047092c088]
Event: 62.002 Thread 0x0000020478cf8840 4052       1       io.github.classgraph.ScanResultObject::<init> (5 bytes)
Event: 62.002 Thread 0x0000020478cf8840 nmethod 4052 0x000002047092c190 code [0x000002047092c320, 0x000002047092c3d8]
Event: 62.003 Thread 0x0000020478cf8840 4053       1       io.github.classgraph.MethodInfo::getThrownExceptionNames (19 bytes)
Event: 62.003 Thread 0x0000020478cf8840 nmethod 4053 0x000002047092c490 code [0x000002047092c620, 0x000002047092c7b8]
Event: 62.006 Thread 0x0000020478cf8840 4054       1       java.util.ArrayList::<init> (12 bytes)
Event: 62.006 Thread 0x0000020478cf8840 nmethod 4054 0x000002047092c890 code [0x000002047092ca20, 0x000002047092cb58]
Event: 62.025 Thread 0x0000020478cf8840 4055       1       io.github.classgraph.PotentiallyUnmodifiableList::add (23 bytes)
Event: 62.026 Thread 0x0000020478cf8840 nmethod 4055 0x000002047092cc10 code [0x000002047092cdc0, 0x000002047092d098]
Event: 62.026 Thread 0x0000020478cf8840 4056       1       io.github.classgraph.PotentiallyUnmodifiableList$1::next (10 bytes)
Event: 62.026 Thread 0x0000020478cf8840 nmethod 4056 0x000002047092d210 code [0x000002047092d3a0, 0x000002047092d488]

GC Heap History (20 events):
Event: 55.184 GC heap after
{Heap after GC invocations=38 (full 0):
 garbage-first heap   total 276480K, used 107173K [0x00000000a1000000, 0x0000000100000000)
  region size 1024K, 6 young (6144K), 6 survivors (6144K)
 Metaspace       used 39015K, committed 39360K, reserved 1089536K
  class space    used 4920K, committed 5120K, reserved 1048576K
}
Event: 55.619 GC heap before
{Heap before GC invocations=39 (full 0):
 garbage-first heap   total 276480K, used 232101K [0x00000000a1000000, 0x0000000100000000)
  region size 1024K, 129 young (132096K), 6 survivors (6144K)
 Metaspace       used 39015K, committed 39360K, reserved 1089536K
  class space    used 4920K, committed 5120K, reserved 1048576K
}
Event: 55.627 GC heap after
{Heap after GC invocations=40 (full 0):
 garbage-first heap   total 276480K, used 112480K [0x00000000a1000000, 0x0000000100000000)
  region size 1024K, 11 young (11264K), 11 survivors (11264K)
 Metaspace       used 39015K, committed 39360K, reserved 1089536K
  class space    used 4920K, committed 5120K, reserved 1048576K
}
Event: 55.630 GC heap before
{Heap before GC invocations=40 (full 0):
 garbage-first heap   total 276480K, used 113504K [0x00000000a1000000, 0x0000000100000000)
  region size 1024K, 13 young (13312K), 11 survivors (11264K)
 Metaspace       used 39015K, committed 39360K, reserved 1089536K
  class space    used 4920K, committed 5120K, reserved 1048576K
}
Event: 55.641 GC heap after
{Heap after GC invocations=41 (full 0):
 garbage-first heap   total 276480K, used 111695K [0x00000000a1000000, 0x0000000100000000)
  region size 1024K, 2 young (2048K), 2 survivors (2048K)
 Metaspace       used 39015K, committed 39360K, reserved 1089536K
  class space    used 4920K, committed 5120K, reserved 1048576K
}
Event: 56.119 GC heap before
{Heap before GC invocations=41 (full 0):
 garbage-first heap   total 276480K, used 230479K [0x00000000a1000000, 0x0000000100000000)
  region size 1024K, 119 young (121856K), 2 survivors (2048K)
 Metaspace       used 39015K, committed 39360K, reserved 1089536K
  class space    used 4920K, committed 5120K, reserved 1048576K
}
Event: 56.123 GC heap after
{Heap after GC invocations=42 (full 0):
 garbage-first heap   total 276480K, used 115450K [0x00000000a1000000, 0x0000000100000000)
  region size 1024K, 6 young (6144K), 6 survivors (6144K)
 Metaspace       used 39015K, committed 39360K, reserved 1089536K
  class space    used 4920K, committed 5120K, reserved 1048576K
}
Event: 57.445 GC heap before
{Heap before GC invocations=42 (full 0):
 garbage-first heap   total 276480K, used 231162K [0x00000000a1000000, 0x0000000100000000)
  region size 1024K, 120 young (122880K), 6 survivors (6144K)
 Metaspace       used 39015K, committed 39360K, reserved 1089536K
  class space    used 4920K, committed 5120K, reserved 1048576K
}
Event: 57.451 GC heap after
{Heap after GC invocations=43 (full 0):
 garbage-first heap   total 276480K, used 122499K [0x00000000a1000000, 0x0000000100000000)
  region size 1024K, 12 young (12288K), 12 survivors (12288K)
 Metaspace       used 39015K, committed 39360K, reserved 1089536K
  class space    used 4920K, committed 5120K, reserved 1048576K
}
Event: 57.676 GC heap before
{Heap before GC invocations=43 (full 0):
 garbage-first heap   total 276480K, used 232067K [0x00000000a1000000, 0x0000000100000000)
  region size 1024K, 120 young (122880K), 12 survivors (12288K)
 Metaspace       used 39015K, committed 39360K, reserved 1089536K
  class space    used 4920K, committed 5120K, reserved 1048576K
}
Event: 57.683 GC heap after
{Heap after GC invocations=44 (full 0):
 garbage-first heap   total 276480K, used 130877K [0x00000000a1000000, 0x0000000100000000)
  region size 1024K, 15 young (15360K), 15 survivors (15360K)
 Metaspace       used 39015K, committed 39360K, reserved 1089536K
  class space    used 4920K, committed 5120K, reserved 1048576K
}
Event: 61.075 GC heap before
{Heap before GC invocations=44 (full 0):
 garbage-first heap   total 276480K, used 231229K [0x00000000a1000000, 0x0000000100000000)
  region size 1024K, 114 young (116736K), 15 survivors (15360K)
 Metaspace       used 39027K, committed 39360K, reserved 1089536K
  class space    used 4921K, committed 5120K, reserved 1048576K
}
Event: 61.082 GC heap after
{Heap after GC invocations=45 (full 0):
 garbage-first heap   total 276480K, used 137254K [0x00000000a1000000, 0x0000000100000000)
  region size 1024K, 7 young (7168K), 7 survivors (7168K)
 Metaspace       used 39027K, committed 39360K, reserved 1089536K
  class space    used 4921K, committed 5120K, reserved 1048576K
}
Event: 61.584 GC heap before
{Heap before GC invocations=45 (full 0):
 garbage-first heap   total 276480K, used 231462K [0x00000000a1000000, 0x0000000100000000)
  region size 1024K, 100 young (102400K), 7 survivors (7168K)
 Metaspace       used 39146K, committed 39488K, reserved 1089536K
  class space    used 4929K, committed 5120K, reserved 1048576K
}
Event: 61.590 GC heap after
{Heap after GC invocations=46 (full 0):
 garbage-first heap   total 276480K, used 142259K [0x00000000a1000000, 0x0000000100000000)
  region size 1024K, 12 young (12288K), 12 survivors (12288K)
 Metaspace       used 39146K, committed 39488K, reserved 1089536K
  class space    used 4929K, committed 5120K, reserved 1048576K
}
Event: 61.974 GC heap before
{Heap before GC invocations=47 (full 0):
 garbage-first heap   total 276480K, used 232371K [0x00000000a1000000, 0x0000000100000000)
  region size 1024K, 101 young (103424K), 12 survivors (12288K)
 Metaspace       used 39146K, committed 39488K, reserved 1089536K
  class space    used 4929K, committed 5120K, reserved 1048576K
}
Event: 61.981 GC heap after
{Heap after GC invocations=48 (full 0):
 garbage-first heap   total 276480K, used 147427K [0x00000000a1000000, 0x0000000100000000)
  region size 1024K, 10 young (10240K), 10 survivors (10240K)
 Metaspace       used 39146K, committed 39488K, reserved 1089536K
  class space    used 4929K, committed 5120K, reserved 1048576K
}
Event: 61.992 GC heap before
{Heap before GC invocations=48 (full 0):
 garbage-first heap   total 276480K, used 149475K [0x00000000a1000000, 0x0000000100000000)
  region size 1024K, 13 young (13312K), 10 survivors (10240K)
 Metaspace       used 39146K, committed 39488K, reserved 1089536K
  class space    used 4929K, committed 5120K, reserved 1048576K
}
Event: 61.999 GC heap after
{Heap after GC invocations=49 (full 0):
 garbage-first heap   total 276480K, used 145957K [0x00000000a1000000, 0x0000000100000000)
  region size 1024K, 2 young (2048K), 2 survivors (2048K)
 Metaspace       used 39146K, committed 39488K, reserved 1089536K
  class space    used 4929K, committed 5120K, reserved 1048576K
}
Event: 62.313 GC heap before
{Heap before GC invocations=49 (full 0):
 garbage-first heap   total 276480K, used 234021K [0x00000000a1000000, 0x0000000100000000)
  region size 1024K, 88 young (90112K), 2 survivors (2048K)
 Metaspace       used 39146K, committed 39488K, reserved 1089536K
  class space    used 4929K, committed 5120K, reserved 1048576K
}

Dll operation events (8 events):
Event: 0.101 Loaded shared library c:\Users\Wladi\.vscode\extensions\redhat.java-1.13.0-win32-x64\jre\17.0.5-win32-x86_64\bin\java.dll
Event: 0.787 Loaded shared library C:\Users\Wladi\.vscode\extensions\redhat.java-1.13.0-win32-x64\jre\17.0.5-win32-x86_64\bin\net.dll
Event: 0.806 Loaded shared library C:\Users\Wladi\.vscode\extensions\redhat.java-1.13.0-win32-x64\jre\17.0.5-win32-x86_64\bin\nio.dll
Event: 1.372 Loaded shared library C:\Users\Wladi\.vscode\extensions\redhat.java-1.13.0-win32-x64\jre\17.0.5-win32-x86_64\bin\zip.dll
Event: 23.422 Loaded shared library c:\Users\Wladi\.vscode\extensions\redhat.java-1.13.0-win32-x64\jre\17.0.5-win32-x86_64\bin\verify.dll
Event: 23.479 Loaded shared library C:\Users\Wladi\.vscode\extensions\redhat.java-1.13.0-win32-x64\jre\17.0.5-win32-x86_64\bin\jimage.dll
Event: 34.473 Loaded shared library C:\Users\Wladi\.vscode\extensions\redhat.java-1.13.0-win32-x64\jre\17.0.5-win32-x86_64\bin\management.dll
Event: 34.483 Loaded shared library C:\Users\Wladi\.vscode\extensions\redhat.java-1.13.0-win32-x64\jre\17.0.5-win32-x86_64\bin\management_ext.dll

Deoptimization events (12 events):
Event: 35.208 Thread 0x000002046d4dc5c0 DEOPT PACKING pc=0x000002047050ab19 sp=0x000000a6858fd200
Event: 35.208 Thread 0x000002046d4dc5c0 DEOPT UNPACKING pc=0x00000204701b2b43 sp=0x000000a6858fc6e0 mode 3
Event: 39.760 Thread 0x000002047b0f8390 DEOPT PACKING pc=0x0000020470728bb5 sp=0x000000a6871fd2f0
Event: 39.761 Thread 0x000002047b0f8390 DEOPT UNPACKING pc=0x00000204701b2b43 sp=0x000000a6871fc808 mode 3
Event: 40.043 Thread 0x000002047b54d260 DEOPT PACKING pc=0x000002047074bdab sp=0x000000a6877fe1c0
Event: 40.043 Thread 0x000002047b54d260 DEOPT UNPACKING pc=0x00000204701b2b43 sp=0x000000a6877fd708 mode 3
Event: 40.114 Thread 0x000002047b0f8390 DEOPT PACKING pc=0x000002047050be81 sp=0x000000a6871fdc00
Event: 40.114 Thread 0x000002047b0f8390 DEOPT UNPACKING pc=0x00000204701b2b43 sp=0x000000a6871fd090 mode 3
Event: 47.233 Thread 0x000002047b54d730 DEOPT PACKING pc=0x0000020470832304 sp=0x000000a687ffea10
Event: 47.234 Thread 0x000002047b54d730 DEOPT UNPACKING pc=0x00000204701b2b43 sp=0x000000a687ffdeb0 mode 0
Event: 47.533 Thread 0x000002047b54d730 DEOPT PACKING pc=0x0000020470832c14 sp=0x000000a687ffe9d0
Event: 47.533 Thread 0x000002047b54d730 DEOPT UNPACKING pc=0x00000204701b2b43 sp=0x000000a687ffdeb0 mode 0

Classes unloaded (0 events):
No events

Classes redefined (0 events):
No events

Internal exceptions (20 events):
Event: 40.166 Thread 0x000002047b54bf20 Exception <a 'sun/nio/fs/WindowsException'{0x00000000a34830d0}> (0x00000000a34830d0) 
thrown [s\src\hotspot\share\prims\jni.cpp, line 516]
Event: 40.167 Thread 0x000002047b54bf20 Exception <a 'sun/nio/fs/WindowsException'{0x00000000a3483af8}> (0x00000000a3483af8) 
thrown [s\src\hotspot\share\prims\jni.cpp, line 516]
Event: 40.167 Thread 0x000002047b54bf20 Exception <a 'sun/nio/fs/WindowsException'{0x00000000a3483ed8}> (0x00000000a3483ed8) 
thrown [s\src\hotspot\share\prims\jni.cpp, line 516]
Event: 40.167 Thread 0x000002047b54bf20 Exception <a 'sun/nio/fs/WindowsException'{0x00000000a34848c8}> (0x00000000a34848c8) 
thrown [s\src\hotspot\share\prims\jni.cpp, line 516]
Event: 40.167 Thread 0x000002047b54bf20 Exception <a 'sun/nio/fs/WindowsException'{0x00000000a3484c70}> (0x00000000a3484c70) 
thrown [s\src\hotspot\share\prims\jni.cpp, line 516]
Event: 40.167 Thread 0x000002047b54bf20 Exception <a 'sun/nio/fs/WindowsException'{0x00000000a3485670}> (0x00000000a3485670) 
thrown [s\src\hotspot\share\prims\jni.cpp, line 516]
Event: 40.167 Thread 0x000002047b54bf20 Exception <a 'sun/nio/fs/WindowsException'{0x00000000a3485a30}> (0x00000000a3485a30) 
thrown [s\src\hotspot\share\prims\jni.cpp, line 516]
Event: 40.167 Thread 0x000002047b54bf20 Exception <a 'sun/nio/fs/WindowsException'{0x00000000a3486430}> (0x00000000a3486430) 
thrown [s\src\hotspot\share\prims\jni.cpp, line 516]
Event: 40.167 Thread 0x000002047b54bf20 Exception <a 'sun/nio/fs/WindowsException'{0x00000000a34867e0}> (0x00000000a34867e0) 
thrown [s\src\hotspot\share\prims\jni.cpp, line 516]
Event: 40.167 Thread 0x000002047b54bf20 Exception <a 'sun/nio/fs/WindowsException'{0x00000000a34871e0}> (0x00000000a34871e0) 
thrown [s\src\hotspot\share\prims\jni.cpp, line 516]
Event: 40.167 Thread 0x000002047b54bf20 Exception <a 'sun/nio/fs/WindowsException'{0x00000000a34875a0}> (0x00000000a34875a0) 
thrown [s\src\hotspot\share\prims\jni.cpp, line 516]
Event: 40.167 Thread 0x000002047b54bf20 Exception <a 'sun/nio/fs/WindowsException'{0x00000000a3487fc8}> (0x00000000a3487fc8) 
thrown [s\src\hotspot\share\prims\jni.cpp, line 516]
Event: 40.168 Thread 0x000002047b54bf20 Exception <a 'sun/nio/fs/WindowsException'{0x00000000a34883a8}> (0x00000000a34883a8) 
thrown [s\src\hotspot\share\prims\jni.cpp, line 516]
Event: 40.168 Thread 0x000002047b54bf20 Exception <a 'sun/nio/fs/WindowsException'{0x00000000a3488de0}> (0x00000000a3488de0) 
thrown [s\src\hotspot\share\prims\jni.cpp, line 516]
Event: 40.168 Thread 0x000002047b54bf20 Exception <a 'sun/nio/fs/WindowsException'{0x00000000a34891d0}> (0x00000000a34891d0) 
thrown [s\src\hotspot\share\prims\jni.cpp, line 516]
Event: 40.168 Thread 0x000002047b54bf20 Exception <a 'sun/nio/fs/WindowsException'{0x00000000a3489bf8}> (0x00000000a3489bf8) 
thrown [s\src\hotspot\share\prims\jni.cpp, line 516]
Event: 40.168 Thread 0x000002047b54bf20 Exception <a 'sun/nio/fs/WindowsException'{0x00000000a3489fe8}> (0x00000000a3489fe8) 
thrown [s\src\hotspot\share\prims\jni.cpp, line 516]
Event: 47.209 Thread 0x000002047b0f8390 Exception <a 'java/lang/NoSuchMethodError'{0x00000000a7419c50}: 'java.lang.Object java.lang.invoke.Invokers$Holder.invoke_MT(java.lang.Object, java.lang.Object, java.lang.Object)'> (0x00000000a7419c50) 
thrown [s\src\hotspot\share\interpreter\linkResolver.cpp, line 759]
Event: 61.572 Thread 0x000002047b54d730 Exception <a 'sun/nio/fs/WindowsException'{0x00000000b1a38950}> (0x00000000b1a38950) 
thrown [s\src\hotspot\share\prims\jni.cpp, line 516]
Event: 61.576 Thread 0x000002047b54d730 Exception <a 'sun/nio/fs/WindowsException'{0x00000000b1a38d20}> (0x00000000b1a38d20) 
thrown [s\src\hotspot\share\prims\jni.cpp, line 516]

VM Operations (20 events):
Event: 57.676 Executing VM operation: G1CollectForAllocation done
Event: 57.676 Executing VM operation: G1CollectForAllocation
Event: 57.683 Executing VM operation: G1CollectForAllocation done
Event: 58.689 Executing VM operation: Cleanup
Event: 58.705 Executing VM operation: Cleanup done
Event: 60.714 Executing VM operation: Cleanup
Event: 60.714 Executing VM operation: Cleanup done
Event: 61.024 Executing VM operation: G1CollectForAllocation
Event: 61.084 Executing VM operation: G1CollectForAllocation done
Event: 61.584 Executing VM operation: G1CollectForAllocation
Event: 61.596 Executing VM operation: G1CollectForAllocation done
Event: 61.758 Executing VM operation: G1Concurrent
Event: 61.760 Executing VM operation: G1Concurrent done
Event: 61.827 Executing VM operation: G1Concurrent
Event: 61.828 Executing VM operation: G1Concurrent done
Event: 61.974 Executing VM operation: G1CollectForAllocation
Event: 61.981 Executing VM operation: G1CollectForAllocation done
Event: 61.992 Executing VM operation: G1CollectForAllocation
Event: 61.999 Executing VM operation: G1CollectForAllocation done
Event: 62.313 Executing VM operation: G1CollectForAllocation

Events (20 events):
Event: 47.245 loading class jdk/internal/jrtfs/JrtPath
Event: 47.246 loading class jdk/internal/jrtfs/JrtPath done
Event: 47.248 loading class java/nio/file/FileVisitOption
Event: 47.248 loading class java/nio/file/FileVisitOption done
Event: 47.248 loading class java/nio/file/FileTreeWalker
Event: 47.249 loading class java/nio/file/FileTreeWalker done
Event: 47.532 loading class java/nio/file/FileTreeWalker$DirectoryNode
Event: 47.533 loading class java/nio/file/FileTreeWalker$DirectoryNode done
Event: 47.533 loading class java/nio/file/FileTreeWalker$Event
Event: 47.533 loading class java/nio/file/FileTreeWalker$Event done
Event: 47.533 loading class java/nio/file/FileTreeWalker$EventType
Event: 47.533 loading class java/nio/file/FileTreeWalker$EventType done
Event: 47.533 loading class java/nio/file/Files$3
Event: 47.533 loading class java/nio/file/Files$3 done
Event: 47.533 loading class java/nio/file/FileVisitResult
Event: 47.533 loading class java/nio/file/FileVisitResult done
Event: 47.614 loading class java/nio/channels/Channels$ReadableByteChannelImpl
Event: 47.614 loading class java/nio/channels/Channels$ReadableByteChannelImpl done
Event: 47.614 loading class java/nio/channels/NonWritableChannelException
Event: 47.614 loading class java/nio/channels/NonWritableChannelException done


Dynamic libraries:
0x00007ff7a5de0000 - 0x00007ff7a5dee000 	c:\Users\Wladi\.vscode\extensions\redhat.java-1.13.0-win32-x64\jre\17.0.5-win32-x86_64\bin\java.exe
0x00007ffef42f0000 - 0x00007ffef44e8000 	C:\Windows\SYSTEM32\ntdll.dll
0x00007ffee91f0000 - 0x00007ffee9207000 	C:\Program Files\Avast Software\Avast\aswhook.dll
0x00007ffef3210000 - 0x00007ffef32cf000 	C:\Windows\System32\KERNEL32.DLL
0x00007ffef1b60000 - 0x00007ffef1e32000 	C:\Windows\System32\KERNELBASE.dll
0x00007ffef1e40000 - 0x00007ffef1f40000 	C:\Windows\System32\ucrtbase.dll
0x00007ffedee00000 - 0x00007ffedee17000 	c:\Users\Wladi\.vscode\extensions\redhat.java-1.13.0-win32-x64\jre\17.0.5-win32-x86_64\bin\jli.dll
0x00007ffedd140000 - 0x00007ffedd159000 	c:\Users\Wladi\.vscode\extensions\redhat.java-1.13.0-win32-x64\jre\17.0.5-win32-x86_64\bin\VCRUNTIME140.dll
0x00007ffef4100000 - 0x00007ffef42a1000 	C:\Windows\System32\USER32.dll
0x00007ffef1b30000 - 0x00007ffef1b52000 	C:\Windows\System32\win32u.dll
0x00007ffed9b20000 - 0x00007ffed9dba000 	C:\Windows\WinSxS\amd64_microsoft.windows.common-controls_6595b64144ccf1df_6.0.19041.1110_none_60b5254171f9507e\COMCTL32.dll
0x00007ffef4060000 - 0x00007ffef40fe000 	C:\Windows\System32\msvcrt.dll
0x00007ffef3b00000 - 0x00007ffef3b2b000 	C:\Windows\System32\GDI32.dll
0x00007ffef2130000 - 0x00007ffef223f000 	C:\Windows\System32\gdi32full.dll
0x00007ffef1a90000 - 0x00007ffef1b2d000 	C:\Windows\System32\msvcp_win.dll
0x00007ffef3460000 - 0x00007ffef3492000 	C:\Windows\System32\IMM32.DLL
0x00007ffeed4c0000 - 0x00007ffeed4cc000 	c:\Users\Wladi\.vscode\extensions\redhat.java-1.13.0-win32-x64\jre\17.0.5-win32-x86_64\bin\vcruntime140_1.dll
0x00007ffeca430000 - 0x00007ffeca4c1000 	c:\Users\Wladi\.vscode\extensions\redhat.java-1.13.0-win32-x64\jre\17.0.5-win32-x86_64\bin\msvcp140.dll
0x00007ffea6370000 - 0x00007ffea6fb4000 	c:\Users\Wladi\.vscode\extensions\redhat.java-1.13.0-win32-x64\jre\17.0.5-win32-x86_64\bin\server\jvm.dll
0x00007ffef32d0000 - 0x00007ffef337e000 	C:\Windows\System32\ADVAPI32.dll
0x00007ffef39b0000 - 0x00007ffef3a4c000 	C:\Windows\System32\sechost.dll
0x00007ffef3db0000 - 0x00007ffef3ed5000 	C:\Windows\System32\RPCRT4.dll
0x00007ffee5e40000 - 0x00007ffee5e49000 	C:\Windows\SYSTEM32\WSOCK32.dll
0x00007ffef3b30000 - 0x00007ffef3b9b000 	C:\Windows\System32\WS2_32.dll
0x00007ffee9350000 - 0x00007ffee935a000 	C:\Windows\SYSTEM32\VERSION.dll
0x00007ffee8260000 - 0x00007ffee8287000 	C:\Windows\SYSTEM32\WINMM.dll
0x00007ffeef8c0000 - 0x00007ffeef8d2000 	C:\Windows\SYSTEM32\kernel.appcore.dll
0x00007ffeed420000 - 0x00007ffeed42a000 	c:\Users\Wladi\.vscode\extensions\redhat.java-1.13.0-win32-x64\jre\17.0.5-win32-x86_64\bin\jimage.dll
0x00007ffeeaa90000 - 0x00007ffeeac74000 	C:\Windows\SYSTEM32\DBGHELP.DLL
0x00007ffee8120000 - 0x00007ffee8155000 	C:\Windows\SYSTEM32\dbgcore.DLL
0x00007ffef20a0000 - 0x00007ffef2122000 	C:\Windows\System32\bcryptPrimitives.dll
0x00007ffedcdf0000 - 0x00007ffedce15000 	c:\Users\Wladi\.vscode\extensions\redhat.java-1.13.0-win32-x64\jre\17.0.5-win32-x86_64\bin\java.dll
0x00007ffedcdd0000 - 0x00007ffedcde8000 	c:\Users\Wladi\.vscode\extensions\redhat.java-1.13.0-win32-x64\jre\17.0.5-win32-x86_64\bin\zip.dll
0x00007ffef29f0000 - 0x00007ffef3134000 	C:\Windows\System32\SHELL32.dll
0x00007ffeefac0000 - 0x00007ffef0252000 	C:\Windows\SYSTEM32\windows.storage.dll
0x00007ffef34a0000 - 0x00007ffef37f5000 	C:\Windows\System32\combase.dll
0x00007ffef1360000 - 0x00007ffef1390000 	C:\Windows\SYSTEM32\Wldp.dll
0x00007ffef3160000 - 0x00007ffef320d000 	C:\Windows\System32\SHCORE.dll
0x00007ffef3ee0000 - 0x00007ffef3f35000 	C:\Windows\System32\shlwapi.dll
0x00007ffef1920000 - 0x00007ffef193f000 	C:\Windows\SYSTEM32\profapi.dll
0x00007ffedcdb0000 - 0x00007ffedcdc9000 	C:\Users\Wladi\.vscode\extensions\redhat.java-1.13.0-win32-x64\jre\17.0.5-win32-x86_64\bin\net.dll
0x00007ffee9360000 - 0x00007ffee946c000 	C:\Windows\SYSTEM32\WINHTTP.dll
0x00007ffef10c0000 - 0x00007ffef112a000 	C:\Windows\system32\mswsock.dll
0x00007ffedcd90000 - 0x00007ffedcda5000 	C:\Users\Wladi\.vscode\extensions\redhat.java-1.13.0-win32-x64\jre\17.0.5-win32-x86_64\bin\nio.dll
0x00007ffee94d0000 - 0x00007ffee94e0000 	c:\Users\Wladi\.vscode\extensions\redhat.java-1.13.0-win32-x64\jre\17.0.5-win32-x86_64\bin\verify.dll
0x00007ffee8980000 - 0x00007ffee8989000 	C:\Users\Wladi\.vscode\extensions\redhat.java-1.13.0-win32-x64\jre\17.0.5-win32-x86_64\bin\management.dll
0x00007ffee8950000 - 0x00007ffee895b000 	C:\Users\Wladi\.vscode\extensions\redhat.java-1.13.0-win32-x64\jre\17.0.5-win32-x86_64\bin\management_ext.dll
0x00007ffef3ae0000 - 0x00007ffef3ae8000 	C:\Windows\System32\PSAPI.DLL
0x00007ffed80a0000 - 0x00007ffed80b7000 	C:\Windows\system32\napinsp.dll
0x00007ffed2730000 - 0x00007ffed274b000 	C:\Windows\system32\pnrpnsp.dll
0x00007ffece290000 - 0x00007ffece2a5000 	C:\Windows\system32\wshbth.dll
0x00007ffeed2b0000 - 0x00007ffeed2cd000 	C:\Windows\system32\NLAapi.dll
0x00007ffef0db0000 - 0x00007ffef0deb000 	C:\Windows\SYSTEM32\IPHLPAPI.DLL
0x00007ffef0df0000 - 0x00007ffef0eba000 	C:\Windows\SYSTEM32\DNSAPI.dll
0x00007ffef3af0000 - 0x00007ffef3af8000 	C:\Windows\System32\NSI.dll
0x00007ffece250000 - 0x00007ffece262000 	C:\Windows\System32\winrnr.dll
0x00007ffee20d0000 - 0x00007ffee20da000 	C:\Windows\System32\rasadhlp.dll
0x00007ffee6090000 - 0x00007ffee6110000 	C:\Windows\System32\fwpuclnt.dll
0x00007ffef22b0000 - 0x00007ffef22d7000 	C:\Windows\System32\bcrypt.dll
0x00007ffef12c0000 - 0x00007ffef12d8000 	C:\Windows\SYSTEM32\CRYPTSP.dll
0x00007ffef09e0000 - 0x00007ffef0a14000 	C:\Windows\system32\rsaenh.dll
0x00007ffef18a0000 - 0x00007ffef18ce000 	C:\Windows\SYSTEM32\USERENV.dll
0x00007ffef12b0000 - 0x00007ffef12bc000 	C:\Windows\SYSTEM32\CRYPTBASE.dll
0x00007ffeea400000 - 0x00007ffeea417000 	C:\Windows\SYSTEM32\dhcpcsvc6.DLL
0x00007ffeeb710000 - 0x00007ffeeb72d000 	C:\Windows\SYSTEM32\dhcpcsvc.DLL

dbghelp: loaded successfully - version: 4.0.5 - missing functions: none
symbol engine: initialized successfully - sym options: 0x614 - pdb path: .;c:\Users\Wladi\.vscode\extensions\redhat.java-1.13.0-win32-x64\jre\17.0.5-win32-x86_64\bin;C:\Windows\SYSTEM32;C:\Program Files\Avast Software\Avast;C:\Windows\WinSxS\amd64_microsoft.windows.common-controls_6595b64144ccf1df_6.0.19041.1110_none_60b5254171f9507e;c:\Users\Wladi\.vscode\extensions\redhat.java-1.13.0-win32-x64\jre\17.0.5-win32-x86_64\bin\server

VM Arguments:
jvm_args: -Dsts.lsp.client=vscode -Dsts.log.file=/dev/null -XX:TieredStopAtLevel=1 -Xlog:jni+resolve=off -Dspring.config.location=file:c:\Users\Wladi\.vscode\extensions\pivotal.vscode-spring-boot-1.42.0\language-server\BOOT-INF\classes\application.properties 
java_command: org.springframework.ide.vscode.boot.app.BootLanguageServerBootApp
java_class_path (initial): c:\Users\Wladi\.vscode\extensions\pivotal.vscode-spring-boot-1.42.0\language-server\BOOT-INF\classes;c:\Users\Wladi\.vscode\extensions\pivotal.vscode-spring-boot-1.42.0\language-server\BOOT-INF\lib\annotations-23.1.0.jar;c:\Users\Wladi\.vscode\extensions\pivotal.vscode-spring-boot-1.42.0\language-server\BOOT-INF\lib\ant-1.10.12.jar;c:\Users\Wladi\.vscode\extensions\pivotal.vscode-spring-boot-1.42.0\language-server\BOOT-INF\lib\ant-launcher-1.10.12.jar;c:\Users\Wladi\.vscode\extensions\pivotal.vscode-spring-boot-1.42.0\language-server\BOOT-INF\lib\antlr-runtime-3.5.2.jar;c:\Users\Wladi\.vscode\extensions\pivotal.vscode-spring-boot-1.42.0\language-server\BOOT-INF\lib\antlr4-4.9.3.jar;c:\Users\Wladi\.vscode\extensions\pivotal.vscode-spring-boot-1.42.0\language-server\BOOT-INF\lib\antlr4-runtime-4.9.3.jar;c:\Users\Wladi\.vscode\extensions\pivotal.vscode-spring-boot-1.42.0\language-server\BOOT-INF\lib\apiguardian-api-1.1.2.jar;c:\Users\Wladi\.vscode\extensions\pivotal.vscode-spring-boot-1.42.0\language-server\BOOT-INF\lib\asm-9.4.jar;c:\Users\Wladi\.vscode\extensions\pivotal.vscode-spring-boot-1.42.0\language-server\BOOT-INF\lib\asm-analysis-9.4.jar;c:\Users\Wladi\.vscode\extensions\pivotal.vscode-spring-boot-1.42.0\language-server\BOOT-INF\lib\asm-tree-9.4.jar;c:\Users\Wladi\.vscode\extensions\pivotal.vscode-spring-boot-1.42.0\language-server\BOOT-INF\lib\asm-util-9.4.jar;c:\Users\Wladi\.vscode\extensions\pivotal.vscode-spring-boot-1.42.0\language-server\BOOT-INF\lib\caffeine-2.9.3.jar;c:\Users\Wladi\.vscode\extensions\pivotal.vscode-spring-boot-1.42.0\language-server\BOOT-INF\lib\checker-qual-3.12.0.jar;c:\Users\Wladi\.vscode\extensions\pivotal.vscode-spring-boot-1.42.0\language-server\BOOT-INF\lib\ci-environment-9.1.0.jar;c:\Users\Wladi\.vscode\extensions\pivotal.vscode-spring-boot-1.42.0\language-server\BOOT-INF\lib\classgraph-4.8.149.jar;c:\Users\Wladi\.vscode\extensions\pivotal.vscode-spring-boot-1.42.0\language-server\BOOT-INF\lib\comm
Launcher Type: SUN_STANDARD

[Global flags]
     intx CICompilerCount                          = 3                                         {product} {ergonomic}
     uint ConcGCThreads                            = 1                                         {product} {ergonomic}
     uint G1ConcRefinementThreads                  = 4                                         {product} {ergonomic}
   size_t G1HeapRegionSize                         = 1048576                                   {product} {ergonomic}
    uintx GCDrainStackTargetSize                   = 64                                        {product} {ergonomic}
   size_t InitialHeapSize                          = 100663296                                 {product} {ergonomic}
   size_t MarkStackSize                            = 4194304                                   {product} {ergonomic}
   size_t MaxHeapSize                              = 1593835520                                {product} {ergonomic}
   size_t MaxNewSize                               = 956301312                                 {product} {ergonomic}
   size_t MinHeapDeltaBytes                        = 1048576                                   {product} {ergonomic}
   size_t MinHeapSize                              = 8388608                                   {product} {ergonomic}
    uintx NonProfiledCodeHeapSize                  = 0                                      {pd product} {ergonomic}
     bool ProfileInterpreter                       = false                                  {pd product} {command line}
    uintx ProfiledCodeHeapSize                     = 0                                      {pd product} {ergonomic}
   size_t SoftMaxHeapSize                          = 1593835520                             {manageable} {ergonomic}
     intx TieredStopAtLevel                        = 1                                         {product} {command line}
     bool UseCompressedClassPointers               = true                           {product lp64_product} {ergonomic}
     bool UseCompressedOops                        = true                           {product lp64_product} {ergonomic}
     bool UseG1GC                                  = true                                      {product} {ergonomic}
     bool UseLargePagesIndividualAllocation        = false                                  {pd product} {ergonomic}

Logging:
Log output configuration:
 #0: stdout all=warning,jni+resolve=off uptime,level,tags
 #1: stderr all=off uptime,level,tags

Environment Variables:
PATH=C:\Program Files\Common Files\Oracle\Java\javapath;C:\Windows\system32;C:\Windows;C:\Windows\System32\Wbem;C:\Windows\System32\WindowsPowerShell\v1.0\;C:\Windows\System32\OpenSSH\;C:\Users\Wladi\Documents\Executaveis\apache-maven-3.8.5\apache-maven\src\bin;C:\Program Files\Microsoft SQL Server\Client SDK\ODBC\130\Tools\Binn\;C:\Program Files (x86)\Microsoft SQL Server\140\Tools\Binn\;C:\Program Files\Microsoft SQL Server\140\Tools\Binn\;C:\Program Files\Microsoft SQL Server\140\DTS\Binn\;C:\Program Files (x86)\Microsoft SQL Server\150\DTS\Binn\;C:\Program Files\Git\cmd;C:\Program Files\MySQL\MySQL Shell 8.0\bin\;C:\Users\Wladi\AppData\Local\Microsoft\WindowsApps;C:\Users\Wladi\AppData\Local\Programs\Microsoft VS Code\bin;C:\Users\Wladi\Documents\Executaveis\apache-maven-3.8.5\bin;C:\Program Files\Azure Data Studio\bin
USERNAME=Wladi
OS=Windows_NT
PROCESSOR_IDENTIFIER=AMD64 Family 23 Model 24 Stepping 1, AuthenticAMD
TMP=C:\Users\Wladi\AppData\Local\Temp
TEMP=C:\Users\Wladi\AppData\Local\Temp



---------------  S Y S T E M  ---------------

OS:
 Windows 10 , 64 bit Build 19041 (10.0.19041.2364)
OS uptime: 12 days 18:18 hours

CPU: total 4 (initial active 4) (4 cores per cpu, 2 threads per core) family 23 model 24 stepping 1 microcode 0x0, cx8, cmov, fxsr, ht, mmx, 3dnowpref, sse, sse2, sse3, ssse3, sse4a, sse4.1, sse4.2, popcnt, lzcnt, tsc, tscinvbit, avx, avx2, aes, clmul, bmi1, bmi2, adx, sha, fma, vzeroupper, clflush, clflushopt

Memory: 4k page, system-wide physical 6075M (191M free)
TotalPageFile size 21258M (AvailPageFile size 411M)
current process WorkingSet (physical memory assigned to process): 341M, peak: 344M
current process commit charge ("private bytes"): 404M, peak: 904M

vm_info: OpenJDK 64-Bit Server VM (17.0.5+8) for windows-amd64 JRE (17.0.5+8), built on Oct 19 2022 04:48:13 by "temurin" with MS VC++ 16.7 (VS2019)

END.
